;  LST file generated by mikroListExporter - v.2.0 
; Date/Time: 11/06/2019 10:02:14 a. m.
;----------------------------------------------

;Address Opcode 	ASM
0x0000	0xF005EF16  	GOTO        2604
0x0004	0x0000      	NOP
0x0006	0x0000      	NOP
0x0008	0xF000EF00  	GOTO        0
0x000C	0x0000      	NOP
0x000E	0x0000      	NOP
0x0010	0x0000      	NOP
0x0012	0x0000      	NOP
0x0014	0x0000      	NOP
0x0016	0x0000      	NOP
0x0018	0xD7F3      	BRA         0
_FIXSIGN32:
;__Lib_MathDouble.c,117 :: 		
;__Lib_MathDouble.c,121 :: 		
0x001C	0xAE0A      	BTFSS       R10, 7, 0
;__Lib_MathDouble.c,122 :: 		
0x001E	0x9E02      	BCF         R2, 7, 0
;__Lib_MathDouble.c,123 :: 		
0x0020	0x0E00      	MOVLW       0
;__Lib_MathDouble.c,125 :: 		
L_end_FIXSIGN32:
0x0022	0x0012      	RETURN      0
; end of _FIXSIGN32
_SETFUN32:
;__Lib_MathDouble.c,144 :: 		
;__Lib_MathDouble.c,152 :: 		
0x0024	0x840B      	BSF         R11, 2, 0
;__Lib_MathDouble.c,153 :: 		
0x0026	0xAE0B      	BTFSS       R11, 7, 0
;__Lib_MathDouble.c,154 :: 		
0x0028	0xF000EF1D  	GOTO        SETFUN32EEE
;__Lib_MathDouble.c,156 :: 		
0x002C	0x0E01      	MOVLW       1
;__Lib_MathDouble.c,157 :: 		
0x002E	0x6E03      	MOVWF       R3, 0
;__Lib_MathDouble.c,158 :: 		
0x0030	0x6A02      	CLRF        R2, 0
;__Lib_MathDouble.c,159 :: 		
0x0032	0x6A01      	CLRF        R1, 0
;__Lib_MathDouble.c,160 :: 		
0x0034	0x6A00      	CLRF        R0, 0
;__Lib_MathDouble.c,161 :: 		
0x0036	0x360A      	RLCF        R10, 1, 0
;__Lib_MathDouble.c,162 :: 		
0x0038	0x3202      	RRCF        R2, 1, 0
;__Lib_MathDouble.c,163 :: 		
SETFUN32EEE:
;__Lib_MathDouble.c,164 :: 		
0x003A	0x0EFF      	MOVLW       255
;__Lib_MathDouble.c,166 :: 		
L_end_SETFUN32:
0x003C	0x0012      	RETURN      0
; end of _SETFUN32
_SETFOV32:
;__Lib_MathDouble.c,82 :: 		
;__Lib_MathDouble.c,90 :: 		
0x003E	0x820B      	BSF         R11, 1, 0
;__Lib_MathDouble.c,91 :: 		
0x0040	0xAE0B      	BTFSS       R11, 7, 0
;__Lib_MathDouble.c,92 :: 		
0x0042	0xF000EF29  	GOTO        SETFOV32EEE
;__Lib_MathDouble.c,94 :: 		
0x0046	0x6803      	SETF        R3, 0
;__Lib_MathDouble.c,95 :: 		
0x0048	0x6802      	SETF        R2, 0
;__Lib_MathDouble.c,96 :: 		
0x004A	0x6801      	SETF        R1, 0
;__Lib_MathDouble.c,97 :: 		
0x004C	0x6800      	SETF        R0, 0
;__Lib_MathDouble.c,98 :: 		
0x004E	0x360A      	RLCF        R10, 1, 0
;__Lib_MathDouble.c,99 :: 		
0x0050	0x3202      	RRCF        R2, 1, 0
;__Lib_MathDouble.c,100 :: 		
SETFOV32EEE:
;__Lib_MathDouble.c,101 :: 		
0x0052	0x0EFF      	MOVLW       255
;__Lib_MathDouble.c,103 :: 		
L_end_SETFOV32:
0x0054	0x0012      	RETURN      0
; end of _SETFOV32
_RES032:
;__Lib_MathDouble.c,128 :: 		
;__Lib_MathDouble.c,134 :: 		
0x0056	0x6A02      	CLRF        R2, 0
;__Lib_MathDouble.c,135 :: 		
0x0058	0x6A01      	CLRF        R1, 0
;__Lib_MathDouble.c,136 :: 		
0x005A	0x6A00      	CLRF        R0, 0
;__Lib_MathDouble.c,137 :: 		
0x005C	0x6A08      	CLRF        R8, 0
;__Lib_MathDouble.c,138 :: 		
0x005E	0x6A03      	CLRF        R3, 0
;__Lib_MathDouble.c,139 :: 		
0x0060	0x0E00      	MOVLW       0
;__Lib_MathDouble.c,141 :: 		
L_end_RES032:
0x0062	0x0012      	RETURN      0
; end of _RES032
_NRM4032:
;__Lib_MathDouble.c,174 :: 		
;__Lib_MathDouble.c,183 :: 		
0x0064	0xB00C      	BTFSC       R12, 0, 0
;__Lib_MathDouble.c,184 :: 		
0x0066	0xF000EF74  	GOTO        NRMRND4032
;__Lib_MathDouble.c,185 :: 		
0x006A	0xA20C      	BTFSS       R12, 1, 0
;__Lib_MathDouble.c,186 :: 		
0x006C	0xF001EF1A  	GOTO        NRM40JPSETFOV32
;__Lib_MathDouble.c,188 :: 		
0x0070	0x6A0E      	CLRF        R14, 0
;__Lib_MathDouble.c,189 :: 		
0x0072	0x0E00      	MOVLW       0
;__Lib_MathDouble.c,190 :: 		
0x0074	0x6402      	CPFSGT      R2, 0
;__Lib_MathDouble.c,191 :: 		
0x0076	0xF000EF8B  	GOTO        NRM4032A
;__Lib_MathDouble.c,194 :: 		
0x007A	0x0EF0      	MOVLW       240
;__Lib_MathDouble.c,195 :: 		
0x007C	0x1402      	ANDWF       R2, 0, 0
;__Lib_MathDouble.c,196 :: 		
0x007E	0xA4D8      	BTFSS       STATUS, 2, 0
;__Lib_MathDouble.c,197 :: 		
0x0080	0xF000EF56  	GOTO        NORM4032
;__Lib_MathDouble.c,199 :: 		
0x0084	0x3A02      	SWAPF       R2, 1, 0
;__Lib_MathDouble.c,200 :: 		
0x0086	0x3801      	SWAPF       R1, 0, 0
;__Lib_MathDouble.c,201 :: 		
0x0088	0x0B0F      	ANDLW       15
;__Lib_MathDouble.c,202 :: 		
0x008A	0x2602      	ADDWF       R2, 1, 0
;__Lib_MathDouble.c,204 :: 		
0x008C	0x3801      	SWAPF       R1, 0, 0
;__Lib_MathDouble.c,205 :: 		
0x008E	0x0BF0      	ANDLW       240
;__Lib_MathDouble.c,206 :: 		
0x0090	0x6E01      	MOVWF       R1, 0
;__Lib_MathDouble.c,207 :: 		
0x0092	0x3800      	SWAPF       R0, 0, 0
;__Lib_MathDouble.c,208 :: 		
0x0094	0x0B0F      	ANDLW       15
;__Lib_MathDouble.c,209 :: 		
0x0096	0x2601      	ADDWF       R1, 1, 0
;__Lib_MathDouble.c,211 :: 		
0x0098	0x3800      	SWAPF       R0, 0, 0
;__Lib_MathDouble.c,212 :: 		
0x009A	0x0BF0      	ANDLW       240
;__Lib_MathDouble.c,213 :: 		
0x009C	0x6E00      	MOVWF       R0, 0
;__Lib_MathDouble.c,214 :: 		
0x009E	0x3808      	SWAPF       R8, 0, 0
;__Lib_MathDouble.c,215 :: 		
0x00A0	0x0B0F      	ANDLW       15
;__Lib_MathDouble.c,216 :: 		
0x00A2	0x2600      	ADDWF       R0, 1, 0
;__Lib_MathDouble.c,218 :: 		
0x00A4	0x3808      	SWAPF       R8, 0, 0
;__Lib_MathDouble.c,219 :: 		
0x00A6	0x0BF0      	ANDLW       240
;__Lib_MathDouble.c,220 :: 		
0x00A8	0x6E08      	MOVWF       R8, 0
;__Lib_MathDouble.c,222 :: 		
0x00AA	0x840E      	BSF         R14, 2, 0
;__Lib_MathDouble.c,224 :: 		
NORM4032:
;__Lib_MathDouble.c,225 :: 		
0x00AC	0x90D8      	BCF         STATUS, 0, 0
;__Lib_MathDouble.c,227 :: 		
0x00AE	0xBE02      	BTFSC       R2, 7, 0
;__Lib_MathDouble.c,228 :: 		
0x00B0	0xF000EF6F  	GOTO        TNORMUN4032
;__Lib_MathDouble.c,229 :: 		
0x00B4	0x3608      	RLCF        R8, 1, 0
;__Lib_MathDouble.c,230 :: 		
0x00B6	0x3600      	RLCF        R0, 1, 0
;__Lib_MathDouble.c,231 :: 		
0x00B8	0x3601      	RLCF        R1, 1, 0
;__Lib_MathDouble.c,232 :: 		
0x00BA	0x3602      	RLCF        R2, 1, 0
;__Lib_MathDouble.c,233 :: 		
0x00BC	0x2A0E      	INCF        R14, 1, 0
;__Lib_MathDouble.c,234 :: 		
0x00BE	0xBE02      	BTFSC       R2, 7, 0
;__Lib_MathDouble.c,235 :: 		
0x00C0	0xF000EF6F  	GOTO        TNORMUN4032
;__Lib_MathDouble.c,236 :: 		
0x00C4	0x3608      	RLCF        R8, 1, 0
;__Lib_MathDouble.c,237 :: 		
0x00C6	0x3600      	RLCF        R0, 1, 0
;__Lib_MathDouble.c,238 :: 		
0x00C8	0x3601      	RLCF        R1, 1, 0
;__Lib_MathDouble.c,239 :: 		
0x00CA	0x3602      	RLCF        R2, 1, 0
;__Lib_MathDouble.c,240 :: 		
0x00CC	0x2A0E      	INCF        R14, 1, 0
;__Lib_MathDouble.c,241 :: 		
0x00CE	0xBE02      	BTFSC       R2, 7, 0
;__Lib_MathDouble.c,242 :: 		
0x00D0	0xF000EF6F  	GOTO        TNORMUN4032
;__Lib_MathDouble.c,243 :: 		
0x00D4	0x3608      	RLCF        R8, 1, 0
;__Lib_MathDouble.c,244 :: 		
0x00D6	0x3600      	RLCF        R0, 1, 0
;__Lib_MathDouble.c,245 :: 		
0x00D8	0x3601      	RLCF        R1, 1, 0
;__Lib_MathDouble.c,246 :: 		
0x00DA	0x3602      	RLCF        R2, 1, 0
;__Lib_MathDouble.c,247 :: 		
0x00DC	0x2A0E      	INCF        R14, 1, 0
;__Lib_MathDouble.c,249 :: 		
TNORMUN4032:
;__Lib_MathDouble.c,250 :: 		
0x00DE	0x500E      	MOVF        R14, 0, 0
;__Lib_MathDouble.c,251 :: 		
0x00E0	0x6403      	CPFSGT      R3, 0
;__Lib_MathDouble.c,252 :: 		
0x00E2	0xF001EF10  	GOTO        NRM40JPSETFUN32
;__Lib_MathDouble.c,253 :: 		
0x00E6	0x5E03      	SUBWF       R3, 1, 0
;__Lib_MathDouble.c,255 :: 		
NRMRND4032:
;__Lib_MathDouble.c,256 :: 		
0x00E8	0xBC0B      	BTFSC       R11, 6, 0
;__Lib_MathDouble.c,257 :: 		
0x00EA	0xAE08      	BTFSS       R8, 7, 0
;__Lib_MathDouble.c,258 :: 		
0x00EC	0xF001EF15  	GOTO        NRM40JPFIXSIGN32
;__Lib_MathDouble.c,259 :: 		
0x00F0	0x80D8      	BSF         STATUS, 0, 0
;__Lib_MathDouble.c,260 :: 		
0x00F2	0x0E80      	MOVLW       128
;__Lib_MathDouble.c,261 :: 		
0x00F4	0x6408      	CPFSGT      R8, 0
;__Lib_MathDouble.c,262 :: 		
0x00F6	0x3000      	RRCF        R0, 0, 0
;__Lib_MathDouble.c,263 :: 		
0x00F8	0x0E00      	MOVLW       0
;__Lib_MathDouble.c,264 :: 		
0x00FA	0x2200      	ADDWFC      R0, 1, 0
;__Lib_MathDouble.c,265 :: 		
0x00FC	0x2201      	ADDWFC      R1, 1, 0
;__Lib_MathDouble.c,266 :: 		
0x00FE	0x2202      	ADDWFC      R2, 1, 0
;__Lib_MathDouble.c,268 :: 		
0x0100	0xA0D8      	BTFSS       STATUS, 0, 0
;__Lib_MathDouble.c,269 :: 		
0x0102	0xF001EF15  	GOTO        NRM40JPFIXSIGN32
;__Lib_MathDouble.c,270 :: 		
0x0106	0x3202      	RRCF        R2, 1, 0
;__Lib_MathDouble.c,271 :: 		
0x0108	0x3201      	RRCF        R1, 1, 0
;__Lib_MathDouble.c,272 :: 		
0x010A	0x3200      	RRCF        R0, 1, 0
;__Lib_MathDouble.c,273 :: 		
0x010C	0x4A03      	INFSNZ      R3, 1, 0
;__Lib_MathDouble.c,274 :: 		
0x010E	0xF001EF1A  	GOTO        NRM40JPSETFOV32
;__Lib_MathDouble.c,275 :: 		
0x0112	0xF001EF15  	GOTO        NRM40JPFIXSIGN32
;__Lib_MathDouble.c,277 :: 		
NRM4032A:
;__Lib_MathDouble.c,278 :: 		
0x0116	0xF002C001  	MOVFF       R1, R2
;__Lib_MathDouble.c,279 :: 		
0x011A	0xF001C000  	MOVFF       R0, R1
;__Lib_MathDouble.c,280 :: 		
0x011E	0xF000C008  	MOVFF       R8, R0
;__Lib_MathDouble.c,281 :: 		
0x0122	0x6A08      	CLRF        R8, 0
;__Lib_MathDouble.c,282 :: 		
0x0124	0x0E00      	MOVLW       0
;__Lib_MathDouble.c,283 :: 		
0x0126	0x860E      	BSF         R14, 3, 0
;__Lib_MathDouble.c,284 :: 		
0x0128	0x6402      	CPFSGT      R2, 0
;__Lib_MathDouble.c,285 :: 		
0x012A	0xF000EFC2  	GOTO        NRM4032B
;__Lib_MathDouble.c,288 :: 		
0x012E	0x0EF0      	MOVLW       240
;__Lib_MathDouble.c,289 :: 		
0x0130	0x1402      	ANDWF       R2, 0, 0
;__Lib_MathDouble.c,290 :: 		
0x0132	0xA4D8      	BTFSS       STATUS, 2, 0
;__Lib_MathDouble.c,291 :: 		
0x0134	0xF000EFAA  	GOTO        NORM4032A
;__Lib_MathDouble.c,292 :: 		
0x0138	0x3A02      	SWAPF       R2, 1, 0
;__Lib_MathDouble.c,293 :: 		
0x013A	0x3801      	SWAPF       R1, 0, 0
;__Lib_MathDouble.c,294 :: 		
0x013C	0x0B0F      	ANDLW       15
;__Lib_MathDouble.c,295 :: 		
0x013E	0x2602      	ADDWF       R2, 1, 0
;__Lib_MathDouble.c,297 :: 		
0x0140	0x3801      	SWAPF       R1, 0, 0
;__Lib_MathDouble.c,298 :: 		
0x0142	0x0BF0      	ANDLW       240
;__Lib_MathDouble.c,299 :: 		
0x0144	0x6E01      	MOVWF       R1, 0
;__Lib_MathDouble.c,300 :: 		
0x0146	0x3800      	SWAPF       R0, 0, 0
;__Lib_MathDouble.c,301 :: 		
0x0148	0x0B0F      	ANDLW       15
;__Lib_MathDouble.c,302 :: 		
0x014A	0x2601      	ADDWF       R1, 1, 0
;__Lib_MathDouble.c,304 :: 		
0x014C	0x3800      	SWAPF       R0, 0, 0
;__Lib_MathDouble.c,305 :: 		
0x014E	0x0BF0      	ANDLW       240
;__Lib_MathDouble.c,306 :: 		
0x0150	0x6E00      	MOVWF       R0, 0
;__Lib_MathDouble.c,308 :: 		
0x0152	0x840E      	BSF         R14, 2, 0
;__Lib_MathDouble.c,310 :: 		
NORM4032A:
;__Lib_MathDouble.c,311 :: 		
0x0154	0x90D8      	BCF         STATUS, 0, 0
;__Lib_MathDouble.c,313 :: 		
0x0156	0xBE02      	BTFSC       R2, 7, 0
;__Lib_MathDouble.c,314 :: 		
0x0158	0xF000EF6F  	GOTO        TNORMUN4032
;__Lib_MathDouble.c,315 :: 		
0x015C	0x3600      	RLCF        R0, 1, 0
;__Lib_MathDouble.c,316 :: 		
0x015E	0x3601      	RLCF        R1, 1, 0
;__Lib_MathDouble.c,317 :: 		
0x0160	0x3602      	RLCF        R2, 1, 0
;__Lib_MathDouble.c,318 :: 		
0x0162	0x2A0E      	INCF        R14, 1, 0
;__Lib_MathDouble.c,319 :: 		
0x0164	0xBE02      	BTFSC       R2, 7, 0
;__Lib_MathDouble.c,320 :: 		
0x0166	0xF000EF6F  	GOTO        TNORMUN4032
;__Lib_MathDouble.c,321 :: 		
0x016A	0x3600      	RLCF        R0, 1, 0
;__Lib_MathDouble.c,322 :: 		
0x016C	0x3601      	RLCF        R1, 1, 0
;__Lib_MathDouble.c,323 :: 		
0x016E	0x3602      	RLCF        R2, 1, 0
;__Lib_MathDouble.c,324 :: 		
0x0170	0x2A0E      	INCF        R14, 1, 0
;__Lib_MathDouble.c,325 :: 		
0x0172	0xBE02      	BTFSC       R2, 7, 0
;__Lib_MathDouble.c,326 :: 		
0x0174	0xF000EF6F  	GOTO        TNORMUN4032
;__Lib_MathDouble.c,327 :: 		
0x0178	0x3600      	RLCF        R0, 1, 0
;__Lib_MathDouble.c,328 :: 		
0x017A	0x3601      	RLCF        R1, 1, 0
;__Lib_MathDouble.c,329 :: 		
0x017C	0x3602      	RLCF        R2, 1, 0
;__Lib_MathDouble.c,330 :: 		
0x017E	0x2A0E      	INCF        R14, 1, 0
;__Lib_MathDouble.c,331 :: 		
0x0180	0xF000EF6F  	GOTO        TNORMUN4032
;__Lib_MathDouble.c,333 :: 		
NRM4032B:
;__Lib_MathDouble.c,334 :: 		
0x0184	0xF002C001  	MOVFF       R1, R2
;__Lib_MathDouble.c,335 :: 		
0x0188	0xF001C000  	MOVFF       R0, R1
;__Lib_MathDouble.c,336 :: 		
0x018C	0x6A00      	CLRF        R0, 0
;__Lib_MathDouble.c,337 :: 		
0x018E	0x0E00      	MOVLW       0
;__Lib_MathDouble.c,338 :: 		
0x0190	0x960E      	BCF         R14, 3, 0
;__Lib_MathDouble.c,339 :: 		
0x0192	0x880E      	BSF         R14, 4, 0
;__Lib_MathDouble.c,340 :: 		
0x0194	0x6402      	CPFSGT      R2, 0
;__Lib_MathDouble.c,341 :: 		
0x0196	0xF000EFEF  	GOTO        NRM4032C
;__Lib_MathDouble.c,344 :: 		
0x019A	0x0EF0      	MOVLW       240
;__Lib_MathDouble.c,345 :: 		
0x019C	0x1402      	ANDWF       R2, 0, 0
;__Lib_MathDouble.c,346 :: 		
0x019E	0xA4D8      	BTFSS       STATUS, 2, 0
;__Lib_MathDouble.c,347 :: 		
0x01A0	0xF000EFDA  	GOTO        NORM4032B
;__Lib_MathDouble.c,349 :: 		
0x01A4	0x3A02      	SWAPF       R2, 1, 0
;__Lib_MathDouble.c,350 :: 		
0x01A6	0x3801      	SWAPF       R1, 0, 0
;__Lib_MathDouble.c,351 :: 		
0x01A8	0x0B0F      	ANDLW       15
;__Lib_MathDouble.c,352 :: 		
0x01AA	0x2602      	ADDWF       R2, 1, 0
;__Lib_MathDouble.c,354 :: 		
0x01AC	0x3801      	SWAPF       R1, 0, 0
;__Lib_MathDouble.c,355 :: 		
0x01AE	0x0BF0      	ANDLW       240
;__Lib_MathDouble.c,356 :: 		
0x01B0	0x6E01      	MOVWF       R1, 0
;__Lib_MathDouble.c,358 :: 		
0x01B2	0x840E      	BSF         R14, 2, 0
;__Lib_MathDouble.c,360 :: 		
NORM4032B:
;__Lib_MathDouble.c,361 :: 		
0x01B4	0x90D8      	BCF         STATUS, 0, 0
;__Lib_MathDouble.c,362 :: 		
0x01B6	0xBE02      	BTFSC       R2, 7, 0
;__Lib_MathDouble.c,363 :: 		
0x01B8	0xF000EF6F  	GOTO        TNORMUN4032
;__Lib_MathDouble.c,364 :: 		
0x01BC	0x3601      	RLCF        R1, 1, 0
;__Lib_MathDouble.c,365 :: 		
0x01BE	0x3602      	RLCF        R2, 1, 0
;__Lib_MathDouble.c,366 :: 		
0x01C0	0x2A0E      	INCF        R14, 1, 0
;__Lib_MathDouble.c,367 :: 		
0x01C2	0xBE02      	BTFSC       R2, 7, 0
;__Lib_MathDouble.c,368 :: 		
0x01C4	0xF000EF6F  	GOTO        TNORMUN4032
;__Lib_MathDouble.c,369 :: 		
0x01C8	0x3601      	RLCF        R1, 1, 0
;__Lib_MathDouble.c,370 :: 		
0x01CA	0x3602      	RLCF        R2, 1, 0
;__Lib_MathDouble.c,371 :: 		
0x01CC	0x2A0E      	INCF        R14, 1, 0
;__Lib_MathDouble.c,372 :: 		
0x01CE	0xBE02      	BTFSC       R2, 7, 0
;__Lib_MathDouble.c,373 :: 		
0x01D0	0xF000EF6F  	GOTO        TNORMUN4032
;__Lib_MathDouble.c,374 :: 		
0x01D4	0x3601      	RLCF        R1, 1, 0
;__Lib_MathDouble.c,375 :: 		
0x01D6	0x3602      	RLCF        R2, 1, 0
;__Lib_MathDouble.c,376 :: 		
0x01D8	0x2A0E      	INCF        R14, 1, 0
;__Lib_MathDouble.c,377 :: 		
0x01DA	0xF000EF6F  	GOTO        TNORMUN4032
;__Lib_MathDouble.c,379 :: 		
NRM4032C:
;__Lib_MathDouble.c,380 :: 		
0x01DE	0xF002C001  	MOVFF       R1, R2
;__Lib_MathDouble.c,381 :: 		
0x01E2	0x6A01      	CLRF        R1, 0
;__Lib_MathDouble.c,382 :: 		
0x01E4	0x0E00      	MOVLW       0
;__Lib_MathDouble.c,383 :: 		
0x01E6	0x860E      	BSF         R14, 3, 0
;__Lib_MathDouble.c,384 :: 		
0x01E8	0x6402      	CPFSGT      R2, 0
;__Lib_MathDouble.c,385 :: 		
0x01EA	0xF001EF1F  	GOTO        NRM40JPRES032
;__Lib_MathDouble.c,388 :: 		
0x01EE	0x0EF0      	MOVLW       240
;__Lib_MathDouble.c,389 :: 		
0x01F0	0x1402      	ANDWF       R2, 0, 0
;__Lib_MathDouble.c,390 :: 		
0x01F2	0xA4D8      	BTFSS       STATUS, 2, 0
;__Lib_MathDouble.c,391 :: 		
0x01F4	0xF000EFFE  	GOTO        NORM4032C
;__Lib_MathDouble.c,392 :: 		
0x01F8	0x3A02      	SWAPF       R2, 1, 0
;__Lib_MathDouble.c,394 :: 		
0x01FA	0x840E      	BSF         R14, 2, 0
;__Lib_MathDouble.c,396 :: 		
NORM4032C:
;__Lib_MathDouble.c,397 :: 		
0x01FC	0x90D8      	BCF         STATUS, 0, 0
;__Lib_MathDouble.c,399 :: 		
0x01FE	0xBE02      	BTFSC       R2, 7, 0
;__Lib_MathDouble.c,400 :: 		
0x0200	0xF000EF6F  	GOTO        TNORMUN4032
;__Lib_MathDouble.c,401 :: 		
0x0204	0x3602      	RLCF        R2, 1, 0
;__Lib_MathDouble.c,402 :: 		
0x0206	0x2A0E      	INCF        R14, 1, 0
;__Lib_MathDouble.c,403 :: 		
0x0208	0xBE02      	BTFSC       R2, 7, 0
;__Lib_MathDouble.c,404 :: 		
0x020A	0xF000EF6F  	GOTO        TNORMUN4032
;__Lib_MathDouble.c,405 :: 		
0x020E	0x3602      	RLCF        R2, 1, 0
;__Lib_MathDouble.c,406 :: 		
0x0210	0x2A0E      	INCF        R14, 1, 0
;__Lib_MathDouble.c,407 :: 		
0x0212	0xBE02      	BTFSC       R2, 7, 0
;__Lib_MathDouble.c,408 :: 		
0x0214	0xF000EF6F  	GOTO        TNORMUN4032
;__Lib_MathDouble.c,409 :: 		
0x0218	0x3602      	RLCF        R2, 1, 0
;__Lib_MathDouble.c,410 :: 		
0x021A	0x2A0E      	INCF        R14, 1, 0
;__Lib_MathDouble.c,411 :: 		
0x021C	0xF000EF6F  	GOTO        TNORMUN4032
;__Lib_MathDouble.c,413 :: 		
NRM40JPSETFUN32:
;__Lib_MathDouble.c,414 :: 		
0x0220	0x0E01      	MOVLW       1
;__Lib_MathDouble.c,415 :: 		
0x0222	0x6E0C      	MOVWF       R12, 0
;__Lib_MathDouble.c,417 :: 		
0x0224	0xDEFF      	RCALL       _SETFUN32
;__Lib_MathDouble.c,419 :: 		
0x0226	0xF001EF22  	GOTO        NRM40EEE
;__Lib_MathDouble.c,420 :: 		
NRM40JPFIXSIGN32:
;__Lib_MathDouble.c,421 :: 		
0x022A	0x0E02      	MOVLW       2
;__Lib_MathDouble.c,422 :: 		
0x022C	0x6E0C      	MOVWF       R12, 0
;__Lib_MathDouble.c,424 :: 		
0x022E	0xDEF6      	RCALL       _FIXSIGN32
;__Lib_MathDouble.c,426 :: 		
0x0230	0xF001EF22  	GOTO        NRM40EEE
;__Lib_MathDouble.c,427 :: 		
NRM40JPSETFOV32:
;__Lib_MathDouble.c,428 :: 		
0x0234	0x0E04      	MOVLW       4
;__Lib_MathDouble.c,429 :: 		
0x0236	0x6E0C      	MOVWF       R12, 0
;__Lib_MathDouble.c,431 :: 		
0x0238	0xDF02      	RCALL       _SETFOV32
;__Lib_MathDouble.c,433 :: 		
0x023A	0xF001EF22  	GOTO        NRM40EEE
;__Lib_MathDouble.c,434 :: 		
NRM40JPRES032:
;__Lib_MathDouble.c,435 :: 		
0x023E	0x0E08      	MOVLW       8
;__Lib_MathDouble.c,436 :: 		
0x0240	0x6E0C      	MOVWF       R12, 0
;__Lib_MathDouble.c,438 :: 		
0x0242	0xDF09      	RCALL       _RES032
;__Lib_MathDouble.c,440 :: 		
NRM40EEE:
;__Lib_MathDouble.c,448 :: 		
L_end_NRM4032:
0x0244	0x0012      	RETURN      0
; end of _NRM4032
_SETFDZ32:
;__Lib_MathDouble.c,106 :: 		
;__Lib_MathDouble.c,110 :: 		
0x0246	0x6A0B      	CLRF        R11, 0
;__Lib_MathDouble.c,111 :: 		
0x0248	0x860B      	BSF         R11, 3, 0
;__Lib_MathDouble.c,112 :: 		
0x024A	0x0EFF      	MOVLW       255
;__Lib_MathDouble.c,114 :: 		
L_end_SETFDZ32:
0x024C	0x0012      	RETURN      0
; end of _SETFDZ32
_I2C1_Is_Idle:
;__Lib_I2C_b10.c,29 :: 		
;__Lib_I2C_b10.c,30 :: 		
0x024E	0xB4C7      	BTFSC       SSPSTAT, 2 
0x0250	0xD009      	BRA         L_I2C1_Is_Idle0
;__Lib_I2C_b10.c,31 :: 		
0x0252	0x0E1F      	MOVLW       31
0x0254	0x14C5      	ANDWF       SSPCON2, 0 
0x0256	0x6E01      	MOVWF       R1 
0x0258	0x5001      	MOVF        R1, 0 
0x025A	0x0A00      	XORLW       0
0x025C	0xE103      	BNZ         L_I2C1_Is_Idle1
;__Lib_I2C_b10.c,32 :: 		
0x025E	0x0E01      	MOVLW       1
0x0260	0x6E00      	MOVWF       R0 
0x0262	0xD001      	BRA         L_end_I2C1_Is_Idle
L_I2C1_Is_Idle1:
L_I2C1_Is_Idle0:
;__Lib_I2C_b10.c,33 :: 		
0x0264	0x6A00      	CLRF        R0 
;__Lib_I2C_b10.c,34 :: 		
L_end_I2C1_Is_Idle:
0x0266	0x0012      	RETURN      0
; end of _I2C1_Is_Idle
_NRM3232:
;__Lib_MathDouble.c,455 :: 		
;__Lib_MathDouble.c,463 :: 		
0x0268	0x6A0C      	CLRF        R12, 0
;__Lib_MathDouble.c,464 :: 		
0x026A	0x6A0E      	CLRF        R14, 0
;__Lib_MathDouble.c,465 :: 		
0x026C	0x5002      	MOVF        R2, 0, 0
;__Lib_MathDouble.c,466 :: 		
0x026E	0xA4D8      	BTFSS       STATUS, 2, 0
;__Lib_MathDouble.c,467 :: 		
0x0270	0xF001EF4D  	GOTO        NORM3232
;__Lib_MathDouble.c,468 :: 		
0x0274	0xF002C001  	MOVFF       R1, R2
;__Lib_MathDouble.c,469 :: 		
0x0278	0xF001C000  	MOVFF       R0, R1
;__Lib_MathDouble.c,470 :: 		
0x027C	0x6A00      	CLRF        R0, 0
;__Lib_MathDouble.c,471 :: 		
0x027E	0x860E      	BSF         R14, 3, 0
;__Lib_MathDouble.c,473 :: 		
0x0280	0x5002      	MOVF        R2, 0, 0
;__Lib_MathDouble.c,474 :: 		
0x0282	0xA4D8      	BTFSS       STATUS, 2, 0
;__Lib_MathDouble.c,475 :: 		
0x0284	0xF001EF4D  	GOTO        NORM3232
;__Lib_MathDouble.c,476 :: 		
0x0288	0xF002C001  	MOVFF       R1, R2
;__Lib_MathDouble.c,477 :: 		
0x028C	0x6A01      	CLRF        R1, 0
;__Lib_MathDouble.c,478 :: 		
0x028E	0x960E      	BCF         R14, 3, 0
;__Lib_MathDouble.c,479 :: 		
0x0290	0x880E      	BSF         R14, 4, 0
;__Lib_MathDouble.c,481 :: 		
0x0292	0x5002      	MOVF        R2, 0, 0
;__Lib_MathDouble.c,482 :: 		
0x0294	0xB4D8      	BTFSC       STATUS, 2, 0
;__Lib_MathDouble.c,483 :: 		
0x0296	0xF001EF5F  	GOTO        JPNRES032
;__Lib_MathDouble.c,484 :: 		
NORM3232:
;__Lib_MathDouble.c,485 :: 		
0x029A	0x500E      	MOVF        R14, 0, 0
;__Lib_MathDouble.c,486 :: 		
0x029C	0x5E03      	SUBWF       R3, 1, 0
;__Lib_MathDouble.c,487 :: 		
0x029E	0xA4D8      	BTFSS       STATUS, 2, 0
;__Lib_MathDouble.c,488 :: 		
0x02A0	0xA0D8      	BTFSS       STATUS, 0, 0
;__Lib_MathDouble.c,489 :: 		
0x02A2	0xF001EF64  	GOTO        JPNSETFUN32
;__Lib_MathDouble.c,490 :: 		
0x02A6	0x90D8      	BCF         STATUS, 0, 0
;__Lib_MathDouble.c,491 :: 		
NORM3232A:
;__Lib_MathDouble.c,492 :: 		
0x02A8	0xBE02      	BTFSC       R2, 7, 0
;__Lib_MathDouble.c,493 :: 		
0x02AA	0xF001EF69  	GOTO        JMPNFIXSIGN32
;__Lib_MathDouble.c,494 :: 		
0x02AE	0x3600      	RLCF        R0, 1, 0
;__Lib_MathDouble.c,495 :: 		
0x02B0	0x3601      	RLCF        R1, 1, 0
;__Lib_MathDouble.c,496 :: 		
0x02B2	0x3602      	RLCF        R2, 1, 0
;__Lib_MathDouble.c,497 :: 		
0x02B4	0x2E03      	DECFSZ      R3, 1, 0
;__Lib_MathDouble.c,498 :: 		
0x02B6	0xF001EF54  	GOTO        NORM3232A
;__Lib_MathDouble.c,499 :: 		
0x02BA	0xF001EF64  	GOTO        JPNSETFUN32
;__Lib_MathDouble.c,500 :: 		
JPNRES032:
;__Lib_MathDouble.c,501 :: 		
0x02BE	0x0E01      	MOVLW       1
;__Lib_MathDouble.c,502 :: 		
0x02C0	0x6E0C      	MOVWF       R12, 0
;__Lib_MathDouble.c,504 :: 		
0x02C2	0xDEC9      	RCALL       _RES032
;__Lib_MathDouble.c,506 :: 		
0x02C4	0xF001EF6C  	GOTO        NORM32EEE
;__Lib_MathDouble.c,507 :: 		
JPNSETFUN32:
;__Lib_MathDouble.c,508 :: 		
0x02C8	0x0E02      	MOVLW       2
;__Lib_MathDouble.c,509 :: 		
0x02CA	0x6E0C      	MOVWF       R12, 0
;__Lib_MathDouble.c,511 :: 		
0x02CC	0xDEAB      	RCALL       _SETFUN32
;__Lib_MathDouble.c,513 :: 		
0x02CE	0xF001EF6C  	GOTO        NORM32EEE
;__Lib_MathDouble.c,514 :: 		
JMPNFIXSIGN32:
;__Lib_MathDouble.c,515 :: 		
0x02D2	0x0E04      	MOVLW       4
;__Lib_MathDouble.c,516 :: 		
0x02D4	0x6E0C      	MOVWF       R12, 0
;__Lib_MathDouble.c,518 :: 		
0x02D6	0xDEA2      	RCALL       _FIXSIGN32
;__Lib_MathDouble.c,520 :: 		
NORM32EEE:
;__Lib_MathDouble.c,527 :: 		
L_end_NRM3232:
0x02D8	0x0012      	RETURN      0
; end of _NRM3232
_Add_32x32_FP:
;__Lib_MathDouble.c,563 :: 		
;__Lib_MathDouble.c,578 :: 		
0x02DA	0x5002      	MOVF        R2, 0, 0
;__Lib_MathDouble.c,579 :: 		
0x02DC	0x1806      	XORWF       R6, 0, 0
;__Lib_MathDouble.c,580 :: 		
0x02DE	0x6E0E      	MOVWF       R14, 0
;__Lib_MathDouble.c,582 :: 		
0x02E0	0x6A08      	CLRF        R8, 0
;__Lib_MathDouble.c,583 :: 		
0x02E2	0x6A09      	CLRF        R9, 0
;__Lib_MathDouble.c,584 :: 		
0x02E4	0x6A0B      	CLRF        R11, 0
;__Lib_MathDouble.c,586 :: 		
0x02E6	0x5003      	MOVF        R3, 0, 0
;__Lib_MathDouble.c,587 :: 		
0x02E8	0x6407      	CPFSGT      R7, 0
;__Lib_MathDouble.c,588 :: 		
0x02EA	0xF002EF60  	GOTO        USEA32
;__Lib_MathDouble.c,591 :: 		
0x02EE	0x5006      	MOVF        R6, 0, 0
;__Lib_MathDouble.c,592 :: 		
0x02F0	0x6E0A      	MOVWF       R10, 0
;__Lib_MathDouble.c,593 :: 		
0x02F2	0x8E06      	BSF         R6, 7, 0
;__Lib_MathDouble.c,594 :: 		
0x02F4	0x8E02      	BSF         R2, 7, 0
;__Lib_MathDouble.c,596 :: 		
0x02F6	0x5003      	MOVF        R3, 0, 0
;__Lib_MathDouble.c,597 :: 		
0x02F8	0x6E0B      	MOVWF       R11, 0
;__Lib_MathDouble.c,598 :: 		
0x02FA	0x5007      	MOVF        R7, 0, 0
;__Lib_MathDouble.c,599 :: 		
0x02FC	0x6E03      	MOVWF       R3, 0
;__Lib_MathDouble.c,601 :: 		
0x02FE	0x0E00      	MOVLW       0
;__Lib_MathDouble.c,602 :: 		
0x0300	0x640B      	CPFSGT      R11, 0
;__Lib_MathDouble.c,603 :: 		
0x0302	0xF001EFB0  	GOTO        BRETURN32
;__Lib_MathDouble.c,604 :: 		
0x0306	0x500B      	MOVF        R11, 0, 0
;__Lib_MathDouble.c,605 :: 		
0x0308	0x5E07      	SUBWF       R7, 1, 0
;__Lib_MathDouble.c,606 :: 		
0x030A	0xB4D8      	BTFSC       STATUS, 2, 0
;__Lib_MathDouble.c,607 :: 		
0x030C	0xF002EF51  	GOTO        BLIGNED32
;__Lib_MathDouble.c,609 :: 		
0x0310	0x0E07      	MOVLW       7
;__Lib_MathDouble.c,610 :: 		
0x0312	0x6407      	CPFSGT      R7, 0
;__Lib_MathDouble.c,611 :: 		
0x0314	0xF002EF1F  	GOTO        BNIB32
;__Lib_MathDouble.c,613 :: 		
0x0318	0x5E07      	SUBWF       R7, 1, 0
;__Lib_MathDouble.c,614 :: 		
0x031A	0xF008C000  	MOVFF       R0, R8
;__Lib_MathDouble.c,615 :: 		
0x031E	0xF000C001  	MOVFF       R1, R0
;__Lib_MathDouble.c,616 :: 		
0x0322	0xF001C002  	MOVFF       R2, R1
;__Lib_MathDouble.c,617 :: 		
0x0326	0x6A02      	CLRF        R2, 0
;__Lib_MathDouble.c,618 :: 		
0x0328	0x4E07      	DCFSNZ      R7, 1, 0
;__Lib_MathDouble.c,619 :: 		
0x032A	0xF002EF51  	GOTO        BLIGNED32
;__Lib_MathDouble.c,621 :: 		
0x032E	0x6407      	CPFSGT      R7, 0
;__Lib_MathDouble.c,622 :: 		
0x0330	0xF001EFF4  	GOTO        BNIB32A
;__Lib_MathDouble.c,623 :: 		
0x0334	0x5E07      	SUBWF       R7, 1, 0
;__Lib_MathDouble.c,624 :: 		
0x0336	0xF008C000  	MOVFF       R0, R8
;__Lib_MathDouble.c,625 :: 		
0x033A	0xF000C001  	MOVFF       R1, R0
;__Lib_MathDouble.c,626 :: 		
0x033E	0x6A01      	CLRF        R1, 0
;__Lib_MathDouble.c,627 :: 		
0x0340	0x4E07      	DCFSNZ      R7, 1, 0
;__Lib_MathDouble.c,628 :: 		
0x0342	0xF002EF51  	GOTO        BLIGNED32
;__Lib_MathDouble.c,630 :: 		
0x0346	0x6407      	CPFSGT      R7, 0
;__Lib_MathDouble.c,631 :: 		
0x0348	0xF001EFD2  	GOTO        BNIB32B
;__Lib_MathDouble.c,632 :: 		
0x034C	0x5E07      	SUBWF       R7, 1, 0
;__Lib_MathDouble.c,633 :: 		
0x034E	0xF008C000  	MOVFF       R0, R8
;__Lib_MathDouble.c,634 :: 		
0x0352	0x6A00      	CLRF        R0, 0
;__Lib_MathDouble.c,635 :: 		
0x0354	0x4E07      	DCFSNZ      R7, 1, 0
;__Lib_MathDouble.c,636 :: 		
0x0356	0xF002EF51  	GOTO        BLIGNED32
;__Lib_MathDouble.c,638 :: 		
0x035A	0x6407      	CPFSGT      R7, 0
;__Lib_MathDouble.c,639 :: 		
0x035C	0xF001EFB9  	GOTO        BNIB32C
;__Lib_MathDouble.c,641 :: 		
BRETURN32:
;__Lib_MathDouble.c,642 :: 		
0x0360	0xF002C00A  	MOVFF       R10, R2
;__Lib_MathDouble.c,643 :: 		
0x0364	0xF001C005  	MOVFF       R5, R1
;__Lib_MathDouble.c,644 :: 		
0x0368	0xF000C004  	MOVFF       R4, R0
;__Lib_MathDouble.c,645 :: 		
0x036C	0x6A08      	CLRF        R8, 0
;__Lib_MathDouble.c,646 :: 		
0x036E	0xF003EF7A  	GOTO        ADDEOK
;__Lib_MathDouble.c,648 :: 		
BNIB32C:
;__Lib_MathDouble.c,649 :: 		
0x0372	0x0E03      	MOVLW       3
;__Lib_MathDouble.c,650 :: 		
0x0374	0x6407      	CPFSGT      R7, 0
;__Lib_MathDouble.c,651 :: 		
0x0376	0xF001EFC4  	GOTO        BLOOP32C
;__Lib_MathDouble.c,652 :: 		
0x037A	0x5E07      	SUBWF       R7, 1, 0
;__Lib_MathDouble.c,653 :: 		
0x037C	0x3808      	SWAPF       R8, 0, 0
;__Lib_MathDouble.c,654 :: 		
0x037E	0x0B0F      	ANDLW       15
;__Lib_MathDouble.c,655 :: 		
0x0380	0x6E08      	MOVWF       R8, 0
;__Lib_MathDouble.c,656 :: 		
0x0382	0x4E07      	DCFSNZ      R7, 1, 0
;__Lib_MathDouble.c,657 :: 		
0x0384	0xF002EF51  	GOTO        BLIGNED32
;__Lib_MathDouble.c,659 :: 		
BLOOP32C:
;__Lib_MathDouble.c,660 :: 		
0x0388	0x90D8      	BCF         STATUS, 0, 0
;__Lib_MathDouble.c,661 :: 		
0x038A	0x3208      	RRCF        R8, 1, 0
;__Lib_MathDouble.c,662 :: 		
0x038C	0x4E07      	DCFSNZ      R7, 1, 0
;__Lib_MathDouble.c,663 :: 		
0x038E	0xF002EF51  	GOTO        BLIGNED32
;__Lib_MathDouble.c,664 :: 		
0x0392	0x90D8      	BCF         STATUS, 0, 0
;__Lib_MathDouble.c,665 :: 		
0x0394	0x3208      	RRCF        R8, 1, 0
;__Lib_MathDouble.c,666 :: 		
0x0396	0x4E07      	DCFSNZ      R7, 1, 0
;__Lib_MathDouble.c,667 :: 		
0x0398	0xF002EF51  	GOTO        BLIGNED32
;__Lib_MathDouble.c,668 :: 		
0x039C	0x90D8      	BCF         STATUS, 0, 0
;__Lib_MathDouble.c,669 :: 		
0x039E	0x3208      	RRCF        R8, 1, 0
;__Lib_MathDouble.c,670 :: 		
0x03A0	0xF002EF51  	GOTO        BLIGNED32
;__Lib_MathDouble.c,672 :: 		
BNIB32B:
;__Lib_MathDouble.c,673 :: 		
0x03A4	0x0E03      	MOVLW       3
;__Lib_MathDouble.c,674 :: 		
0x03A6	0x6407      	CPFSGT      R7, 0
;__Lib_MathDouble.c,675 :: 		
0x03A8	0xF001EFE3  	GOTO        BLOOP32B
;__Lib_MathDouble.c,676 :: 		
0x03AC	0x5E07      	SUBWF       R7, 1, 0
;__Lib_MathDouble.c,677 :: 		
0x03AE	0x3808      	SWAPF       R8, 0, 0
;__Lib_MathDouble.c,678 :: 		
0x03B0	0x0B0F      	ANDLW       15
;__Lib_MathDouble.c,679 :: 		
0x03B2	0x6E08      	MOVWF       R8, 0
;__Lib_MathDouble.c,680 :: 		
0x03B4	0x3800      	SWAPF       R0, 0, 0
;__Lib_MathDouble.c,681 :: 		
0x03B6	0x0BF0      	ANDLW       240
;__Lib_MathDouble.c,682 :: 		
0x03B8	0x2608      	ADDWF       R8, 1, 0
;__Lib_MathDouble.c,683 :: 		
0x03BA	0x3800      	SWAPF       R0, 0, 0
;__Lib_MathDouble.c,684 :: 		
0x03BC	0x0B0F      	ANDLW       15
;__Lib_MathDouble.c,685 :: 		
0x03BE	0x6E00      	MOVWF       R0, 0
;__Lib_MathDouble.c,686 :: 		
0x03C0	0x4E07      	DCFSNZ      R7, 1, 0
;__Lib_MathDouble.c,687 :: 		
0x03C2	0xF002EF51  	GOTO        BLIGNED32
;__Lib_MathDouble.c,689 :: 		
BLOOP32B:
;__Lib_MathDouble.c,690 :: 		
0x03C6	0x90D8      	BCF         STATUS, 0, 0
;__Lib_MathDouble.c,691 :: 		
0x03C8	0x3200      	RRCF        R0, 1, 0
;__Lib_MathDouble.c,692 :: 		
0x03CA	0x3208      	RRCF        R8, 1, 0
;__Lib_MathDouble.c,693 :: 		
0x03CC	0x4E07      	DCFSNZ      R7, 1, 0
;__Lib_MathDouble.c,694 :: 		
0x03CE	0xF002EF51  	GOTO        BLIGNED32
;__Lib_MathDouble.c,695 :: 		
0x03D2	0x90D8      	BCF         STATUS, 0, 0
;__Lib_MathDouble.c,696 :: 		
0x03D4	0x3200      	RRCF        R0, 1, 0
;__Lib_MathDouble.c,697 :: 		
0x03D6	0x3208      	RRCF        R8, 1, 0
;__Lib_MathDouble.c,698 :: 		
0x03D8	0x4E07      	DCFSNZ      R7, 1, 0
;__Lib_MathDouble.c,699 :: 		
0x03DA	0xF002EF51  	GOTO        BLIGNED32
;__Lib_MathDouble.c,700 :: 		
0x03DE	0x90D8      	BCF         STATUS, 0, 0
;__Lib_MathDouble.c,701 :: 		
0x03E0	0x3200      	RRCF        R0, 1, 0
;__Lib_MathDouble.c,702 :: 		
0x03E2	0x3208      	RRCF        R8, 1, 0
;__Lib_MathDouble.c,703 :: 		
0x03E4	0xF002EF51  	GOTO        BLIGNED32
;__Lib_MathDouble.c,705 :: 		
BNIB32A:
;__Lib_MathDouble.c,706 :: 		
0x03E8	0x0E03      	MOVLW       3
;__Lib_MathDouble.c,707 :: 		
0x03EA	0x6407      	CPFSGT      R7, 0
;__Lib_MathDouble.c,708 :: 		
0x03EC	0xF002EF0B  	GOTO        BLOOP32A
;__Lib_MathDouble.c,709 :: 		
0x03F0	0x5E07      	SUBWF       R7, 1, 0
;__Lib_MathDouble.c,710 :: 		
0x03F2	0x3808      	SWAPF       R8, 0, 0
;__Lib_MathDouble.c,711 :: 		
0x03F4	0x0B0F      	ANDLW       15
;__Lib_MathDouble.c,712 :: 		
0x03F6	0x6E08      	MOVWF       R8, 0
;__Lib_MathDouble.c,713 :: 		
0x03F8	0x3800      	SWAPF       R0, 0, 0
;__Lib_MathDouble.c,714 :: 		
0x03FA	0x0BF0      	ANDLW       240
;__Lib_MathDouble.c,715 :: 		
0x03FC	0x2608      	ADDWF       R8, 1, 0
;__Lib_MathDouble.c,716 :: 		
0x03FE	0x3800      	SWAPF       R0, 0, 0
;__Lib_MathDouble.c,717 :: 		
0x0400	0x0B0F      	ANDLW       15
;__Lib_MathDouble.c,718 :: 		
0x0402	0x6E00      	MOVWF       R0, 0
;__Lib_MathDouble.c,719 :: 		
0x0404	0x3801      	SWAPF       R1, 0, 0
;__Lib_MathDouble.c,720 :: 		
0x0406	0x0BF0      	ANDLW       240
;__Lib_MathDouble.c,721 :: 		
0x0408	0x2600      	ADDWF       R0, 1, 0
;__Lib_MathDouble.c,722 :: 		
0x040A	0x3801      	SWAPF       R1, 0, 0
;__Lib_MathDouble.c,723 :: 		
0x040C	0x0B0F      	ANDLW       15
;__Lib_MathDouble.c,724 :: 		
0x040E	0x6E01      	MOVWF       R1, 0
;__Lib_MathDouble.c,725 :: 		
0x0410	0x4E07      	DCFSNZ      R7, 1, 0
;__Lib_MathDouble.c,726 :: 		
0x0412	0xF002EF51  	GOTO        BLIGNED32
;__Lib_MathDouble.c,728 :: 		
BLOOP32A:
;__Lib_MathDouble.c,729 :: 		
0x0416	0x90D8      	BCF         STATUS, 0, 0
;__Lib_MathDouble.c,730 :: 		
0x0418	0x3201      	RRCF        R1, 1, 0
;__Lib_MathDouble.c,731 :: 		
0x041A	0x3200      	RRCF        R0, 1, 0
;__Lib_MathDouble.c,732 :: 		
0x041C	0x3208      	RRCF        R8, 1, 0
;__Lib_MathDouble.c,733 :: 		
0x041E	0x4E07      	DCFSNZ      R7, 1, 0
;__Lib_MathDouble.c,734 :: 		
0x0420	0xF002EF51  	GOTO        BLIGNED32
;__Lib_MathDouble.c,735 :: 		
0x0424	0x90D8      	BCF         STATUS, 0, 0
;__Lib_MathDouble.c,736 :: 		
0x0426	0x3201      	RRCF        R1, 1, 0
;__Lib_MathDouble.c,737 :: 		
0x0428	0x3200      	RRCF        R0, 1, 0
;__Lib_MathDouble.c,738 :: 		
0x042A	0x3208      	RRCF        R8, 1, 0
;__Lib_MathDouble.c,739 :: 		
0x042C	0x4E07      	DCFSNZ      R7, 1, 0
;__Lib_MathDouble.c,740 :: 		
0x042E	0xF002EF51  	GOTO        BLIGNED32
;__Lib_MathDouble.c,741 :: 		
0x0432	0x90D8      	BCF         STATUS, 0, 0
;__Lib_MathDouble.c,742 :: 		
0x0434	0x3201      	RRCF        R1, 1, 0
;__Lib_MathDouble.c,743 :: 		
0x0436	0x3200      	RRCF        R0, 1, 0
;__Lib_MathDouble.c,744 :: 		
0x0438	0x3208      	RRCF        R8, 1, 0
;__Lib_MathDouble.c,745 :: 		
0x043A	0xF002EF51  	GOTO        BLIGNED32
;__Lib_MathDouble.c,747 :: 		
BNIB32:
;__Lib_MathDouble.c,748 :: 		
0x043E	0x0E03      	MOVLW       3
;__Lib_MathDouble.c,749 :: 		
0x0440	0x6407      	CPFSGT      R7, 0
;__Lib_MathDouble.c,750 :: 		
0x0442	0xF002EF3C  	GOTO        BLOOP32
;__Lib_MathDouble.c,751 :: 		
0x0446	0x5E07      	SUBWF       R7, 1, 0
;__Lib_MathDouble.c,752 :: 		
0x0448	0x3808      	SWAPF       R8, 0, 0
;__Lib_MathDouble.c,753 :: 		
0x044A	0x0B0F      	ANDLW       15
;__Lib_MathDouble.c,754 :: 		
0x044C	0x6E08      	MOVWF       R8, 0
;__Lib_MathDouble.c,755 :: 		
0x044E	0x3800      	SWAPF       R0, 0, 0
;__Lib_MathDouble.c,756 :: 		
0x0450	0x0BF0      	ANDLW       240
;__Lib_MathDouble.c,757 :: 		
0x0452	0x2608      	ADDWF       R8, 1, 0
;__Lib_MathDouble.c,758 :: 		
0x0454	0x3800      	SWAPF       R0, 0, 0
;__Lib_MathDouble.c,759 :: 		
0x0456	0x0B0F      	ANDLW       15
;__Lib_MathDouble.c,760 :: 		
0x0458	0x6E00      	MOVWF       R0, 0
;__Lib_MathDouble.c,761 :: 		
0x045A	0x3801      	SWAPF       R1, 0, 0
;__Lib_MathDouble.c,762 :: 		
0x045C	0x0BF0      	ANDLW       240
;__Lib_MathDouble.c,763 :: 		
0x045E	0x2600      	ADDWF       R0, 1, 0
;__Lib_MathDouble.c,764 :: 		
0x0460	0x3801      	SWAPF       R1, 0, 0
;__Lib_MathDouble.c,765 :: 		
0x0462	0x0B0F      	ANDLW       15
;__Lib_MathDouble.c,766 :: 		
0x0464	0x6E01      	MOVWF       R1, 0
;__Lib_MathDouble.c,767 :: 		
0x0466	0x3802      	SWAPF       R2, 0, 0
;__Lib_MathDouble.c,768 :: 		
0x0468	0x0BF0      	ANDLW       240
;__Lib_MathDouble.c,769 :: 		
0x046A	0x2601      	ADDWF       R1, 1, 0
;__Lib_MathDouble.c,770 :: 		
0x046C	0x3802      	SWAPF       R2, 0, 0
;__Lib_MathDouble.c,771 :: 		
0x046E	0x0B0F      	ANDLW       15
;__Lib_MathDouble.c,772 :: 		
0x0470	0x6E02      	MOVWF       R2, 0
;__Lib_MathDouble.c,773 :: 		
0x0472	0x4E07      	DCFSNZ      R7, 1, 0
;__Lib_MathDouble.c,774 :: 		
0x0474	0xF002EF51  	GOTO        BLIGNED32
;__Lib_MathDouble.c,776 :: 		
BLOOP32:
;__Lib_MathDouble.c,777 :: 		
0x0478	0x90D8      	BCF         STATUS, 0, 0
;__Lib_MathDouble.c,778 :: 		
0x047A	0x3202      	RRCF        R2, 1, 0
;__Lib_MathDouble.c,779 :: 		
0x047C	0x3201      	RRCF        R1, 1, 0
;__Lib_MathDouble.c,780 :: 		
0x047E	0x3200      	RRCF        R0, 1, 0
;__Lib_MathDouble.c,781 :: 		
0x0480	0x3208      	RRCF        R8, 1, 0
;__Lib_MathDouble.c,782 :: 		
0x0482	0x4E07      	DCFSNZ      R7, 1, 0
;__Lib_MathDouble.c,783 :: 		
0x0484	0xF002EF51  	GOTO        BLIGNED32
;__Lib_MathDouble.c,784 :: 		
0x0488	0x90D8      	BCF         STATUS, 0, 0
;__Lib_MathDouble.c,785 :: 		
0x048A	0x3202      	RRCF        R2, 1, 0
;__Lib_MathDouble.c,786 :: 		
0x048C	0x3201      	RRCF        R1, 1, 0
;__Lib_MathDouble.c,787 :: 		
0x048E	0x3200      	RRCF        R0, 1, 0
;__Lib_MathDouble.c,788 :: 		
0x0490	0x3208      	RRCF        R8, 1, 0
;__Lib_MathDouble.c,789 :: 		
0x0492	0x4E07      	DCFSNZ      R7, 1, 0
;__Lib_MathDouble.c,790 :: 		
0x0494	0xF002EF51  	GOTO        BLIGNED32
;__Lib_MathDouble.c,791 :: 		
0x0498	0x90D8      	BCF         STATUS, 0, 0
;__Lib_MathDouble.c,792 :: 		
0x049A	0x3202      	RRCF        R2, 1, 0
;__Lib_MathDouble.c,793 :: 		
0x049C	0x3201      	RRCF        R1, 1, 0
;__Lib_MathDouble.c,794 :: 		
0x049E	0x3200      	RRCF        R0, 1, 0
;__Lib_MathDouble.c,795 :: 		
0x04A0	0x3208      	RRCF        R8, 1, 0
;__Lib_MathDouble.c,797 :: 		
BLIGNED32:
;__Lib_MathDouble.c,798 :: 		
0x04A2	0x6A09      	CLRF        R9, 0
;__Lib_MathDouble.c,799 :: 		
0x04A4	0x0E00      	MOVLW       0
;__Lib_MathDouble.c,800 :: 		
0x04A6	0xAE0E      	BTFSS       R14, 7, 0
;__Lib_MathDouble.c,801 :: 		
0x04A8	0xF003EF45  	GOTO        AOK32
;__Lib_MathDouble.c,802 :: 		
0x04AC	0x1E08      	COMF        R8, 1, 0
;__Lib_MathDouble.c,803 :: 		
0x04AE	0x1E00      	COMF        R0, 1, 0
;__Lib_MathDouble.c,804 :: 		
0x04B0	0x1E01      	COMF        R1, 1, 0
;__Lib_MathDouble.c,805 :: 		
0x04B2	0x1E02      	COMF        R2, 1, 0
;__Lib_MathDouble.c,806 :: 		
0x04B4	0x2A08      	INCF        R8, 1, 0
;__Lib_MathDouble.c,807 :: 		
0x04B6	0x2200      	ADDWFC      R0, 1, 0
;__Lib_MathDouble.c,808 :: 		
0x04B8	0x2201      	ADDWFC      R1, 1, 0
;__Lib_MathDouble.c,809 :: 		
0x04BA	0x2202      	ADDWFC      R2, 1, 0
;__Lib_MathDouble.c,810 :: 		
0x04BC	0xF003EF45  	GOTO        AOK32
;__Lib_MathDouble.c,812 :: 		
USEA32:
;__Lib_MathDouble.c,813 :: 		
0x04C0	0x5007      	MOVF        R7, 0, 0
;__Lib_MathDouble.c,814 :: 		
0x04C2	0xA4D8      	BTFSS       STATUS, 2, 0
;__Lib_MathDouble.c,815 :: 		
0x04C4	0xF002EF66  	GOTO        BNE032
;__Lib_MathDouble.c,816 :: 		
0x04C8	0xF003EF7A  	GOTO        ADDEOK
;__Lib_MathDouble.c,818 :: 		
BNE032:
;__Lib_MathDouble.c,819 :: 		
0x04CC	0x6A09      	CLRF        R9, 0
;__Lib_MathDouble.c,820 :: 		
0x04CE	0xF00AC002  	MOVFF       R2, R10
;__Lib_MathDouble.c,821 :: 		
0x04D2	0x8E02      	BSF         R2, 7, 0
;__Lib_MathDouble.c,822 :: 		
0x04D4	0x8E06      	BSF         R6, 7, 0
;__Lib_MathDouble.c,824 :: 		
0x04D6	0x5007      	MOVF        R7, 0, 0
;__Lib_MathDouble.c,825 :: 		
0x04D8	0x5C03      	SUBWF       R3, 0, 0
;__Lib_MathDouble.c,826 :: 		
0x04DA	0x6E07      	MOVWF       R7, 0
;__Lib_MathDouble.c,827 :: 		
0x04DC	0xB4D8      	BTFSC       STATUS, 2, 0
;__Lib_MathDouble.c,828 :: 		
0x04DE	0xF003EF38  	GOTO        ALIGNED32
;__Lib_MathDouble.c,830 :: 		
0x04E2	0x0E07      	MOVLW       7
;__Lib_MathDouble.c,831 :: 		
0x04E4	0x6407      	CPFSGT      R7, 0
;__Lib_MathDouble.c,832 :: 		
0x04E6	0xF003EF06  	GOTO        ANIB32
;__Lib_MathDouble.c,833 :: 		
0x04EA	0x5E07      	SUBWF       R7, 1, 0
;__Lib_MathDouble.c,834 :: 		
0x04EC	0x5004      	MOVF        R4, 0, 0
;__Lib_MathDouble.c,835 :: 		
0x04EE	0x6E09      	MOVWF       R9, 0
;__Lib_MathDouble.c,836 :: 		
0x04F0	0x5005      	MOVF        R5, 0, 0
;__Lib_MathDouble.c,837 :: 		
0x04F2	0x6E04      	MOVWF       R4, 0
;__Lib_MathDouble.c,838 :: 		
0x04F4	0x5006      	MOVF        R6, 0, 0
;__Lib_MathDouble.c,839 :: 		
0x04F6	0x6E05      	MOVWF       R5, 0
;__Lib_MathDouble.c,840 :: 		
0x04F8	0x6A06      	CLRF        R6, 0
;__Lib_MathDouble.c,841 :: 		
0x04FA	0x4E07      	DCFSNZ      R7, 1, 0
;__Lib_MathDouble.c,842 :: 		
0x04FC	0xF003EF38  	GOTO        ALIGNED32
;__Lib_MathDouble.c,844 :: 		
0x0500	0x0E07      	MOVLW       7
;__Lib_MathDouble.c,845 :: 		
0x0502	0x6407      	CPFSGT      R7, 0
;__Lib_MathDouble.c,846 :: 		
0x0504	0xF002EFDB  	GOTO        ANIB32A
;__Lib_MathDouble.c,847 :: 		
0x0508	0x5E07      	SUBWF       R7, 1, 0
;__Lib_MathDouble.c,848 :: 		
0x050A	0x5004      	MOVF        R4, 0, 0
;__Lib_MathDouble.c,849 :: 		
0x050C	0x6E09      	MOVWF       R9, 0
;__Lib_MathDouble.c,850 :: 		
0x050E	0x5005      	MOVF        R5, 0, 0
;__Lib_MathDouble.c,851 :: 		
0x0510	0x6E04      	MOVWF       R4, 0
;__Lib_MathDouble.c,852 :: 		
0x0512	0x6A05      	CLRF        R5, 0
;__Lib_MathDouble.c,853 :: 		
0x0514	0x4E07      	DCFSNZ      R7, 1, 0
;__Lib_MathDouble.c,854 :: 		
0x0516	0xF003EF38  	GOTO        ALIGNED32
;__Lib_MathDouble.c,856 :: 		
0x051A	0x0E07      	MOVLW       7
;__Lib_MathDouble.c,857 :: 		
0x051C	0x6407      	CPFSGT      R7, 0
;__Lib_MathDouble.c,858 :: 		
0x051E	0xF002EFB9  	GOTO        ANIB32B
;__Lib_MathDouble.c,859 :: 		
0x0522	0x5E07      	SUBWF       R7, 1, 0
;__Lib_MathDouble.c,860 :: 		
0x0524	0x5004      	MOVF        R4, 0, 0
;__Lib_MathDouble.c,861 :: 		
0x0526	0x6E09      	MOVWF       R9, 0
;__Lib_MathDouble.c,862 :: 		
0x0528	0x6A04      	CLRF        R4, 0
;__Lib_MathDouble.c,863 :: 		
0x052A	0x4E07      	DCFSNZ      R7, 1, 0
;__Lib_MathDouble.c,864 :: 		
0x052C	0xF003EF38  	GOTO        ALIGNED32
;__Lib_MathDouble.c,866 :: 		
0x0530	0x0E07      	MOVLW       7
;__Lib_MathDouble.c,867 :: 		
0x0532	0x6407      	CPFSGT      R7, 0
;__Lib_MathDouble.c,868 :: 		
0x0534	0xF002EFA0  	GOTO        ANIB32C
;__Lib_MathDouble.c,870 :: 		
0x0538	0xF002C00A  	MOVFF       R10, R2
;__Lib_MathDouble.c,871 :: 		
0x053C	0xF003EF7A  	GOTO        ADDEOK
;__Lib_MathDouble.c,873 :: 		
ANIB32C:
;__Lib_MathDouble.c,874 :: 		
0x0540	0x0E03      	MOVLW       3
;__Lib_MathDouble.c,875 :: 		
0x0542	0x6407      	CPFSGT      R7, 0
;__Lib_MathDouble.c,876 :: 		
0x0544	0xF002EFAB  	GOTO        ALOOP32C
;__Lib_MathDouble.c,877 :: 		
0x0548	0x5E07      	SUBWF       R7, 1, 0
;__Lib_MathDouble.c,878 :: 		
0x054A	0x3809      	SWAPF       R9, 0, 0
;__Lib_MathDouble.c,879 :: 		
0x054C	0x0B0F      	ANDLW       15
;__Lib_MathDouble.c,880 :: 		
0x054E	0x6E09      	MOVWF       R9, 0
;__Lib_MathDouble.c,881 :: 		
0x0550	0x4E07      	DCFSNZ      R7, 1, 0
;__Lib_MathDouble.c,882 :: 		
0x0552	0xF003EF38  	GOTO        ALIGNED32
;__Lib_MathDouble.c,884 :: 		
ALOOP32C:
;__Lib_MathDouble.c,885 :: 		
0x0556	0x90D8      	BCF         STATUS, 0, 0
;__Lib_MathDouble.c,886 :: 		
0x0558	0x3209      	RRCF        R9, 1, 0
;__Lib_MathDouble.c,887 :: 		
0x055A	0x4E07      	DCFSNZ      R7, 1, 0
;__Lib_MathDouble.c,888 :: 		
0x055C	0xF003EF38  	GOTO        ALIGNED32
;__Lib_MathDouble.c,889 :: 		
0x0560	0x90D8      	BCF         STATUS, 0, 0
;__Lib_MathDouble.c,890 :: 		
0x0562	0x3209      	RRCF        R9, 1, 0
;__Lib_MathDouble.c,891 :: 		
0x0564	0x4E07      	DCFSNZ      R7, 1, 0
;__Lib_MathDouble.c,892 :: 		
0x0566	0xF003EF38  	GOTO        ALIGNED32
;__Lib_MathDouble.c,893 :: 		
0x056A	0x90D8      	BCF         STATUS, 0, 0
;__Lib_MathDouble.c,894 :: 		
0x056C	0x3209      	RRCF        R9, 1, 0
;__Lib_MathDouble.c,895 :: 		
0x056E	0xF003EF38  	GOTO        ALIGNED32
;__Lib_MathDouble.c,897 :: 		
ANIB32B:
;__Lib_MathDouble.c,898 :: 		
0x0572	0x0E03      	MOVLW       3
;__Lib_MathDouble.c,899 :: 		
0x0574	0x6407      	CPFSGT      R7, 0
;__Lib_MathDouble.c,900 :: 		
0x0576	0xF002EFCA  	GOTO        ALOOP32B
;__Lib_MathDouble.c,901 :: 		
0x057A	0x5E07      	SUBWF       R7, 1, 0
;__Lib_MathDouble.c,902 :: 		
0x057C	0x3809      	SWAPF       R9, 0, 0
;__Lib_MathDouble.c,903 :: 		
0x057E	0x0B0F      	ANDLW       15
;__Lib_MathDouble.c,904 :: 		
0x0580	0x6E09      	MOVWF       R9, 0
;__Lib_MathDouble.c,905 :: 		
0x0582	0x3804      	SWAPF       R4, 0, 0
;__Lib_MathDouble.c,906 :: 		
0x0584	0x0BF0      	ANDLW       240
;__Lib_MathDouble.c,907 :: 		
0x0586	0x2609      	ADDWF       R9, 1, 0
;__Lib_MathDouble.c,908 :: 		
0x0588	0x3804      	SWAPF       R4, 0, 0
;__Lib_MathDouble.c,909 :: 		
0x058A	0x0B0F      	ANDLW       15
;__Lib_MathDouble.c,910 :: 		
0x058C	0x6E04      	MOVWF       R4, 0
;__Lib_MathDouble.c,911 :: 		
0x058E	0x4E07      	DCFSNZ      R7, 1, 0
;__Lib_MathDouble.c,912 :: 		
0x0590	0xF003EF38  	GOTO        ALIGNED32
;__Lib_MathDouble.c,914 :: 		
ALOOP32B:
;__Lib_MathDouble.c,915 :: 		
0x0594	0x90D8      	BCF         STATUS, 0, 0
;__Lib_MathDouble.c,916 :: 		
0x0596	0x3204      	RRCF        R4, 1, 0
;__Lib_MathDouble.c,917 :: 		
0x0598	0x3209      	RRCF        R9, 1, 0
;__Lib_MathDouble.c,918 :: 		
0x059A	0x4E07      	DCFSNZ      R7, 1, 0
;__Lib_MathDouble.c,919 :: 		
0x059C	0xF003EF38  	GOTO        ALIGNED32
;__Lib_MathDouble.c,920 :: 		
0x05A0	0x90D8      	BCF         STATUS, 0, 0
;__Lib_MathDouble.c,921 :: 		
0x05A2	0x3204      	RRCF        R4, 1, 0
;__Lib_MathDouble.c,922 :: 		
0x05A4	0x3209      	RRCF        R9, 1, 0
;__Lib_MathDouble.c,923 :: 		
0x05A6	0x4E07      	DCFSNZ      R7, 1, 0
;__Lib_MathDouble.c,924 :: 		
0x05A8	0xF003EF38  	GOTO        ALIGNED32
;__Lib_MathDouble.c,925 :: 		
0x05AC	0x90D8      	BCF         STATUS, 0, 0
;__Lib_MathDouble.c,926 :: 		
0x05AE	0x3204      	RRCF        R4, 1, 0
;__Lib_MathDouble.c,927 :: 		
0x05B0	0x3209      	RRCF        R9, 1, 0
;__Lib_MathDouble.c,928 :: 		
0x05B2	0xF003EF38  	GOTO        ALIGNED32
;__Lib_MathDouble.c,930 :: 		
ANIB32A:
;__Lib_MathDouble.c,931 :: 		
0x05B6	0x0E03      	MOVLW       3
;__Lib_MathDouble.c,932 :: 		
0x05B8	0x6407      	CPFSGT      R7, 0
;__Lib_MathDouble.c,933 :: 		
0x05BA	0xF002EFF2  	GOTO        ALOOP32A
;__Lib_MathDouble.c,934 :: 		
0x05BE	0x5E07      	SUBWF       R7, 1, 0
;__Lib_MathDouble.c,935 :: 		
0x05C0	0x3809      	SWAPF       R9, 0, 0
;__Lib_MathDouble.c,936 :: 		
0x05C2	0x0B0F      	ANDLW       15
;__Lib_MathDouble.c,937 :: 		
0x05C4	0x6E09      	MOVWF       R9, 0
;__Lib_MathDouble.c,938 :: 		
0x05C6	0x3804      	SWAPF       R4, 0, 0
;__Lib_MathDouble.c,939 :: 		
0x05C8	0x0BF0      	ANDLW       240
;__Lib_MathDouble.c,940 :: 		
0x05CA	0x2609      	ADDWF       R9, 1, 0
;__Lib_MathDouble.c,941 :: 		
0x05CC	0x3804      	SWAPF       R4, 0, 0
;__Lib_MathDouble.c,942 :: 		
0x05CE	0x0B0F      	ANDLW       15
;__Lib_MathDouble.c,943 :: 		
0x05D0	0x6E04      	MOVWF       R4, 0
;__Lib_MathDouble.c,944 :: 		
0x05D2	0x3805      	SWAPF       R5, 0, 0
;__Lib_MathDouble.c,945 :: 		
0x05D4	0x0BF0      	ANDLW       240
;__Lib_MathDouble.c,946 :: 		
0x05D6	0x2604      	ADDWF       R4, 1, 0
;__Lib_MathDouble.c,947 :: 		
0x05D8	0x3805      	SWAPF       R5, 0, 0
;__Lib_MathDouble.c,948 :: 		
0x05DA	0x0B0F      	ANDLW       15
;__Lib_MathDouble.c,949 :: 		
0x05DC	0x6E05      	MOVWF       R5, 0
;__Lib_MathDouble.c,950 :: 		
0x05DE	0x4E07      	DCFSNZ      R7, 1, 0
;__Lib_MathDouble.c,951 :: 		
0x05E0	0xF003EF38  	GOTO        ALIGNED32
;__Lib_MathDouble.c,953 :: 		
ALOOP32A:
;__Lib_MathDouble.c,954 :: 		
0x05E4	0x90D8      	BCF         STATUS, 0, 0
;__Lib_MathDouble.c,955 :: 		
0x05E6	0x3205      	RRCF        R5, 1, 0
;__Lib_MathDouble.c,956 :: 		
0x05E8	0x3204      	RRCF        R4, 1, 0
;__Lib_MathDouble.c,957 :: 		
0x05EA	0x3209      	RRCF        R9, 1, 0
;__Lib_MathDouble.c,958 :: 		
0x05EC	0x4E07      	DCFSNZ      R7, 1, 0
;__Lib_MathDouble.c,959 :: 		
0x05EE	0xF003EF38  	GOTO        ALIGNED32
;__Lib_MathDouble.c,960 :: 		
0x05F2	0x90D8      	BCF         STATUS, 0, 0
;__Lib_MathDouble.c,961 :: 		
0x05F4	0x3205      	RRCF        R5, 1, 0
;__Lib_MathDouble.c,962 :: 		
0x05F6	0x3204      	RRCF        R4, 1, 0
;__Lib_MathDouble.c,963 :: 		
0x05F8	0x3209      	RRCF        R9, 1, 0
;__Lib_MathDouble.c,964 :: 		
0x05FA	0x4E07      	DCFSNZ      R7, 1, 0
;__Lib_MathDouble.c,965 :: 		
0x05FC	0xF003EF38  	GOTO        ALIGNED32
;__Lib_MathDouble.c,966 :: 		
0x0600	0x90D8      	BCF         STATUS, 0, 0
;__Lib_MathDouble.c,967 :: 		
0x0602	0x3205      	RRCF        R5, 1, 0
;__Lib_MathDouble.c,968 :: 		
0x0604	0x3204      	RRCF        R4, 1, 0
;__Lib_MathDouble.c,969 :: 		
0x0606	0x3209      	RRCF        R9, 1, 0
;__Lib_MathDouble.c,970 :: 		
0x0608	0xF003EF38  	GOTO        ALIGNED32
;__Lib_MathDouble.c,972 :: 		
ANIB32:
;__Lib_MathDouble.c,973 :: 		
0x060C	0x0E03      	MOVLW       3
;__Lib_MathDouble.c,974 :: 		
0x060E	0x6407      	CPFSGT      R7, 0
;__Lib_MathDouble.c,975 :: 		
0x0610	0xF003EF23  	GOTO        ALOOP32
;__Lib_MathDouble.c,976 :: 		
0x0614	0x5E07      	SUBWF       R7, 1, 0
;__Lib_MathDouble.c,977 :: 		
0x0616	0x3809      	SWAPF       R9, 0, 0
;__Lib_MathDouble.c,978 :: 		
0x0618	0x0B0F      	ANDLW       15
;__Lib_MathDouble.c,979 :: 		
0x061A	0x6E09      	MOVWF       R9, 0
;__Lib_MathDouble.c,980 :: 		
0x061C	0x3804      	SWAPF       R4, 0, 0
;__Lib_MathDouble.c,981 :: 		
0x061E	0x0BF0      	ANDLW       240
;__Lib_MathDouble.c,982 :: 		
0x0620	0x2609      	ADDWF       R9, 1, 0
;__Lib_MathDouble.c,983 :: 		
0x0622	0x3804      	SWAPF       R4, 0, 0
;__Lib_MathDouble.c,984 :: 		
0x0624	0x0B0F      	ANDLW       15
;__Lib_MathDouble.c,985 :: 		
0x0626	0x6E04      	MOVWF       R4, 0
;__Lib_MathDouble.c,986 :: 		
0x0628	0x3805      	SWAPF       R5, 0, 0
;__Lib_MathDouble.c,987 :: 		
0x062A	0x0BF0      	ANDLW       240
;__Lib_MathDouble.c,988 :: 		
0x062C	0x2604      	ADDWF       R4, 1, 0
;__Lib_MathDouble.c,989 :: 		
0x062E	0x3805      	SWAPF       R5, 0, 0
;__Lib_MathDouble.c,990 :: 		
0x0630	0x0B0F      	ANDLW       15
;__Lib_MathDouble.c,991 :: 		
0x0632	0x6E05      	MOVWF       R5, 0
;__Lib_MathDouble.c,992 :: 		
0x0634	0x3806      	SWAPF       R6, 0, 0
;__Lib_MathDouble.c,993 :: 		
0x0636	0x0BF0      	ANDLW       240
;__Lib_MathDouble.c,994 :: 		
0x0638	0x2605      	ADDWF       R5, 1, 0
;__Lib_MathDouble.c,995 :: 		
0x063A	0x3806      	SWAPF       R6, 0, 0
;__Lib_MathDouble.c,996 :: 		
0x063C	0x0B0F      	ANDLW       15
;__Lib_MathDouble.c,997 :: 		
0x063E	0x6E06      	MOVWF       R6, 0
;__Lib_MathDouble.c,998 :: 		
0x0640	0x4E07      	DCFSNZ      R7, 1, 0
;__Lib_MathDouble.c,999 :: 		
0x0642	0xF003EF38  	GOTO        ALIGNED32
;__Lib_MathDouble.c,1001 :: 		
ALOOP32:
;__Lib_MathDouble.c,1002 :: 		
0x0646	0x90D8      	BCF         STATUS, 0, 0
;__Lib_MathDouble.c,1003 :: 		
0x0648	0x3206      	RRCF        R6, 1, 0
;__Lib_MathDouble.c,1004 :: 		
0x064A	0x3205      	RRCF        R5, 1, 0
;__Lib_MathDouble.c,1005 :: 		
0x064C	0x3204      	RRCF        R4, 1, 0
;__Lib_MathDouble.c,1006 :: 		
0x064E	0x3209      	RRCF        R9, 1, 0
;__Lib_MathDouble.c,1007 :: 		
0x0650	0x4E07      	DCFSNZ      R7, 1, 0
;__Lib_MathDouble.c,1008 :: 		
0x0652	0xF003EF38  	GOTO        ALIGNED32
;__Lib_MathDouble.c,1009 :: 		
0x0656	0x90D8      	BCF         STATUS, 0, 0
;__Lib_MathDouble.c,1010 :: 		
0x0658	0x3206      	RRCF        R6, 1, 0
;__Lib_MathDouble.c,1011 :: 		
0x065A	0x3205      	RRCF        R5, 1, 0
;__Lib_MathDouble.c,1012 :: 		
0x065C	0x3204      	RRCF        R4, 1, 0
;__Lib_MathDouble.c,1013 :: 		
0x065E	0x3209      	RRCF        R9, 1, 0
;__Lib_MathDouble.c,1014 :: 		
0x0660	0x4E07      	DCFSNZ      R7, 1, 0
;__Lib_MathDouble.c,1015 :: 		
0x0662	0xF003EF38  	GOTO        ALIGNED32
;__Lib_MathDouble.c,1016 :: 		
0x0666	0x90D8      	BCF         STATUS, 0, 0
;__Lib_MathDouble.c,1017 :: 		
0x0668	0x3206      	RRCF        R6, 1, 0
;__Lib_MathDouble.c,1018 :: 		
0x066A	0x3205      	RRCF        R5, 1, 0
;__Lib_MathDouble.c,1019 :: 		
0x066C	0x3204      	RRCF        R4, 1, 0
;__Lib_MathDouble.c,1020 :: 		
0x066E	0x3209      	RRCF        R9, 1, 0
;__Lib_MathDouble.c,1022 :: 		
ALIGNED32:
;__Lib_MathDouble.c,1023 :: 		
0x0670	0x6A08      	CLRF        R8, 0
;__Lib_MathDouble.c,1024 :: 		
0x0672	0x0E00      	MOVLW       0
;__Lib_MathDouble.c,1025 :: 		
0x0674	0xAE0E      	BTFSS       R14, 7, 0
;__Lib_MathDouble.c,1026 :: 		
0x0676	0xF003EF45  	GOTO        AOK32
;__Lib_MathDouble.c,1027 :: 		
0x067A	0x1E09      	COMF        R9, 1, 0
;__Lib_MathDouble.c,1028 :: 		
0x067C	0x1E04      	COMF        R4, 1, 0
;__Lib_MathDouble.c,1029 :: 		
0x067E	0x1E05      	COMF        R5, 1, 0
;__Lib_MathDouble.c,1030 :: 		
0x0680	0x1E06      	COMF        R6, 1, 0
;__Lib_MathDouble.c,1031 :: 		
0x0682	0x2A09      	INCF        R9, 1, 0
;__Lib_MathDouble.c,1032 :: 		
0x0684	0x2204      	ADDWFC      R4, 1, 0
;__Lib_MathDouble.c,1033 :: 		
0x0686	0x2205      	ADDWFC      R5, 1, 0
;__Lib_MathDouble.c,1034 :: 		
0x0688	0x2206      	ADDWFC      R6, 1, 0
;__Lib_MathDouble.c,1036 :: 		
AOK32:
;__Lib_MathDouble.c,1037 :: 		
0x068A	0x5009      	MOVF        R9, 0, 0
;__Lib_MathDouble.c,1038 :: 		
0x068C	0x2608      	ADDWF       R8, 1, 0
;__Lib_MathDouble.c,1039 :: 		
0x068E	0x5004      	MOVF        R4, 0, 0
;__Lib_MathDouble.c,1040 :: 		
0x0690	0x2200      	ADDWFC      R0, 1, 0
;__Lib_MathDouble.c,1041 :: 		
0x0692	0x5005      	MOVF        R5, 0, 0
;__Lib_MathDouble.c,1042 :: 		
0x0694	0x2201      	ADDWFC      R1, 1, 0
;__Lib_MathDouble.c,1043 :: 		
0x0696	0x5006      	MOVF        R6, 0, 0
;__Lib_MathDouble.c,1044 :: 		
0x0698	0x2202      	ADDWFC      R2, 1, 0
;__Lib_MathDouble.c,1046 :: 		
0x069A	0xBE0E      	BTFSC       R14, 7, 0
;__Lib_MathDouble.c,1047 :: 		
0x069C	0xF003EF5C  	GOTO        ACOMP32
;__Lib_MathDouble.c,1048 :: 		
0x06A0	0xA0D8      	BTFSS       STATUS, 0, 0
;__Lib_MathDouble.c,1049 :: 		
0x06A2	0xF003EF6B  	GOTO        ADDJPNRMRND4032
;__Lib_MathDouble.c,1051 :: 		
0x06A6	0x3202      	RRCF        R2, 1, 0
;__Lib_MathDouble.c,1052 :: 		
0x06A8	0x3201      	RRCF        R1, 1, 0
;__Lib_MathDouble.c,1053 :: 		
0x06AA	0x3200      	RRCF        R0, 1, 0
;__Lib_MathDouble.c,1054 :: 		
0x06AC	0x3208      	RRCF        R8, 1, 0
;__Lib_MathDouble.c,1055 :: 		
0x06AE	0x3E03      	INCFSZ      R3, 1, 0
;__Lib_MathDouble.c,1056 :: 		
0x06B0	0xF003EF6B  	GOTO        ADDJPNRMRND4032
;__Lib_MathDouble.c,1057 :: 		
0x06B4	0xF003EF75  	GOTO        ADDJPSETFOV32
;__Lib_MathDouble.c,1059 :: 		
ACOMP32:
;__Lib_MathDouble.c,1060 :: 		
0x06B8	0xB0D8      	BTFSC       STATUS, 0, 0
;__Lib_MathDouble.c,1061 :: 		
0x06BA	0xF003EF70  	GOTO        ADDJPNRM4032
;__Lib_MathDouble.c,1062 :: 		
0x06BE	0x0E00      	MOVLW       0
;__Lib_MathDouble.c,1063 :: 		
0x06C0	0x1E08      	COMF        R8, 1, 0
;__Lib_MathDouble.c,1064 :: 		
0x06C2	0x1E00      	COMF        R0, 1, 0
;__Lib_MathDouble.c,1065 :: 		
0x06C4	0x1E01      	COMF        R1, 1, 0
;__Lib_MathDouble.c,1066 :: 		
0x06C6	0x1E02      	COMF        R2, 1, 0
;__Lib_MathDouble.c,1067 :: 		
0x06C8	0x2A08      	INCF        R8, 1, 0
;__Lib_MathDouble.c,1068 :: 		
0x06CA	0x2200      	ADDWFC      R0, 1, 0
;__Lib_MathDouble.c,1069 :: 		
0x06CC	0x2201      	ADDWFC      R1, 1, 0
;__Lib_MathDouble.c,1070 :: 		
0x06CE	0x2202      	ADDWFC      R2, 1, 0
;__Lib_MathDouble.c,1071 :: 		
0x06D0	0x7E0A      	BTG         R10, 7, 0
;__Lib_MathDouble.c,1072 :: 		
0x06D2	0xF003EF70  	GOTO        ADDJPNRM4032
;__Lib_MathDouble.c,1074 :: 		
ADDJPNRMRND4032:
;__Lib_MathDouble.c,1075 :: 		
0x06D6	0x0E01      	MOVLW       1
;__Lib_MathDouble.c,1076 :: 		
0x06D8	0x6E0C      	MOVWF       R12, 0
;__Lib_MathDouble.c,1078 :: 		
0x06DA	0xDCC4      	RCALL       _NRM4032
;__Lib_MathDouble.c,1080 :: 		
0x06DC	0xF003EF7C  	GOTO        ADDEEE
;__Lib_MathDouble.c,1081 :: 		
ADDJPNRM4032:
;__Lib_MathDouble.c,1082 :: 		
0x06E0	0x0E02      	MOVLW       2
;__Lib_MathDouble.c,1083 :: 		
0x06E2	0x6E0C      	MOVWF       R12, 0
;__Lib_MathDouble.c,1085 :: 		
0x06E4	0xDCBF      	RCALL       _NRM4032
;__Lib_MathDouble.c,1087 :: 		
0x06E6	0xF003EF7C  	GOTO        ADDEEE
;__Lib_MathDouble.c,1088 :: 		
ADDJPSETFOV32:
;__Lib_MathDouble.c,1089 :: 		
0x06EA	0x0E04      	MOVLW       4
;__Lib_MathDouble.c,1090 :: 		
0x06EC	0x6E0C      	MOVWF       R12, 0
;__Lib_MathDouble.c,1092 :: 		
0x06EE	0xDCA7      	RCALL       _SETFOV32
;__Lib_MathDouble.c,1094 :: 		
0x06F0	0xF003EF7C  	GOTO        ADDEEE
;__Lib_MathDouble.c,1095 :: 		
ADDEOK:
;__Lib_MathDouble.c,1096 :: 		
0x06F4	0x0E00      	MOVLW       0
;__Lib_MathDouble.c,1097 :: 		
0x06F6	0x6E0C      	MOVWF       R12, 0
;__Lib_MathDouble.c,1098 :: 		
ADDEEE:
;__Lib_MathDouble.c,1105 :: 		
L_end_Add_32x32_FP:
0x06F8	0x0012      	RETURN      0
; end of _Add_32x32_FP
_Div_32x32_FP:
;__Lib_MathDouble.c,1325 :: 		
;__Lib_MathDouble.c,1339 :: 		
0x06FA	0x5004      	MOVF        R4, 0 
0x06FC	0x0A00      	XORLW       0
0x06FE	0xE112      	BNZ         L_Div_32x32_FP11
;__Lib_MathDouble.c,1340 :: 		
0x0700	0x5005      	MOVF        R5, 0 
0x0702	0x0A00      	XORLW       0
0x0704	0xE10F      	BNZ         L_Div_32x32_FP12
;__Lib_MathDouble.c,1341 :: 		
0x0706	0x5006      	MOVF        R6, 0 
0x0708	0x0A00      	XORLW       0
0x070A	0xE10C      	BNZ         L_Div_32x32_FP13
;__Lib_MathDouble.c,1342 :: 		
0x070C	0x5007      	MOVF        R7, 0 
0x070E	0x0A00      	XORLW       0
0x0710	0xE109      	BNZ         L_Div_32x32_FP14
;__Lib_MathDouble.c,1343 :: 		
0x0712	0x0EFF      	MOVLW       255
0x0714	0x6E00      	MOVWF       R0 
;__Lib_MathDouble.c,1344 :: 		
0x0716	0x0EFF      	MOVLW       255
0x0718	0x6E01      	MOVWF       R1 
;__Lib_MathDouble.c,1345 :: 		
0x071A	0x0E7F      	MOVLW       127
0x071C	0x6E02      	MOVWF       R2 
;__Lib_MathDouble.c,1346 :: 		
0x071E	0x0EFF      	MOVLW       255
0x0720	0x6E03      	MOVWF       R3 
;__Lib_MathDouble.c,1347 :: 		
0x0722	0xD0A7      	BRA         L_end_Div_32x32_FP
;__Lib_MathDouble.c,1348 :: 		
L_Div_32x32_FP14:
L_Div_32x32_FP13:
L_Div_32x32_FP12:
L_Div_32x32_FP11:
;__Lib_MathDouble.c,1353 :: 		
0x0724	0x6A08      	CLRF        R8, 0
;__Lib_MathDouble.c,1354 :: 		
0x0726	0x6A09      	CLRF        R9, 0
;__Lib_MathDouble.c,1356 :: 		
0x0728	0x5007      	MOVF        R7, 0, 0
;__Lib_MathDouble.c,1357 :: 		
0x072A	0xB4D8      	BTFSC       STATUS, 2, 0
;__Lib_MathDouble.c,1358 :: 		
0x072C	0xF004EF28  	GOTO        JPDSETFDZ32
;__Lib_MathDouble.c,1360 :: 		
0x0730	0x5003      	MOVF        R3, 0, 0
;__Lib_MathDouble.c,1361 :: 		
0x0732	0xB4D8      	BTFSC       STATUS, 2, 0
;__Lib_MathDouble.c,1362 :: 		
0x0734	0xF004EF2C  	GOTO        JPDRES032
;__Lib_MathDouble.c,1364 :: 		
0x0738	0x5002      	MOVF        R2, 0, 0
;__Lib_MathDouble.c,1365 :: 		
0x073A	0x1806      	XORWF       R6, 0, 0
;__Lib_MathDouble.c,1366 :: 		
0x073C	0x6E0A      	MOVWF       R10, 0
;__Lib_MathDouble.c,1367 :: 		
0x073E	0x8E02      	BSF         R2, 7, 0
;__Lib_MathDouble.c,1368 :: 		
0x0740	0x8E06      	BSF         R6, 7, 0
;__Lib_MathDouble.c,1370 :: 		
0x0742	0x6A0E      	CLRF        R14, 0
;__Lib_MathDouble.c,1371 :: 		
0x0744	0xF008C002  	MOVFF       R2, R8
;__Lib_MathDouble.c,1372 :: 		
0x0748	0xF00CC001  	MOVFF       R1, R12
;__Lib_MathDouble.c,1373 :: 		
0x074C	0xF00DC000  	MOVFF       R0, R13
;__Lib_MathDouble.c,1375 :: 		
0x0750	0x5004      	MOVF        R4, 0, 0
;__Lib_MathDouble.c,1376 :: 		
0x0752	0x5E0D      	SUBWF       R13, 1, 0
;__Lib_MathDouble.c,1377 :: 		
0x0754	0x5005      	MOVF        R5, 0, 0
;__Lib_MathDouble.c,1378 :: 		
0x0756	0xA0D8      	BTFSS       STATUS, 0, 0
;__Lib_MathDouble.c,1379 :: 		
0x0758	0x3C05      	INCFSZ      R5, 0, 0
;__Lib_MathDouble.c,1381 :: 		
0x075A	0x5E0C      	SUBWF       R12, 1, 0
;__Lib_MathDouble.c,1382 :: 		
0x075C	0x5006      	MOVF        R6, 0, 0
;__Lib_MathDouble.c,1383 :: 		
0x075E	0xA0D8      	BTFSS       STATUS, 0, 0
;__Lib_MathDouble.c,1384 :: 		
0x0760	0x3C06      	INCFSZ      R6, 0, 0
;__Lib_MathDouble.c,1386 :: 		
0x0762	0x5E08      	SUBWF       R8, 1, 0
;__Lib_MathDouble.c,1387 :: 		
0x0764	0x6A08      	CLRF        R8, 0
;__Lib_MathDouble.c,1388 :: 		
0x0766	0x6A0C      	CLRF        R12, 0
;__Lib_MathDouble.c,1389 :: 		
0x0768	0x6A0D      	CLRF        R13, 0
;__Lib_MathDouble.c,1390 :: 		
0x076A	0xA0D8      	BTFSS       STATUS, 0, 0
;__Lib_MathDouble.c,1391 :: 		
0x076C	0xF003EFBF  	GOTO        DALIGN32OK
;__Lib_MathDouble.c,1393 :: 		
0x0770	0x90D8      	BCF         STATUS, 0, 0
;__Lib_MathDouble.c,1394 :: 		
0x0772	0x3202      	RRCF        R2, 1, 0
;__Lib_MathDouble.c,1395 :: 		
0x0774	0x3201      	RRCF        R1, 1, 0
;__Lib_MathDouble.c,1396 :: 		
0x0776	0x3200      	RRCF        R0, 1, 0
;__Lib_MathDouble.c,1397 :: 		
0x0778	0x3208      	RRCF        R8, 1, 0
;__Lib_MathDouble.c,1398 :: 		
0x077A	0x0E01      	MOVLW       1
;__Lib_MathDouble.c,1399 :: 		
0x077C	0x6E0E      	MOVWF       R14, 0
;__Lib_MathDouble.c,1400 :: 		
DALIGN32OK:
;__Lib_MathDouble.c,1401 :: 		
0x077E	0x5007      	MOVF        R7, 0, 0
;__Lib_MathDouble.c,1402 :: 		
0x0780	0x5E03      	SUBWF       R3, 1, 0
;__Lib_MathDouble.c,1403 :: 		
0x0782	0xA0D8      	BTFSS       STATUS, 0, 0
;__Lib_MathDouble.c,1404 :: 		
0x0784	0xF003EFCC  	GOTO        ALTB32
;__Lib_MathDouble.c,1406 :: 		
0x0788	0x0E7E      	MOVLW       126
;__Lib_MathDouble.c,1407 :: 		
0x078A	0x240E      	ADDWF       R14, 0, 0
;__Lib_MathDouble.c,1408 :: 		
0x078C	0x2603      	ADDWF       R3, 1, 0
;__Lib_MathDouble.c,1409 :: 		
0x078E	0xB0D8      	BTFSC       STATUS, 0, 0
;__Lib_MathDouble.c,1410 :: 		
0x0790	0xF004EF31  	GOTO        JPDSETFOV32
;__Lib_MathDouble.c,1411 :: 		
0x0794	0xF003EFD2  	GOTO        DARGOK32
;__Lib_MathDouble.c,1412 :: 		
ALTB32:
;__Lib_MathDouble.c,1413 :: 		
0x0798	0x0E7E      	MOVLW       126
;__Lib_MathDouble.c,1414 :: 		
0x079A	0x240E      	ADDWF       R14, 0, 0
;__Lib_MathDouble.c,1415 :: 		
0x079C	0x2603      	ADDWF       R3, 1, 0
;__Lib_MathDouble.c,1416 :: 		
0x079E	0xA0D8      	BTFSS       STATUS, 0, 0
;__Lib_MathDouble.c,1417 :: 		
0x07A0	0xF004EF36  	GOTO        JPDSETFUN32
;__Lib_MathDouble.c,1418 :: 		
DARGOK32:
;__Lib_MathDouble.c,1419 :: 		
0x07A4	0x0E18      	MOVLW       24
;__Lib_MathDouble.c,1420 :: 		
0x07A6	0x6E0B      	MOVWF       R11, 0
;__Lib_MathDouble.c,1421 :: 		
DLOOP32:
;__Lib_MathDouble.c,1422 :: 		
0x07A8	0x360D      	RLCF        R13, 1, 0
;__Lib_MathDouble.c,1423 :: 		
0x07AA	0x360C      	RLCF        R12, 1, 0
;__Lib_MathDouble.c,1424 :: 		
0x07AC	0x3608      	RLCF        R8, 1, 0
;__Lib_MathDouble.c,1425 :: 		
0x07AE	0x3600      	RLCF        R0, 1, 0
;__Lib_MathDouble.c,1426 :: 		
0x07B0	0x3601      	RLCF        R1, 1, 0
;__Lib_MathDouble.c,1427 :: 		
0x07B2	0x3602      	RLCF        R2, 1, 0
;__Lib_MathDouble.c,1428 :: 		
0x07B4	0x360E      	RLCF        R14, 1, 0
;__Lib_MathDouble.c,1430 :: 		
0x07B6	0x5004      	MOVF        R4, 0, 0
;__Lib_MathDouble.c,1431 :: 		
0x07B8	0x5E00      	SUBWF       R0, 1, 0
;__Lib_MathDouble.c,1432 :: 		
0x07BA	0x5005      	MOVF        R5, 0, 0
;__Lib_MathDouble.c,1433 :: 		
0x07BC	0xA0D8      	BTFSS       STATUS, 0, 0
;__Lib_MathDouble.c,1434 :: 		
0x07BE	0x3C05      	INCFSZ      R5, 0, 0
;__Lib_MathDouble.c,1436 :: 		
0x07C0	0x5E01      	SUBWF       R1, 1, 0
;__Lib_MathDouble.c,1437 :: 		
0x07C2	0x5006      	MOVF        R6, 0, 0
;__Lib_MathDouble.c,1438 :: 		
0x07C4	0xA0D8      	BTFSS       STATUS, 0, 0
;__Lib_MathDouble.c,1439 :: 		
0x07C6	0x3C06      	INCFSZ      R6, 0, 0
;__Lib_MathDouble.c,1441 :: 		
0x07C8	0x5E02      	SUBWF       R2, 1, 0
;__Lib_MathDouble.c,1442 :: 		
0x07CA	0x3406      	RLCF        R6, 0, 0
;__Lib_MathDouble.c,1443 :: 		
0x07CC	0x120E      	IORWF       R14, 1, 0
;__Lib_MathDouble.c,1444 :: 		
0x07CE	0xA00E      	BTFSS       R14, 0, 0
;__Lib_MathDouble.c,1445 :: 		
0x07D0	0xF003EFED  	GOTO        DREST32
;__Lib_MathDouble.c,1446 :: 		
0x07D4	0x800D      	BSF         R13, 0, 0
;__Lib_MathDouble.c,1447 :: 		
0x07D6	0xF003EFF8  	GOTO        DOK32
;__Lib_MathDouble.c,1448 :: 		
DREST32:
;__Lib_MathDouble.c,1449 :: 		
0x07DA	0x5004      	MOVF        R4, 0, 0
;__Lib_MathDouble.c,1450 :: 		
0x07DC	0x2600      	ADDWF       R0, 1, 0
;__Lib_MathDouble.c,1451 :: 		
0x07DE	0x5005      	MOVF        R5, 0, 0
;__Lib_MathDouble.c,1452 :: 		
0x07E0	0xB0D8      	BTFSC       STATUS, 0, 0
;__Lib_MathDouble.c,1453 :: 		
0x07E2	0x3C05      	INCFSZ      R5, 0, 0
;__Lib_MathDouble.c,1455 :: 		
0x07E4	0x2601      	ADDWF       R1, 1, 0
;__Lib_MathDouble.c,1456 :: 		
0x07E6	0x5006      	MOVF        R6, 0, 0
;__Lib_MathDouble.c,1457 :: 		
0x07E8	0xB0D8      	BTFSC       STATUS, 0, 0
;__Lib_MathDouble.c,1458 :: 		
0x07EA	0x2806      	INCF        R6, 0, 0
;__Lib_MathDouble.c,1459 :: 		
0x07EC	0x2602      	ADDWF       R2, 1, 0
;__Lib_MathDouble.c,1460 :: 		
0x07EE	0x900D      	BCF         R13, 0, 0
;__Lib_MathDouble.c,1461 :: 		
DOK32:
;__Lib_MathDouble.c,1462 :: 		
0x07F0	0x2E0B      	DECFSZ      R11, 1, 0
;__Lib_MathDouble.c,1463 :: 		
0x07F2	0xF003EFD4  	GOTO        DLOOP32
;__Lib_MathDouble.c,1467 :: 		
0x07F6	0xF004EF1E  	GOTO        DIV32OK
;__Lib_MathDouble.c,1468 :: 		
0x07FA	0x90D8      	BCF         STATUS, 0, 0
;__Lib_MathDouble.c,1469 :: 		
0x07FC	0x3600      	RLCF        R0, 1, 0
;__Lib_MathDouble.c,1470 :: 		
0x07FE	0x3601      	RLCF        R1, 1, 0
;__Lib_MathDouble.c,1471 :: 		
0x0800	0x3602      	RLCF        R2, 1, 0
;__Lib_MathDouble.c,1472 :: 		
0x0802	0x360E      	RLCF        R14, 1, 0
;__Lib_MathDouble.c,1474 :: 		
0x0804	0x5004      	MOVF        R4, 0, 0
;__Lib_MathDouble.c,1475 :: 		
0x0806	0x5E00      	SUBWF       R0, 1, 0
;__Lib_MathDouble.c,1476 :: 		
0x0808	0x5005      	MOVF        R5, 0, 0
;__Lib_MathDouble.c,1477 :: 		
0x080A	0xA0D8      	BTFSS       STATUS, 0, 0
;__Lib_MathDouble.c,1478 :: 		
0x080C	0x3C05      	INCFSZ      R5, 0, 0
;__Lib_MathDouble.c,1479 :: 		
0x080E	0x5E01      	SUBWF       R1, 1, 0
;__Lib_MathDouble.c,1480 :: 		
0x0810	0x5006      	MOVF        R6, 0, 0
;__Lib_MathDouble.c,1481 :: 		
0x0812	0xA0D8      	BTFSS       STATUS, 0, 0
;__Lib_MathDouble.c,1482 :: 		
0x0814	0x3C06      	INCFSZ      R6, 0, 0
;__Lib_MathDouble.c,1483 :: 		
0x0816	0x5E02      	SUBWF       R2, 1, 0
;__Lib_MathDouble.c,1484 :: 		
0x0818	0x3406      	RLCF        R6, 0, 0
;__Lib_MathDouble.c,1485 :: 		
0x081A	0x100E      	IORWF       R14, 0, 0
;__Lib_MathDouble.c,1486 :: 		
0x081C	0x0B01      	ANDLW       1
;__Lib_MathDouble.c,1487 :: 		
0x081E	0x260D      	ADDWF       R13, 1, 0
;__Lib_MathDouble.c,1488 :: 		
0x0820	0xB0D8      	BTFSC       STATUS, 0, 0
;__Lib_MathDouble.c,1489 :: 		
0x0822	0x2A0C      	INCF        R12, 1, 0
;__Lib_MathDouble.c,1490 :: 		
0x0824	0xB4D8      	BTFSC       STATUS, 2, 0
;__Lib_MathDouble.c,1491 :: 		
0x0826	0x2A08      	INCF        R8, 1, 0
;__Lib_MathDouble.c,1492 :: 		
0x0828	0xA4D8      	BTFSS       STATUS, 2, 0
;__Lib_MathDouble.c,1493 :: 		
0x082A	0xF004EF1E  	GOTO        DIV32OK
;__Lib_MathDouble.c,1494 :: 		
0x082E	0x3208      	RRCF        R8, 1, 0
;__Lib_MathDouble.c,1495 :: 		
0x0830	0x320C      	RRCF        R12, 1, 0
;__Lib_MathDouble.c,1496 :: 		
0x0832	0x320D      	RRCF        R13, 1, 0
;__Lib_MathDouble.c,1497 :: 		
0x0834	0x2A03      	INCF        R3, 1, 0
;__Lib_MathDouble.c,1498 :: 		
0x0836	0xB4D8      	BTFSC       STATUS, 2, 0
;__Lib_MathDouble.c,1499 :: 		
0x0838	0xF004EF31  	GOTO        JPDSETFOV32
;__Lib_MathDouble.c,1500 :: 		
DIV32OK:
;__Lib_MathDouble.c,1501 :: 		
0x083C	0xAE0A      	BTFSS       R10, 7, 0
;__Lib_MathDouble.c,1502 :: 		
0x083E	0x9E08      	BCF         R8, 7, 0
;__Lib_MathDouble.c,1503 :: 		
0x0840	0x5008      	MOVF        R8, 0, 0
;__Lib_MathDouble.c,1504 :: 		
0x0842	0x6E02      	MOVWF       R2, 0
;__Lib_MathDouble.c,1505 :: 		
0x0844	0x500C      	MOVF        R12, 0, 0
;__Lib_MathDouble.c,1506 :: 		
0x0846	0x6E01      	MOVWF       R1, 0
;__Lib_MathDouble.c,1507 :: 		
0x0848	0x500D      	MOVF        R13, 0, 0
;__Lib_MathDouble.c,1508 :: 		
0x084A	0x6E00      	MOVWF       R0, 0
;__Lib_MathDouble.c,1511 :: 		
0x084C	0xF004EF39  	GOTO        DIV32EEE
;__Lib_MathDouble.c,1512 :: 		
JPDSETFDZ32:
;__Lib_MathDouble.c,1513 :: 		
0x0850	0x0E01      	MOVLW       1
;__Lib_MathDouble.c,1516 :: 		
0x0852	0xDCF9      	RCALL       _SETFDZ32
;__Lib_MathDouble.c,1518 :: 		
0x0854	0xF004EF39  	GOTO        DIV32EEE
;__Lib_MathDouble.c,1519 :: 		
JPDRES032:
;__Lib_MathDouble.c,1520 :: 		
0x0858	0x0E02      	MOVLW       2
;__Lib_MathDouble.c,1523 :: 		
0x085A	0xF000EC2B  	CALL        _RES032, 0
;__Lib_MathDouble.c,1525 :: 		
0x085E	0xF004EF39  	GOTO        DIV32EEE
;__Lib_MathDouble.c,1526 :: 		
JPDSETFOV32:
;__Lib_MathDouble.c,1527 :: 		
0x0862	0x0E04      	MOVLW       4
;__Lib_MathDouble.c,1530 :: 		
0x0864	0xF000EC1F  	CALL        _SETFOV32, 0
;__Lib_MathDouble.c,1532 :: 		
0x0868	0xF004EF39  	GOTO        DIV32EEE
;__Lib_MathDouble.c,1533 :: 		
JPDSETFUN32:
;__Lib_MathDouble.c,1534 :: 		
0x086C	0x0E08      	MOVLW       8
;__Lib_MathDouble.c,1537 :: 		
0x086E	0xF000EC12  	CALL        _SETFUN32, 0
;__Lib_MathDouble.c,1539 :: 		
DIV32EEE:
;__Lib_MathDouble.c,1547 :: 		
L_end_Div_32x32_FP:
0x0872	0x0012      	RETURN      0
; end of _Div_32x32_FP
_Sub_32x32_FP:
;__Lib_MathDouble.c,1113 :: 		
;__Lib_MathDouble.c,1118 :: 		
0x0874	0x7E06      	BTG         R6, 7, 0
;__Lib_MathDouble.c,1120 :: 		
0x0876	0xDD31      	RCALL       _Add_32x32_FP
;__Lib_MathDouble.c,1121 :: 		
L_end_Sub_32x32_FP:
0x0878	0x0012      	RETURN      0
; end of _Sub_32x32_FP
_I2C1_Wr:
;__Lib_I2C_b10.c,84 :: 		
;__Lib_I2C_b10.c,86 :: 		
0x087A	0x969E      	BCF         PIR1, 3 
;__Lib_I2C_b10.c,87 :: 		
0x087C	0xFFC9C017  	MOVFF       FARG_I2C1_Wr_data_, SSPBUF
;__Lib_I2C_b10.c,89 :: 		
L_I2C1_Wr18:
0x0880	0xA4C7      	BTFSS       SSPSTAT, 2 
0x0882	0xD001      	BRA         L_I2C1_Wr19
;__Lib_I2C_b10.c,90 :: 		
0x0884	0xD7FD      	BRA         L_I2C1_Wr18
L_I2C1_Wr19:
;__Lib_I2C_b10.c,92 :: 		
L_I2C1_Wr20:
0x0886	0xB69E      	BTFSC       PIR1, 3 
0x0888	0xD001      	BRA         L_I2C1_Wr21
;__Lib_I2C_b10.c,93 :: 		
0x088A	0xD7FD      	BRA         L_I2C1_Wr20
L_I2C1_Wr21:
;__Lib_I2C_b10.c,95 :: 		
0x088C	0xBCC5      	BTFSC       SSPCON2, 6 
0x088E	0xD002      	BRA         L_I2C1_Wr22
;__Lib_I2C_b10.c,96 :: 		
0x0890	0x6A00      	CLRF        R0 
0x0892	0xD003      	BRA         L_end_I2C1_Wr
;__Lib_I2C_b10.c,97 :: 		
L_I2C1_Wr22:
;__Lib_I2C_b10.c,99 :: 		
0x0894	0x84C5      	BSF         SSPCON2, 2 
;__Lib_I2C_b10.c,100 :: 		
0x0896	0x0E02      	MOVLW       2
0x0898	0x6E00      	MOVWF       R0 
;__Lib_I2C_b10.c,102 :: 		
L_end_I2C1_Wr:
0x089A	0x0012      	RETURN      0
; end of _I2C1_Wr
_I2C1_Init:
;__Lib_I2C_b10.c,4 :: 		
;__Lib_I2C_b10.c,11 :: 		
0x089C	0x9093      	BCF         TRISB0_bit, BitPos(TRISB0_bit+0) 
;__Lib_I2C_b10.c,12 :: 		
0x089E	0x9293      	BCF         TRISB1_bit, BitPos(TRISB1_bit+0) 
;__Lib_I2C_b10.c,15 :: 		
0x08A0	0x908A      	BCF         LATB0_bit, BitPos(LATB0_bit+0) 
;__Lib_I2C_b10.c,16 :: 		
0x08A2	0x928A      	BCF         LATB1_bit, BitPos(LATB1_bit+0) 
;__Lib_I2C_b10.c,19 :: 		
0x08A4	0x8093      	BSF         TRISB0_bit, BitPos(TRISB0_bit+0) 
;__Lib_I2C_b10.c,20 :: 		
0x08A6	0x8293      	BSF         TRISB1_bit, BitPos(TRISB1_bit+0) 
;__Lib_I2C_b10.c,22 :: 		
0x08A8	0x9EC7      	BCF         SSPSTAT, 7 
;__Lib_I2C_b10.c,23 :: 		
0x08AA	0x9CC7      	BCF         SSPSTAT, 6 
;__Lib_I2C_b10.c,24 :: 		
0x08AC	0x0E38      	MOVLW       56
0x08AE	0x6EC6      	MOVWF       SSPCON1 
;__Lib_I2C_b10.c,27 :: 		
L_end_I2C1_Init:
0x08B0	0x0012      	RETURN      0
; end of _I2C1_Init
_I2C1_Start:
;__Lib_I2C_b10.c,36 :: 		
;__Lib_I2C_b10.c,39 :: 		
0x08B2	0x6A17      	CLRF        I2C1_Start_j_L0 
0x08B4	0x6A18      	CLRF        I2C1_Start_j_L0+1 
L_I2C1_Start2:
0x08B6	0x5018      	MOVF        I2C1_Start_j_L0+1, 0 
0x08B8	0x0812      	SUBLW       18
0x08BA	0xE102      	BNZ         L__I2C1_Start27
0x08BC	0x5017      	MOVF        I2C1_Start_j_L0, 0 
0x08BE	0x088E      	SUBLW       142
L__I2C1_Start27:
0x08C0	0xE307      	BNC         L_I2C1_Start3
;__Lib_I2C_b10.c,40 :: 		
0x08C2	0xDCC5      	RCALL       _I2C1_Is_Idle
0x08C4	0x5200      	MOVF        R0, 1 
0x08C6	0xE001      	BZ          L_I2C1_Start5
;__Lib_I2C_b10.c,41 :: 		
0x08C8	0xD003      	BRA         L_I2C1_Start3
L_I2C1_Start5:
;__Lib_I2C_b10.c,39 :: 		
0x08CA	0x4A17      	INFSNZ      I2C1_Start_j_L0, 1 
0x08CC	0x2A18      	INCF        I2C1_Start_j_L0+1, 1 
;__Lib_I2C_b10.c,42 :: 		
0x08CE	0xD7F3      	BRA         L_I2C1_Start2
L_I2C1_Start3:
;__Lib_I2C_b10.c,44 :: 		
0x08D0	0x0E12      	MOVLW       18
0x08D2	0x5C18      	SUBWF       I2C1_Start_j_L0+1, 0 
0x08D4	0xE102      	BNZ         L__I2C1_Start28
0x08D6	0x0E8F      	MOVLW       143
0x08D8	0x5C17      	SUBWF       I2C1_Start_j_L0, 0 
L__I2C1_Start28:
0x08DA	0xE303      	BNC         L_I2C1_Start6
;__Lib_I2C_b10.c,45 :: 		
0x08DC	0x0E7B      	MOVLW       123
0x08DE	0x6E00      	MOVWF       R0 
0x08E0	0xD005      	BRA         L_end_I2C1_Start
L_I2C1_Start6:
;__Lib_I2C_b10.c,47 :: 		
0x08E2	0x80C5      	BSF         SSPCON2, 0 
;__Lib_I2C_b10.c,48 :: 		
L_I2C1_Start8:
0x08E4	0xA0C5      	BTFSS       SSPCON2, 0 
0x08E6	0xD001      	BRA         L_I2C1_Start9
;__Lib_I2C_b10.c,49 :: 		
0x08E8	0xD7FD      	BRA         L_I2C1_Start8
L_I2C1_Start9:
;__Lib_I2C_b10.c,50 :: 		
0x08EA	0x6A00      	CLRF        R0 
;__Lib_I2C_b10.c,52 :: 		
L_end_I2C1_Start:
0x08EC	0x0012      	RETURN      0
; end of _I2C1_Start
_I2C1_Stop:
;__Lib_I2C_b10.c,105 :: 		
;__Lib_I2C_b10.c,106 :: 		
0x08EE	0x84C5      	BSF         SSPCON2, 2 
;__Lib_I2C_b10.c,107 :: 		
L_end_I2C1_Stop:
0x08F0	0x0012      	RETURN      0
; end of _I2C1_Stop
_word2double:
;__Lib_MathDouble.c,2335 :: 		
;__Lib_MathDouble.c,2344 :: 		
0x08F2	0x5000      	MOVF        R0, 0, 0
;__Lib_MathDouble.c,2345 :: 		
0x08F4	0x6E08      	MOVWF       R8, 0
;__Lib_MathDouble.c,2346 :: 		
0x08F6	0x5001      	MOVF        R1, 0, 0
;__Lib_MathDouble.c,2347 :: 		
0x08F8	0x6E00      	MOVWF       R0, 0
;__Lib_MathDouble.c,2348 :: 		
0x08FA	0x6A01      	CLRF        R1, 0
;__Lib_MathDouble.c,2349 :: 		
0x08FC	0x6A02      	CLRF        R2, 0
;__Lib_MathDouble.c,2350 :: 		
0x08FE	0x6A03      	CLRF        R3, 0
;__Lib_MathDouble.c,2353 :: 		
0x0900	0x6A0B      	CLRF        R11, 0
;__Lib_MathDouble.c,2354 :: 		
0x0902	0x6A0C      	CLRF        R12, 0
;__Lib_MathDouble.c,2356 :: 		
0x0904	0x0E96      	MOVLW       150
;__Lib_MathDouble.c,2357 :: 		
0x0906	0x6E03      	MOVWF       R3, 0
;__Lib_MathDouble.c,2358 :: 		
0x0908	0x6A0A      	CLRF        R10, 0
;__Lib_MathDouble.c,2360 :: 		
0x090A	0xF001C000  	MOVFF       R0, R1
;__Lib_MathDouble.c,2361 :: 		
0x090E	0xF000C008  	MOVFF       R8, R0
;__Lib_MathDouble.c,2362 :: 		
0x0912	0x6A08      	CLRF        R8, 0
;__Lib_MathDouble.c,2363 :: 		
0x0914	0x6A02      	CLRF        R2, 0
;__Lib_MathDouble.c,2365 :: 		
0x0916	0xDCA8      	RCALL       _NRM3232
;__Lib_MathDouble.c,2366 :: 		
L_end_word2double:
0x0918	0x0012      	RETURN      0
; end of _word2double
_I2C1_Rd:
;__Lib_I2C_b10.c,60 :: 		
;__Lib_I2C_b10.c,63 :: 		
0x091A	0x969E      	BCF         PIR1, 3 
;__Lib_I2C_b10.c,64 :: 		
0x091C	0x86C5      	BSF         SSPCON2, 3 
;__Lib_I2C_b10.c,66 :: 		
L_I2C1_Rd12:
0x091E	0xB69E      	BTFSC       PIR1, 3 
0x0920	0xD001      	BRA         L_I2C1_Rd13
;__Lib_I2C_b10.c,67 :: 		
0x0922	0xD7FD      	BRA         L_I2C1_Rd12
L_I2C1_Rd13:
;__Lib_I2C_b10.c,69 :: 		
0x0924	0xF001CFC9  	MOVFF       SSPBUF, R1
;__Lib_I2C_b10.c,70 :: 		
0x0928	0x5017      	MOVF        FARG_I2C1_Rd_ack, 0 
0x092A	0x0A00      	XORLW       0
0x092C	0xE102      	BNZ         L_I2C1_Rd14
;__Lib_I2C_b10.c,71 :: 		
0x092E	0x8AC5      	BSF         SSPCON2, 5 
0x0930	0xD001      	BRA         L_I2C1_Rd15
L_I2C1_Rd14:
;__Lib_I2C_b10.c,73 :: 		
0x0932	0x9AC5      	BCF         SSPCON2, 5 
L_I2C1_Rd15:
;__Lib_I2C_b10.c,75 :: 		
0x0934	0x969E      	BCF         PIR1, 3 
;__Lib_I2C_b10.c,76 :: 		
0x0936	0x88C5      	BSF         SSPCON2, 4 
;__Lib_I2C_b10.c,78 :: 		
L_I2C1_Rd16:
0x0938	0xB69E      	BTFSC       PIR1, 3 
0x093A	0xD001      	BRA         L_I2C1_Rd17
;__Lib_I2C_b10.c,79 :: 		
0x093C	0xD7FD      	BRA         L_I2C1_Rd16
L_I2C1_Rd17:
;__Lib_I2C_b10.c,81 :: 		
0x093E	0xF000C001  	MOVFF       R1, R0
;__Lib_I2C_b10.c,82 :: 		
L_end_I2C1_Rd:
0x0942	0x0012      	RETURN      0
; end of _I2C1_Rd
_I2C1_Repeated_Start:
;__Lib_I2C_b10.c,54 :: 		
;__Lib_I2C_b10.c,55 :: 		
0x0944	0x82C5      	BSF         SSPCON2, 1 
;__Lib_I2C_b10.c,56 :: 		
L_I2C1_Repeated_Start10:
0x0946	0xA2C5      	BTFSS       SSPCON2, 1 
0x0948	0xD001      	BRA         L_I2C1_Repeated_Start11
;__Lib_I2C_b10.c,57 :: 		
0x094A	0xD7FD      	BRA         L_I2C1_Repeated_Start10
L_I2C1_Repeated_Start11:
;__Lib_I2C_b10.c,58 :: 		
L_end_I2C1_Repeated_Start:
0x094C	0x0012      	RETURN      0
; end of _I2C1_Repeated_Start
_th02Init:
;th02.h,4 :: 		void th02Init(void)
;th02.h,6 :: 		I2C1_Init(100000);         // Initialize I2C communication
0x094E	0x0E32      	MOVLW       50
0x0950	0x6EC8      	MOVWF       SSPADD 
0x0952	0xDFA4      	RCALL       _I2C1_Init
;th02.h,7 :: 		delay_ms(100);
0x0954	0x0E03      	MOVLW       3
0x0956	0x6E0B      	MOVWF       R11, 0
0x0958	0x0E8A      	MOVLW       138
0x095A	0x6E0C      	MOVWF       R12, 0
0x095C	0x0E55      	MOVLW       85
0x095E	0x6E0D      	MOVWF       R13, 0
L_th02Init0:
0x0960	0x2E0D      	DECFSZ      R13, 1, 0
0x0962	0xD7FE      	BRA         L_th02Init0
0x0964	0x2E0C      	DECFSZ      R12, 1, 0
0x0966	0xD7FC      	BRA         L_th02Init0
0x0968	0x2E0B      	DECFSZ      R11, 1, 0
0x096A	0xD7FA      	BRA         L_th02Init0
0x096C	0x0000      	NOP
0x096E	0x0000      	NOP
;th02.h,9 :: 		ADCON1=0x0F;               // PortB as digital
0x0970	0x0E0F      	MOVLW       15
0x0972	0x6EC1      	MOVWF       ADCON1 
;th02.h,10 :: 		INTCON2.RBPU=0;            // Pull-up resistors
0x0974	0x9EF1      	BCF         INTCON2, 7 
;th02.h,11 :: 		PORTB=0;                   // Clear PORTB
0x0976	0x6A81      	CLRF        PORTB 
;th02.h,12 :: 		}
L_end_th02Init:
0x0978	0x0012      	RETURN      0
; end of _th02Init
___CC2DW:
;__Lib_System.c,21 :: 		
;__Lib_System.c,23 :: 		
_CC2DL_Loop1:
;__Lib_System.c,24 :: 		
0x097A	0x0009      	TBLRD*+
;__Lib_System.c,25 :: 		
0x097C	0xFFE6CFF5  	MOVFF       TABLAT, POSTINC1
;__Lib_System.c,26 :: 		
0x0980	0x0600      	DECF        R0, 1, 0
;__Lib_System.c,27 :: 		
0x0982	0xE1FB      	BNZ         _CC2DL_Loop1
;__Lib_System.c,28 :: 		
0x0984	0x0601      	DECF        R1, 1, 0
;__Lib_System.c,29 :: 		
0x0986	0xE1F9      	BNZ         _CC2DL_Loop1
;__Lib_System.c,31 :: 		
L_end___CC2DW:
0x0988	0x0012      	RETURN      0
; end of ___CC2DW
_getTemperature:
;th02.h,14 :: 		float getTemperature(void)
;th02.h,19 :: 		I2C1_Start();
0x098A	0xDF93      	RCALL       _I2C1_Start
;th02.h,20 :: 		I2C1_Wr(0x80);                // Address Device + Write
0x098C	0x0E80      	MOVLW       128
0x098E	0x6E17      	MOVWF       FARG_I2C1_Wr_data_ 
0x0990	0xDF74      	RCALL       _I2C1_Wr
;th02.h,21 :: 		I2C1_Wr(0x03);                // Address Pointer
0x0992	0x0E03      	MOVLW       3
0x0994	0x6E17      	MOVWF       FARG_I2C1_Wr_data_ 
0x0996	0xDF71      	RCALL       _I2C1_Wr
;th02.h,22 :: 		I2C1_Wr(0x11);                // Register Data
0x0998	0x0E11      	MOVLW       17
0x099A	0x6E17      	MOVWF       FARG_I2C1_Wr_data_ 
0x099C	0xDF6E      	RCALL       _I2C1_Wr
;th02.h,23 :: 		I2C1_Stop();
0x099E	0xDFA7      	RCALL       _I2C1_Stop
;th02.h,25 :: 		delay_ms(80);                 // Conversion time (MAX = 40ms)
0x09A0	0x0E03      	MOVLW       3
0x09A2	0x6E0B      	MOVWF       R11, 0
0x09A4	0x0E08      	MOVLW       8
0x09A6	0x6E0C      	MOVWF       R12, 0
0x09A8	0x0E77      	MOVLW       119
0x09AA	0x6E0D      	MOVWF       R13, 0
L_getTemperature1:
0x09AC	0x2E0D      	DECFSZ      R13, 1, 0
0x09AE	0xD7FE      	BRA         L_getTemperature1
0x09B0	0x2E0C      	DECFSZ      R12, 1, 0
0x09B2	0xD7FC      	BRA         L_getTemperature1
0x09B4	0x2E0B      	DECFSZ      R11, 1, 0
0x09B6	0xD7FA      	BRA         L_getTemperature1
;th02.h,27 :: 		I2C1_Start();
0x09B8	0xDF7C      	RCALL       _I2C1_Start
;th02.h,28 :: 		I2C1_Wr(0x80);                // Address Device + Write
0x09BA	0x0E80      	MOVLW       128
0x09BC	0x6E17      	MOVWF       FARG_I2C1_Wr_data_ 
0x09BE	0xDF5D      	RCALL       _I2C1_Wr
;th02.h,29 :: 		I2C1_Wr(0x01);                // Address Pointer
0x09C0	0x0E01      	MOVLW       1
0x09C2	0x6E17      	MOVWF       FARG_I2C1_Wr_data_ 
0x09C4	0xDF5A      	RCALL       _I2C1_Wr
;th02.h,30 :: 		I2C1_Repeated_start();
0x09C6	0xDFBE      	RCALL       _I2C1_Repeated_Start
;th02.h,31 :: 		I2C1_Wr(0x81);                // Address Device + Read
0x09C8	0x0E81      	MOVLW       129
0x09CA	0x6E17      	MOVWF       FARG_I2C1_Wr_data_ 
0x09CC	0xDF56      	RCALL       _I2C1_Wr
;th02.h,32 :: 		buffer =  I2C1_Rd(1) << 8;
0x09CE	0x0E01      	MOVLW       1
0x09D0	0x6E17      	MOVWF       FARG_I2C1_Rd_ack 
0x09D2	0xDFA3      	RCALL       _I2C1_Rd
0x09D4	0xF016C000  	MOVFF       R0, getTemperature_buffer_L0+1
0x09D8	0x6A15      	CLRF        getTemperature_buffer_L0 
;th02.h,33 :: 		buffer |=  I2C1_Rd(0);
0x09DA	0x6A17      	CLRF        FARG_I2C1_Rd_ack 
0x09DC	0xDF9E      	RCALL       _I2C1_Rd
0x09DE	0x5000      	MOVF        R0, 0 
0x09E0	0x1215      	IORWF       getTemperature_buffer_L0, 1 
0x09E2	0x0E00      	MOVLW       0
0x09E4	0x1216      	IORWF       getTemperature_buffer_L0+1, 1 
;th02.h,34 :: 		I2C1_Stop();
0x09E6	0xDF83      	RCALL       _I2C1_Stop
;th02.h,36 :: 		buffer >>= 2;                 // Equation from data sheet
0x09E8	0xF000C015  	MOVFF       getTemperature_buffer_L0, R0
0x09EC	0xF001C016  	MOVFF       getTemperature_buffer_L0+1, R1
0x09F0	0x3201      	RRCF        R1, 1 
0x09F2	0x3200      	RRCF        R0, 1 
0x09F4	0x9E01      	BCF         R1, 7 
0x09F6	0x3201      	RRCF        R1, 1 
0x09F8	0x3200      	RRCF        R0, 1 
0x09FA	0x9E01      	BCF         R1, 7 
0x09FC	0xF015C000  	MOVFF       R0, getTemperature_buffer_L0
0x0A00	0xF016C001  	MOVFF       R1, getTemperature_buffer_L0+1
;th02.h,37 :: 		temperature = buffer;
0x0A04	0xDF76      	RCALL       _word2double
;th02.h,38 :: 		temperature = (temperature/32)-50;
0x0A06	0x0E00      	MOVLW       0
0x0A08	0x6E04      	MOVWF       R4 
0x0A0A	0x0E00      	MOVLW       0
0x0A0C	0x6E05      	MOVWF       R5 
0x0A0E	0x0E00      	MOVLW       0
0x0A10	0x6E06      	MOVWF       R6 
0x0A12	0x0E84      	MOVLW       132
0x0A14	0x6E07      	MOVWF       R7 
0x0A16	0xDE71      	RCALL       _Div_32x32_FP
0x0A18	0x0E00      	MOVLW       0
0x0A1A	0x6E04      	MOVWF       R4 
0x0A1C	0x0E00      	MOVLW       0
0x0A1E	0x6E05      	MOVWF       R5 
0x0A20	0x0E48      	MOVLW       72
0x0A22	0x6E06      	MOVWF       R6 
0x0A24	0x0E84      	MOVLW       132
0x0A26	0x6E07      	MOVWF       R7 
0x0A28	0xDF25      	RCALL       _Sub_32x32_FP
;th02.h,40 :: 		return temperature;
;th02.h,41 :: 		}
L_end_getTemperature:
0x0A2A	0x0012      	RETURN      0
; end of _getTemperature
_main:
;e_TYH_1.c,3 :: 		void main() {
;e_TYH_1.c,4 :: 		th02Init();
0x0A2C	0xDF90      	RCALL       _th02Init
;e_TYH_1.c,5 :: 		getTemperature();
0x0A2E	0xDFAD      	RCALL       _getTemperature
;e_TYH_1.c,7 :: 		}
L_end_main:
0x0A30	0xD7FF      	BRA         $+0
; end of _main
Symbol List:
//** Routines locations **
//ADDRESS    SIZE    PROCEDURE
//----------------------------------------------
0x001C       [8]    _FIXSIGN32
0x0024      [26]    _SETFUN32
0x003E      [24]    _SETFOV32
0x0056      [14]    _RES032
0x0064     [482]    _NRM4032
0x0246       [8]    _SETFDZ32
0x024E      [26]    _I2C1_Is_Idle
0x0268     [114]    _NRM3232
0x02DA    [1056]    _Add_32x32_FP
0x06FA     [378]    _Div_32x32_FP
0x0874       [6]    _Sub_32x32_FP
0x087A      [34]    _I2C1_Wr
0x089C      [22]    _I2C1_Init
0x08B2      [60]    _I2C1_Start
0x08EE       [4]    _I2C1_Stop
0x08F2      [40]    _word2double
0x091A      [42]    _I2C1_Rd
0x0944      [10]    _I2C1_Repeated_Start
0x094E      [44]    _th02Init
0x097A      [16]    ___CC2DW
0x098A     [162]    _getTemperature
0x0A2C       [6]    _main
//** Variables locations ** 
//ADDRESS    SIZE    VARIABLE
//----------------------------------------------
0x0000       [1]    R0
0x0000       [1]    UART1_Init_tmp_L0
0x0000       [1]    SPI1_Write_tmp_L0
0x0000       [1]    __Lib_SoftI2C_PutZerosToLATSda_temp_sda_L0
0x0000       [1]    EEPROM_Write_SaveINTCON_L0
0x0000       [1]    FLASH_Erase_64_SaveINTCON_L0
0x0000       [1]    __Lib_SoftI2C_PutZerosToLATScl_temp_scl_L0
0x0001       [2]    FLASH_Read_N_Bytes_i_L0
0x0001       [1]    I2C1_Rd_tmp_L0
0x0001       [1]    FLASH_Erase_Write_64_i_L0
0x0001       [1]    __Lib_PS2_Wait_Falling_nsample_L0
0x0001       [1]    FLASH_Write_32_i_L0
0x0001       [1]    R1
0x0001       [1]    __Lib_TFT_JPEG_FileRead_i_L0
0x0001       [1]    __Lib_TFT_JPEG_FileReadBytes_Result_L0
0x0001       [1]    __Lib_TFT_16bit_JPEG_FileReadBytes_Result_L0
0x0001       [1]    UART1_Read___tmp_UART1_Read_L0
0x0001       [1]    __Lib_TFT_16bit_JPEG_FileRead_i_L0
0x0001       [1]    __Lib_USB_genHID_?FLOC____Lib_USB_genHID_USB_Handle_BusyT1
0x0001       [1]    ispunct_rslt_L0
0x0002       [2]    memchr_s_L0
0x0002       [2]    strlen_cp_L0
0x0002       [1]    FLASH_Erase_Write_64_j_L0
0x0002       [1]    FLASH_Write_32_SaveINTCON_L0
0x0002       [1]    __Lib_USB_genHID_USB_CtrlTrf_Rx_Service_byteToRead_L0
0x0002       [2]    memset_pp_L0
0x0002       [1]    R2
0x0002       [2]    memcpy_dd_L0
0x0003       [1]    FLASH_Erase_Write_64_SaveINTCON_L0
0x0003       [1]    MM_Init_i_L0
0x0003       [2]    Ltrim_original_L0
0x0003       [1]    __Lib_USB_genHID_USB_CtrlTrf_Rx_Service_i_L0
0x0003       [2]    __Lib_USB_genHID_USB_CtrlTrf_Tx_Service_byteToSend_L0
0x0003       [2]    __Lib_MmcFat16_f16_toInt_l_L0
0x0003       [1]    __Lib_Sprinti_?FLOC____Lib_Sprinti_Do_FillT29
0x0003       [2]    MM_TotalFreeMemSize_Tot_L0
0x0003       [2]    memmove_tt_L0
0x0003       [1]    R3
0x0004       [2]    strcat_cp_L0
0x0004       [2]    __Lib_USB_genHID_USB_Std_Feature_Req_Handler_p_L0
0x0004       [2]    strcpy_cp_L0
0x0004       [2]    strncat_cp_L0
0x0004       [2]    __Lib_USB_genHID_USB_Transfer_Packet_handle_L0
0x0004       [2]    __Lib_MemManager_MM_GetMemAlign_P_L0
0x0004       [2]    __Lib_USB_genHID_USB_Get_Status_Handler_p_L2
0x0004       [1]    __Lib_USB_genHID_GetMaxIndexInDevDsc_index_L0
0x0004       [2]    frexp_pom_L0
0x0004       [2]    memcpy_ss_L0
0x0004       [2]    strncpy_cp_L0
0x0004       [1]    R4
0x0004       [1]    __Lib_Sprinti_?FLOC____Lib_Sprinti_Do_FillT40
0x0005       [1]    MM_TotalFreeMemSize_i_L0
0x0005       [1]    R5
0x0005       [2]    LongIntToHex_input_half_L0
0x0005       [2]    LongWordToHex_input_half_L0
0x0005       [2]    __Lib_USB_genHID_USB_Configure_Endpoint_handle_L0
0x0005       [1]    __Lib_Sprinti_?FLOC____Lib_Sprinti_Do_FillT54
0x0005       [2]    memmove_ff_L0
0x0005       [2]    Ltrim_p_L0
0x0006       [1]    __Lib_MemManager_MM_GetMemAlign_i_L0
0x0006       [2]    __Lib_USB_genHID_GetMaxIndexInConfigDsc_totalLen_L0
0x0006       [1]    __Lib_Sprinti_?FLOC____Lib_Sprinti_Do_FillT69
0x0006       [1]    R6
0x0007       [1]    __Lib_TFT_16bit_JPEG_GenerateHuffmanTables_bLength_L0
0x0007       [1]    __Lib_TFT_JPEG_GenerateHuffmanTables_bLength_L0
0x0007       [1]    R7
0x0008       [1]    R8
0x0008       [3]    __Lib_USB_genHID_GetMaxIndexInConfigDsc_ptr_L0
0x0008       [1]    __Lib_TFT_JPEG_GenerateHuffmanTables_bTable_L0
0x0008       [1]    __Lib_TFT_16bit_JPEG_GenerateHuffmanTables_bTable_L0
0x0009       [1]    R9
0x0009       [4]    __Lib_MmcFat16_f16_toLong_l_L0
0x000A       [1]    R10
0x000B       [1]    R11
0x000C       [1]    R12
0x000D       [1]    R13
0x000E       [1]    R14
0x000F       [1]    R15
0x0010       [1]    R16
0x0011       [1]    R17
0x0012       [1]    R18
0x0013       [1]    R19
0x0014       [1]    R20
0x0015       [2]    getTemperature_buffer_L0
0x0017       [1]    FARG_I2C1_Rd_ack
0x0017       [4]    FARG_I2C1_Init_clock
0x0017       [1]    FARG_I2C1_Wr_data_
0x0017       [2]    I2C1_Start_j_L0
0x0F81       [1]    PORTB
0x0F8A       [0]    LATB1_bit
0x0F8A       [0]    LATB0_bit
0x0F93       [0]    TRISB1_bit
0x0F93       [0]    TRISB0_bit
0x0F9E       [1]    PIR1
0x0FC1       [1]    ADCON1
0x0FC5       [1]    SSPCON2
0x0FC6       [1]    SSPCON1
0x0FC7       [1]    SSPSTAT
0x0FC8       [1]    SSPADD
0x0FC9       [1]    SSPBUF
0x0FD8       [1]    STATUS
0x0FD9       [1]    FSR2L
0x0FDA       [1]    FSR2H
0x0FDE       [1]    POSTINC2
0x0FE0       [1]    BSR
0x0FE1       [1]    FSR1L
0x0FE2       [1]    FSR1H
0x0FE4       [1]    PREINC1
0x0FE6       [1]    POSTINC1
0x0FE7       [1]    INDF1
0x0FE8       [1]    WREG
0x0FE9       [1]    FSR0L
0x0FEA       [1]    FSR0H
0x0FEE       [1]    POSTINC0
0x0FF1       [1]    INTCON2
0x0FF3       [1]    PRODL
0x0FF4       [1]    PRODH
0x0FF5       [1]    TABLAT
0x0FF6       [1]    TBLPTRL
0x0FF7       [1]    TBLPTRH
0x0FF8       [1]    TBLPTRU
