;  LST file generated by mikroListExporter - v.2.0 
; Date/Time: 28/06/2019 03:48:34 p. m.
;----------------------------------------------

;Address Opcode 	ASM
0x0000	0xF003EF4D  	GOTO        1690
0x0004	0x0000      	NOP
0x0006	0x0000      	NOP
0x0008	0xF000EF00  	GOTO        0
0x000C	0x0000      	NOP
0x000E	0x0000      	NOP
0x0010	0x0000      	NOP
0x0012	0x0000      	NOP
0x0014	0x0000      	NOP
0x0016	0x0000      	NOP
0x0018	0xD7F3      	BRA         0
_UART1_Write:
;__Lib_UART_c67.c,58 :: 		
;__Lib_UART_c67.c,59 :: 		
L_UART1_Write3:
0x001C	0xB2AC      	BTFSC       TXSTA, 1 
0x001E	0xD002      	BRA         L_UART1_Write4
;__Lib_UART_c67.c,60 :: 		
0x0020	0x0000      	NOP
0x0022	0xD7FC      	BRA         L_UART1_Write3
L_UART1_Write4:
;__Lib_UART_c67.c,61 :: 		
0x0024	0xFFADC0A4  	MOVFF       FARG_UART1_Write_data_, TXREG
;__Lib_UART_c67.c,62 :: 		
L_end_UART1_Write:
0x0028	0x0012      	RETURN      0
; end of _UART1_Write
_Div_16X16_U:
;__Lib_Math.c,102 :: 		
;__Lib_Math.c,109 :: 		
0x002A	0x6A08      	CLRF        R8, 0
;__Lib_Math.c,110 :: 		
0x002C	0x6A09      	CLRF        R9, 0
;__Lib_Math.c,111 :: 		
0x002E	0x0E10      	MOVLW       16
;__Lib_Math.c,112 :: 		
0x0030	0x6E0C      	MOVWF       R12, 0
;__Lib_Math.c,113 :: 		
0x0032	0x3401      	RLCF        R1, 0, 0
;__Lib_Math.c,114 :: 		
0x0034	0x3608      	RLCF        R8, 1, 0
;__Lib_Math.c,115 :: 		
0x0036	0x3609      	RLCF        R9, 1, 0
;__Lib_Math.c,116 :: 		
0x0038	0x5004      	MOVF        R4, 0, 0
;__Lib_Math.c,117 :: 		
0x003A	0x5E08      	SUBWF       R8, 1, 0
;__Lib_Math.c,118 :: 		
0x003C	0x5005      	MOVF        R5, 0, 0
;__Lib_Math.c,119 :: 		
0x003E	0xA0D8      	BTFSS       STATUS, 0, 0
;__Lib_Math.c,120 :: 		
0x0040	0x3C05      	INCFSZ      R5, 0, 0
;__Lib_Math.c,121 :: 		
0x0042	0x5E09      	SUBWF       R9, 1, 0
;__Lib_Math.c,122 :: 		
0x0044	0xB0D8      	BTFSC       STATUS, 0, 0
;__Lib_Math.c,123 :: 		
0x0046	0xD007      	BRA         $+16
;__Lib_Math.c,124 :: 		
0x0048	0x5004      	MOVF        R4, 0, 0
;__Lib_Math.c,125 :: 		
0x004A	0x2608      	ADDWF       R8, 1, 0
;__Lib_Math.c,126 :: 		
0x004C	0x5005      	MOVF        R5, 0, 0
;__Lib_Math.c,127 :: 		
0x004E	0xB0D8      	BTFSC       STATUS, 0, 0
;__Lib_Math.c,128 :: 		
0x0050	0x3C05      	INCFSZ      R5, 0, 0
;__Lib_Math.c,129 :: 		
0x0052	0x2609      	ADDWF       R9, 1, 0
;__Lib_Math.c,130 :: 		
0x0054	0x90D8      	BCF         STATUS, 0, 0
;__Lib_Math.c,131 :: 		
0x0056	0x3600      	RLCF        R0, 1, 0
;__Lib_Math.c,132 :: 		
0x0058	0x3601      	RLCF        R1, 1, 0
;__Lib_Math.c,133 :: 		
0x005A	0x2E0C      	DECFSZ      R12, 1, 0
;__Lib_Math.c,134 :: 		
0x005C	0xD7EA      	BRA         $-42
;__Lib_Math.c,136 :: 		
L_end_Div_16X16_U:
0x005E	0x0012      	RETURN      0
; end of _Div_16X16_U
_I2C1_Is_Idle:
;__Lib_I2C_b10.c,30 :: 		
;__Lib_I2C_b10.c,31 :: 		
0x0060	0xB4C7      	BTFSC       SSPSTAT, 2 
0x0062	0xD009      	BRA         L_I2C1_Is_Idle0
;__Lib_I2C_b10.c,32 :: 		
0x0064	0x0E1F      	MOVLW       31
0x0066	0x14C5      	ANDWF       SSPCON2, 0 
0x0068	0x6E01      	MOVWF       R1 
0x006A	0x5001      	MOVF        R1, 0 
0x006C	0x0A00      	XORLW       0
0x006E	0xE103      	BNZ         L_I2C1_Is_Idle1
;__Lib_I2C_b10.c,33 :: 		
0x0070	0x0E01      	MOVLW       1
0x0072	0x6E00      	MOVWF       R0 
0x0074	0xD001      	BRA         L_end_I2C1_Is_Idle
L_I2C1_Is_Idle1:
L_I2C1_Is_Idle0:
;__Lib_I2C_b10.c,34 :: 		
0x0076	0x6A00      	CLRF        R0 
;__Lib_I2C_b10.c,35 :: 		
L_end_I2C1_Is_Idle:
0x0078	0x0012      	RETURN      0
; end of _I2C1_Is_Idle
_I2C1_Init:
;__Lib_I2C_b10.c,189 :: 		
;__Lib_I2C_b10.c,191 :: 		
0x007A	0x0E60      	MOVLW       _I2C1_Is_Idle
0x007C	0x0100      	MOVLB       0
0x007E	0x6F7F      	MOVWF       _I2C_Is_Idle_Ptr, 1
0x0080	0x0E00      	MOVLW       hi_addr(_I2C1_Is_Idle)
0x0082	0x6F80      	MOVWF       _I2C_Is_Idle_Ptr+1, 1
0x0084	0x0E00      	MOVLW       0
0x0086	0x6F81      	MOVWF       _I2C_Is_Idle_Ptr+2, 1
0x0088	0x0E00      	MOVLW       0
0x008A	0x6F82      	MOVWF       _I2C_Is_Idle_Ptr+3, 1
;__Lib_I2C_b10.c,192 :: 		
0x008C	0x0E6E      	MOVLW       _I2C1_Start
0x008E	0x6F87      	MOVWF       _I2C_Start_Ptr, 1
0x0090	0x0E04      	MOVLW       hi_addr(_I2C1_Start)
0x0092	0x6F88      	MOVWF       _I2C_Start_Ptr+1, 1
0x0094	0x0E00      	MOVLW       0
0x0096	0x6F89      	MOVWF       _I2C_Start_Ptr+2, 1
0x0098	0x0E00      	MOVLW       0
0x009A	0x6F8A      	MOVWF       _I2C_Start_Ptr+3, 1
;__Lib_I2C_b10.c,193 :: 		
0x009C	0x0E62      	MOVLW       _I2C1_Repeated_Start
0x009E	0x6F8F      	MOVWF       _I2C_Restart_Ptr, 1
0x00A0	0x0E05      	MOVLW       hi_addr(_I2C1_Repeated_Start)
0x00A2	0x6F90      	MOVWF       _I2C_Restart_Ptr+1, 1
0x00A4	0x0E00      	MOVLW       0
0x00A6	0x6F91      	MOVWF       _I2C_Restart_Ptr+2, 1
0x00A8	0x0E00      	MOVLW       0
0x00AA	0x6F92      	MOVWF       _I2C_Restart_Ptr+3, 1
;__Lib_I2C_b10.c,194 :: 		
0x00AC	0x0E92      	MOVLW       _I2C1_Rd
0x00AE	0x6F8B      	MOVWF       _I2C_Read_Ptr, 1
0x00B0	0x0E02      	MOVLW       hi_addr(_I2C1_Rd)
0x00B2	0x6F8C      	MOVWF       _I2C_Read_Ptr+1, 1
0x00B4	0x0E5F      	MOVLW       FARG_I2C1_Rd_ack
0x00B6	0x6F8D      	MOVWF       _I2C_Read_Ptr+2, 1
0x00B8	0x0E00      	MOVLW       hi_addr(FARG_I2C1_Rd_ack)
0x00BA	0x6F8E      	MOVWF       _I2C_Read_Ptr+3, 1
;__Lib_I2C_b10.c,195 :: 		
0x00BC	0x0E54      	MOVLW       _I2C1_Wr
0x00BE	0x6F7B      	MOVWF       _I2C_Write_Ptr, 1
0x00C0	0x0E03      	MOVLW       hi_addr(_I2C1_Wr)
0x00C2	0x6F7C      	MOVWF       _I2C_Write_Ptr+1, 1
0x00C4	0x0E5F      	MOVLW       FARG_I2C1_Wr_data_
0x00C6	0x6F7D      	MOVWF       _I2C_Write_Ptr+2, 1
0x00C8	0x0E00      	MOVLW       hi_addr(FARG_I2C1_Wr_data_)
0x00CA	0x6F7E      	MOVWF       _I2C_Write_Ptr+3, 1
;__Lib_I2C_b10.c,196 :: 		
0x00CC	0x0E5E      	MOVLW       _I2C1_Stop
0x00CE	0x6F6B      	MOVWF       _I2C_Stop_Ptr, 1
0x00D0	0x0E05      	MOVLW       hi_addr(_I2C1_Stop)
0x00D2	0x6F6C      	MOVWF       _I2C_Stop_Ptr+1, 1
0x00D4	0x0E00      	MOVLW       0
0x00D6	0x6F6D      	MOVWF       _I2C_Stop_Ptr+2, 1
0x00D8	0x0E00      	MOVLW       0
0x00DA	0x6F6E      	MOVWF       _I2C_Stop_Ptr+3, 1
;__Lib_I2C_b10.c,203 :: 		
0x00DC	0x9093      	BCF         TRISB0_bit, BitPos(TRISB0_bit+0) 
;__Lib_I2C_b10.c,204 :: 		
0x00DE	0x9293      	BCF         TRISB1_bit, BitPos(TRISB1_bit+0) 
;__Lib_I2C_b10.c,207 :: 		
0x00E0	0x908A      	BCF         LATB0_bit, BitPos(LATB0_bit+0) 
;__Lib_I2C_b10.c,208 :: 		
0x00E2	0x928A      	BCF         LATB1_bit, BitPos(LATB1_bit+0) 
;__Lib_I2C_b10.c,211 :: 		
0x00E4	0x8093      	BSF         TRISB0_bit, BitPos(TRISB0_bit+0) 
;__Lib_I2C_b10.c,212 :: 		
0x00E6	0x8293      	BSF         TRISB1_bit, BitPos(TRISB1_bit+0) 
;__Lib_I2C_b10.c,214 :: 		
0x00E8	0x9EC7      	BCF         SSPSTAT, 7 
;__Lib_I2C_b10.c,215 :: 		
0x00EA	0x9CC7      	BCF         SSPSTAT, 6 
;__Lib_I2C_b10.c,216 :: 		
0x00EC	0x0E38      	MOVLW       56
0x00EE	0x6EC6      	MOVWF       SSPCON1 
;__Lib_I2C_b10.c,219 :: 		
L_end_I2C1_Init:
0x00F0	0x0012      	RETURN      0
; end of _I2C1_Init
_WordToStr:
;__Lib_Conversions.c,98 :: 		
;__Lib_Conversions.c,103 :: 		
0x00F2	0x0100      	MOVLB       0
0x00F4	0x6BA1      	CLRF        WordToStr_len_L0, 1
L_WordToStr11:
0x00F6	0x0E05      	MOVLW       5
0x00F8	0x5DA1      	SUBWF       WordToStr_len_L0, 0, 1
0x00FA	0xE20A      	BC          L_WordToStr12
;__Lib_Conversions.c,104 :: 		
0x00FC	0x51A1      	MOVF        WordToStr_len_L0, 0, 1
0x00FE	0x259F      	ADDWF       FARG_WordToStr_output, 0, 1
0x0100	0x6EE1      	MOVWF       FSR1L 
0x0102	0x0E00      	MOVLW       0
0x0104	0x21A0      	ADDWFC      FARG_WordToStr_output+1, 0, 1
0x0106	0x6EE2      	MOVWF       FSR1H 
0x0108	0x0E20      	MOVLW       32
0x010A	0x6EE6      	MOVWF       POSTINC1 
;__Lib_Conversions.c,103 :: 		
0x010C	0x2BA1      	INCF        WordToStr_len_L0, 1, 1
;__Lib_Conversions.c,104 :: 		
0x010E	0xD7F3      	BRA         L_WordToStr11
L_WordToStr12:
;__Lib_Conversions.c,105 :: 		
0x0110	0x51A1      	MOVF        WordToStr_len_L0, 0, 1
0x0112	0x259F      	ADDWF       FARG_WordToStr_output, 0, 1
0x0114	0x6EE1      	MOVWF       FSR1L 
0x0116	0x0E00      	MOVLW       0
0x0118	0x21A0      	ADDWFC      FARG_WordToStr_output+1, 0, 1
0x011A	0x6EE2      	MOVWF       FSR1H 
0x011C	0x6AE6      	CLRF        POSTINC1 
0x011E	0x07A1      	DECF        WordToStr_len_L0, 1, 1
;__Lib_Conversions.c,107 :: 		
L_WordToStr14:
;__Lib_Conversions.c,108 :: 		
0x0120	0x51A1      	MOVF        WordToStr_len_L0, 0, 1
0x0122	0x259F      	ADDWF       FARG_WordToStr_output, 0, 1
0x0124	0x6FA2      	MOVWF       FLOC__WordToStr, 1
0x0126	0x0E00      	MOVLW       0
0x0128	0x21A0      	ADDWFC      FARG_WordToStr_output+1, 0, 1
0x012A	0x6FA3      	MOVWF       FLOC__WordToStr+1, 1
0x012C	0x0E0A      	MOVLW       10
0x012E	0x6E04      	MOVWF       R4 
0x0130	0x0E00      	MOVLW       0
0x0132	0x6E05      	MOVWF       R5 
0x0134	0xF000C09D  	MOVFF       FARG_WordToStr_input, R0
0x0138	0xF001C09E  	MOVFF       FARG_WordToStr_input+1, R1
0x013C	0xDF76      	RCALL       _Div_16X16_U
0x013E	0xF000C008  	MOVFF       R8, R0
0x0142	0xF001C009  	MOVFF       R9, R1
0x0146	0x0E30      	MOVLW       48
0x0148	0x2600      	ADDWF       R0, 1 
0x014A	0xFFE1C0A2  	MOVFF       FLOC__WordToStr, FSR1L
0x014E	0xFFE2C0A3  	MOVFF       FLOC__WordToStr+1, FSR1H
0x0152	0xFFE6C000  	MOVFF       R0, POSTINC1
;__Lib_Conversions.c,109 :: 		
0x0156	0x0E0A      	MOVLW       10
0x0158	0x6E04      	MOVWF       R4 
0x015A	0x0E00      	MOVLW       0
0x015C	0x6E05      	MOVWF       R5 
0x015E	0xF000C09D  	MOVFF       FARG_WordToStr_input, R0
0x0162	0xF001C09E  	MOVFF       FARG_WordToStr_input+1, R1
0x0166	0xDF61      	RCALL       _Div_16X16_U
0x0168	0xF09DC000  	MOVFF       R0, FARG_WordToStr_input
0x016C	0xF09EC001  	MOVFF       R1, FARG_WordToStr_input+1
;__Lib_Conversions.c,110 :: 		
0x0170	0x0E00      	MOVLW       0
0x0172	0x1801      	XORWF       R1, 0 
0x0174	0xE102      	BNZ         L__WordToStr159
0x0176	0x0E00      	MOVLW       0
0x0178	0x1800      	XORWF       R0, 0 
L__WordToStr159:
0x017A	0xE101      	BNZ         L_WordToStr16
;__Lib_Conversions.c,111 :: 		
0x017C	0xD002      	BRA         L_WordToStr15
L_WordToStr16:
;__Lib_Conversions.c,112 :: 		
0x017E	0x07A1      	DECF        WordToStr_len_L0, 1, 1
;__Lib_Conversions.c,113 :: 		
0x0180	0xD7CF      	BRA         L_WordToStr14
L_WordToStr15:
;__Lib_Conversions.c,114 :: 		
L_end_WordToStr:
0x0182	0x0012      	RETURN      0
; end of _WordToStr
_____DoIFC:
;__Lib_System.c,93 :: 		
;__Lib_System.c,94 :: 		
0x0184	0x50F2      	MOVF        INTCON, 0, 0
;__Lib_System.c,95 :: 		
0x0186	0x6E02      	MOVWF       R2, 0
;__Lib_System.c,96 :: 		
0x0188	0x9EF2      	BCF         INTCON, 7 
;__Lib_System.c,97 :: 		
0x018A	0x0005      	PUSH
;__Lib_System.c,98 :: 		
0x018C	0x6AFF      	CLRF        TOSU, 0
;__Lib_System.c,99 :: 		
0x018E	0x5001      	MOVF        R1, 0, 0
;__Lib_System.c,100 :: 		
0x0190	0x6EFE      	MOVWF       TOSH, 0
;__Lib_System.c,101 :: 		
0x0192	0x5000      	MOVF        R0, 0, 0
;__Lib_System.c,102 :: 		
0x0194	0x6EFD      	MOVWF       TOSL, 0
;__Lib_System.c,103 :: 		
0x0196	0xBE02      	BTFSC       R2, 7, 0
;__Lib_System.c,104 :: 		
0x0198	0x8EF2      	BSF         INTCON, 7, 0
;__Lib_System.c,105 :: 		
;__Lib_System.c,107 :: 		
L_end_____DoIFC:
0x019A	0x0012      	RETURN      0
; end of _____DoIFC
_SETIOV3224:
;__Lib_MathDouble.c,530 :: 		
;__Lib_MathDouble.c,537 :: 		
0x019C	0x800B      	BSF         R11, 0, 0
;__Lib_MathDouble.c,538 :: 		
0x019E	0xAE0B      	BTFSS       R11, 7, 0
;__Lib_MathDouble.c,539 :: 		
0x01A0	0xF000EFDA  	GOTO        SETIOV3224EEE
;__Lib_MathDouble.c,541 :: 		
0x01A4	0x6A02      	CLRF        R2, 0
;__Lib_MathDouble.c,542 :: 		
0x01A6	0xAE0A      	BTFSS       R10, 7, 0
;__Lib_MathDouble.c,543 :: 		
0x01A8	0x0EFF      	MOVLW       255
;__Lib_MathDouble.c,544 :: 		
0x01AA	0x6E02      	MOVWF       R2, 0
;__Lib_MathDouble.c,545 :: 		
0x01AC	0x6E01      	MOVWF       R1, 0
;__Lib_MathDouble.c,546 :: 		
0x01AE	0x6E00      	MOVWF       R0, 0
;__Lib_MathDouble.c,547 :: 		
0x01B0	0x360A      	RLCF        R10, 1, 0
;__Lib_MathDouble.c,548 :: 		
0x01B2	0x3202      	RRCF        R2, 1, 0
;__Lib_MathDouble.c,549 :: 		
SETIOV3224EEE:
;__Lib_MathDouble.c,550 :: 		
0x01B4	0x0EFF      	MOVLW       255
;__Lib_MathDouble.c,552 :: 		
L_end_SETIOV3224:
0x01B6	0x0012      	RETURN      0
; end of _SETIOV3224
_IntToStr:
;__Lib_Conversions.c,195 :: 		
;__Lib_Conversions.c,201 :: 		
0x01B8	0x0100      	MOVLB       0
0x01BA	0x6B99      	CLRF        IntToStr_negative_L0, 1
0x01BC	0x6B9A      	CLRF        IntToStr_negative_L0+1, 1
;__Lib_Conversions.c,202 :: 		
0x01BE	0xF09BC093  	MOVFF       FARG_IntToStr_input, IntToStr_inword_L0
0x01C2	0xF09CC094  	MOVFF       FARG_IntToStr_input+1, IntToStr_inword_L0+1
;__Lib_Conversions.c,203 :: 		
0x01C6	0x0E80      	MOVLW       128
0x01C8	0x1994      	XORWF       FARG_IntToStr_input+1, 0, 1
0x01CA	0x6E00      	MOVWF       R0 
0x01CC	0x0E80      	MOVLW       128
0x01CE	0x5C00      	SUBWF       R0, 0 
0x01D0	0xE102      	BNZ         L__IntToStr167
0x01D2	0x0E00      	MOVLW       0
0x01D4	0x5D93      	SUBWF       FARG_IntToStr_input, 0, 1
L__IntToStr167:
0x01D6	0xE20B      	BC          L_IntToStr37
;__Lib_Conversions.c,204 :: 		
0x01D8	0x0E01      	MOVLW       1
0x01DA	0x6F99      	MOVWF       IntToStr_negative_L0, 1
0x01DC	0x0E00      	MOVLW       0
0x01DE	0x6F9A      	MOVWF       IntToStr_negative_L0+1, 1
;__Lib_Conversions.c,205 :: 		
0x01E0	0x5193      	MOVF        FARG_IntToStr_input, 0, 1
0x01E2	0x0800      	SUBLW       0
0x01E4	0x6F9B      	MOVWF       IntToStr_inword_L0, 1
0x01E6	0xF09CC094  	MOVFF       FARG_IntToStr_input+1, IntToStr_inword_L0+1
0x01EA	0x0E00      	MOVLW       0
0x01EC	0x579C      	SUBFWB      IntToStr_inword_L0+1, 1, 1
;__Lib_Conversions.c,206 :: 		
L_IntToStr37:
;__Lib_Conversions.c,207 :: 		
0x01EE	0xF09DC09B  	MOVFF       IntToStr_inword_L0, FARG_WordToStr_input
0x01F2	0xF09EC09C  	MOVFF       IntToStr_inword_L0+1, FARG_WordToStr_input+1
0x01F6	0xF09FC095  	MOVFF       FARG_IntToStr_output, FARG_WordToStr_output
0x01FA	0xF0A0C096  	MOVFF       FARG_IntToStr_output+1, FARG_WordToStr_output+1
0x01FE	0xDF79      	RCALL       _WordToStr
;__Lib_Conversions.c,209 :: 		
0x0200	0x0E06      	MOVLW       6
0x0202	0x6F97      	MOVWF       IntToStr_i_L0, 1
0x0204	0x0E00      	MOVLW       0
0x0206	0x6F98      	MOVWF       IntToStr_i_L0+1, 1
;__Lib_Conversions.c,210 :: 		
L_IntToStr38:
0x0208	0x0E00      	MOVLW       0
0x020A	0x6E00      	MOVWF       R0 
0x020C	0x5198      	MOVF        IntToStr_i_L0+1, 0, 1
0x020E	0x5C00      	SUBWF       R0, 0 
0x0210	0xE102      	BNZ         L__IntToStr168
0x0212	0x5197      	MOVF        IntToStr_i_L0, 0, 1
0x0214	0x0800      	SUBLW       0
L__IntToStr168:
0x0216	0xE219      	BC          L_IntToStr39
;__Lib_Conversions.c,211 :: 		
0x0218	0x5197      	MOVF        IntToStr_i_L0, 0, 1
0x021A	0x2595      	ADDWF       FARG_IntToStr_output, 0, 1
0x021C	0x6EE1      	MOVWF       FSR1L 
0x021E	0x5198      	MOVF        IntToStr_i_L0+1, 0, 1
0x0220	0x2196      	ADDWFC      FARG_IntToStr_output+1, 0, 1
0x0222	0x6EE2      	MOVWF       FSR1H 
0x0224	0x0E01      	MOVLW       1
0x0226	0x5D97      	SUBWF       IntToStr_i_L0, 0, 1
0x0228	0x6E00      	MOVWF       R0 
0x022A	0x0E00      	MOVLW       0
0x022C	0x5998      	SUBWFB      IntToStr_i_L0+1, 0, 1
0x022E	0x6E01      	MOVWF       R1 
0x0230	0x5000      	MOVF        R0, 0 
0x0232	0x2595      	ADDWF       FARG_IntToStr_output, 0, 1
0x0234	0x6EE9      	MOVWF       FSR0L 
0x0236	0x5001      	MOVF        R1, 0 
0x0238	0x2196      	ADDWFC      FARG_IntToStr_output+1, 0, 1
0x023A	0x6EEA      	MOVWF       FSR0H 
0x023C	0xFFE6CFEE  	MOVFF       POSTINC0, POSTINC1
;__Lib_Conversions.c,212 :: 		
0x0240	0x0E01      	MOVLW       1
0x0242	0x5F97      	SUBWF       IntToStr_i_L0, 1, 1
0x0244	0x0E00      	MOVLW       0
0x0246	0x5B98      	SUBWFB      IntToStr_i_L0+1, 1, 1
;__Lib_Conversions.c,213 :: 		
0x0248	0xD7DF      	BRA         L_IntToStr38
L_IntToStr39:
;__Lib_Conversions.c,214 :: 		
0x024A	0xFFE1C095  	MOVFF       FARG_IntToStr_output, FSR1L
0x024E	0xFFE2C096  	MOVFF       FARG_IntToStr_output+1, FSR1H
0x0252	0x0E20      	MOVLW       32
0x0254	0x6EE6      	MOVWF       POSTINC1 
;__Lib_Conversions.c,215 :: 		
0x0256	0x5199      	MOVF        IntToStr_negative_L0, 0, 1
0x0258	0x119A      	IORWF       IntToStr_negative_L0+1, 0, 1
0x025A	0xE01A      	BZ          L_IntToStr40
;__Lib_Conversions.c,216 :: 		
0x025C	0x6B97      	CLRF        IntToStr_i_L0, 1
0x025E	0x6B98      	CLRF        IntToStr_i_L0+1, 1
;__Lib_Conversions.c,217 :: 		
L_IntToStr41:
0x0260	0x5197      	MOVF        IntToStr_i_L0, 0, 1
0x0262	0x2595      	ADDWF       FARG_IntToStr_output, 0, 1
0x0264	0x6EE9      	MOVWF       FSR0L 
0x0266	0x5198      	MOVF        IntToStr_i_L0+1, 0, 1
0x0268	0x2196      	ADDWFC      FARG_IntToStr_output+1, 0, 1
0x026A	0x6EEA      	MOVWF       FSR0H 
0x026C	0x50EE      	MOVF        POSTINC0, 0 
0x026E	0x0A20      	XORLW       32
0x0270	0xE103      	BNZ         L_IntToStr42
0x0272	0x4B97      	INFSNZ      IntToStr_i_L0, 1, 1
0x0274	0x2B98      	INCF        IntToStr_i_L0+1, 1, 1
0x0276	0xD7F4      	BRA         L_IntToStr41
L_IntToStr42:
;__Lib_Conversions.c,218 :: 		
0x0278	0x0E01      	MOVLW       1
0x027A	0x5F97      	SUBWF       IntToStr_i_L0, 1, 1
0x027C	0x0E00      	MOVLW       0
0x027E	0x5B98      	SUBWFB      IntToStr_i_L0+1, 1, 1
;__Lib_Conversions.c,219 :: 		
0x0280	0x5197      	MOVF        IntToStr_i_L0, 0, 1
0x0282	0x2595      	ADDWF       FARG_IntToStr_output, 0, 1
0x0284	0x6EE1      	MOVWF       FSR1L 
0x0286	0x5198      	MOVF        IntToStr_i_L0+1, 0, 1
0x0288	0x2196      	ADDWFC      FARG_IntToStr_output+1, 0, 1
0x028A	0x6EE2      	MOVWF       FSR1H 
0x028C	0x0E2D      	MOVLW       45
0x028E	0x6EE6      	MOVWF       POSTINC1 
L_IntToStr40:
;__Lib_Conversions.c,220 :: 		
L_end_IntToStr:
0x0290	0x0012      	RETURN      0
; end of _IntToStr
_I2C1_Rd:
;__Lib_I2C_b10.c,88 :: 		
;__Lib_I2C_b10.c,92 :: 		
0x0292	0xF093C045  	MOVFF       __Lib_I2C_b10__I2C1_TIMEOUT, I2C1_Rd_timeout_L0
0x0296	0xF094C046  	MOVFF       __Lib_I2C_b10__I2C1_TIMEOUT+1, I2C1_Rd_timeout_L0+1
0x029A	0xF095C047  	MOVFF       __Lib_I2C_b10__I2C1_TIMEOUT+2, I2C1_Rd_timeout_L0+2
0x029E	0xF096C048  	MOVFF       __Lib_I2C_b10__I2C1_TIMEOUT+3, I2C1_Rd_timeout_L0+3
;__Lib_I2C_b10.c,95 :: 		
0x02A2	0x969E      	BCF         PIR1, 3 
;__Lib_I2C_b10.c,96 :: 		
0x02A4	0x86C5      	BSF         SSPCON2, 3 
;__Lib_I2C_b10.c,98 :: 		
L_I2C1_Rd16:
0x02A6	0xB69E      	BTFSC       PIR1, 3 
0x02A8	0xD01F      	BRA         L_I2C1_Rd17
;__Lib_I2C_b10.c,100 :: 		
0x02AA	0x5045      	MOVF        __Lib_I2C_b10__I2C1_TIMEOUT, 0 
0x02AC	0x1046      	IORWF       __Lib_I2C_b10__I2C1_TIMEOUT+1, 0 
0x02AE	0x1047      	IORWF       __Lib_I2C_b10__I2C1_TIMEOUT+2, 0 
0x02B0	0x1048      	IORWF       __Lib_I2C_b10__I2C1_TIMEOUT+3, 0 
0x02B2	0xE019      	BZ          L_I2C1_Rd18
;__Lib_I2C_b10.c,102 :: 		
0x02B4	0x0100      	MOVLB       0
0x02B6	0x5193      	MOVF        I2C1_Rd_timeout_L0, 0, 1
0x02B8	0x1194      	IORWF       I2C1_Rd_timeout_L0+1, 0, 1
0x02BA	0x1195      	IORWF       I2C1_Rd_timeout_L0+2, 0, 1
0x02BC	0x1196      	IORWF       I2C1_Rd_timeout_L0+3, 0, 1
0x02BE	0xE10C      	BNZ         L_I2C1_Rd19
;__Lib_I2C_b10.c,104 :: 		
0x02C0	0xFFE1C085  	MOVFF       _I2C1_Timeout_Ptr+2, FSR1L
0x02C4	0xFFE2C086  	MOVFF       _I2C1_Timeout_Ptr+3, FSR1H
0x02C8	0x0E03      	MOVLW       3
0x02CA	0x6EE6      	MOVWF       POSTINC1 
0x02CC	0xF000C083  	MOVFF       _I2C1_Timeout_Ptr, R0
0x02D0	0xF001C084  	MOVFF       _I2C1_Timeout_Ptr+1, R1
0x02D4	0xDF57      	RCALL       _____DoIFC
;__Lib_I2C_b10.c,105 :: 		
0x02D6	0xD008      	BRA         L_I2C1_Rd17
;__Lib_I2C_b10.c,106 :: 		
L_I2C1_Rd19:
;__Lib_I2C_b10.c,107 :: 		
0x02D8	0x0E01      	MOVLW       1
0x02DA	0x0100      	MOVLB       0
0x02DC	0x5F93      	SUBWF       I2C1_Rd_timeout_L0, 1, 1
0x02DE	0x0E00      	MOVLW       0
0x02E0	0x5B94      	SUBWFB      I2C1_Rd_timeout_L0+1, 1, 1
0x02E2	0x5B95      	SUBWFB      I2C1_Rd_timeout_L0+2, 1, 1
0x02E4	0x5B96      	SUBWFB      I2C1_Rd_timeout_L0+3, 1, 1
;__Lib_I2C_b10.c,108 :: 		
L_I2C1_Rd18:
;__Lib_I2C_b10.c,109 :: 		
0x02E6	0xD7DF      	BRA         L_I2C1_Rd16
L_I2C1_Rd17:
;__Lib_I2C_b10.c,111 :: 		
0x02E8	0xF060CFC9  	MOVFF       SSPBUF, I2C1_Rd_tmp_L0
;__Lib_I2C_b10.c,112 :: 		
0x02EC	0x505F      	MOVF        FARG_I2C1_Rd_ack, 0 
0x02EE	0x0A00      	XORLW       0
0x02F0	0xE102      	BNZ         L_I2C1_Rd20
;__Lib_I2C_b10.c,113 :: 		
0x02F2	0x8AC5      	BSF         SSPCON2, 5 
0x02F4	0xD001      	BRA         L_I2C1_Rd21
L_I2C1_Rd20:
;__Lib_I2C_b10.c,115 :: 		
0x02F6	0x9AC5      	BCF         SSPCON2, 5 
L_I2C1_Rd21:
;__Lib_I2C_b10.c,117 :: 		
0x02F8	0x969E      	BCF         PIR1, 3 
;__Lib_I2C_b10.c,118 :: 		
0x02FA	0x88C5      	BSF         SSPCON2, 4 
;__Lib_I2C_b10.c,121 :: 		
0x02FC	0xF093C045  	MOVFF       __Lib_I2C_b10__I2C1_TIMEOUT, I2C1_Rd_timeout_L0
0x0300	0xF094C046  	MOVFF       __Lib_I2C_b10__I2C1_TIMEOUT+1, I2C1_Rd_timeout_L0+1
0x0304	0xF095C047  	MOVFF       __Lib_I2C_b10__I2C1_TIMEOUT+2, I2C1_Rd_timeout_L0+2
0x0308	0xF096C048  	MOVFF       __Lib_I2C_b10__I2C1_TIMEOUT+3, I2C1_Rd_timeout_L0+3
;__Lib_I2C_b10.c,123 :: 		
L_I2C1_Rd22:
0x030C	0xB69E      	BTFSC       PIR1, 3 
0x030E	0xD01F      	BRA         L_I2C1_Rd23
;__Lib_I2C_b10.c,125 :: 		
0x0310	0x5045      	MOVF        __Lib_I2C_b10__I2C1_TIMEOUT, 0 
0x0312	0x1046      	IORWF       __Lib_I2C_b10__I2C1_TIMEOUT+1, 0 
0x0314	0x1047      	IORWF       __Lib_I2C_b10__I2C1_TIMEOUT+2, 0 
0x0316	0x1048      	IORWF       __Lib_I2C_b10__I2C1_TIMEOUT+3, 0 
0x0318	0xE019      	BZ          L_I2C1_Rd24
;__Lib_I2C_b10.c,127 :: 		
0x031A	0x0100      	MOVLB       0
0x031C	0x5193      	MOVF        I2C1_Rd_timeout_L0, 0, 1
0x031E	0x1194      	IORWF       I2C1_Rd_timeout_L0+1, 0, 1
0x0320	0x1195      	IORWF       I2C1_Rd_timeout_L0+2, 0, 1
0x0322	0x1196      	IORWF       I2C1_Rd_timeout_L0+3, 0, 1
0x0324	0xE10C      	BNZ         L_I2C1_Rd25
;__Lib_I2C_b10.c,129 :: 		
0x0326	0xFFE1C085  	MOVFF       _I2C1_Timeout_Ptr+2, FSR1L
0x032A	0xFFE2C086  	MOVFF       _I2C1_Timeout_Ptr+3, FSR1H
0x032E	0x0E03      	MOVLW       3
0x0330	0x6EE6      	MOVWF       POSTINC1 
0x0332	0xF000C083  	MOVFF       _I2C1_Timeout_Ptr, R0
0x0336	0xF001C084  	MOVFF       _I2C1_Timeout_Ptr+1, R1
0x033A	0xDF24      	RCALL       _____DoIFC
;__Lib_I2C_b10.c,130 :: 		
0x033C	0xD008      	BRA         L_I2C1_Rd23
;__Lib_I2C_b10.c,131 :: 		
L_I2C1_Rd25:
;__Lib_I2C_b10.c,132 :: 		
0x033E	0x0E01      	MOVLW       1
0x0340	0x0100      	MOVLB       0
0x0342	0x5F93      	SUBWF       I2C1_Rd_timeout_L0, 1, 1
0x0344	0x0E00      	MOVLW       0
0x0346	0x5B94      	SUBWFB      I2C1_Rd_timeout_L0+1, 1, 1
0x0348	0x5B95      	SUBWFB      I2C1_Rd_timeout_L0+2, 1, 1
0x034A	0x5B96      	SUBWFB      I2C1_Rd_timeout_L0+3, 1, 1
;__Lib_I2C_b10.c,133 :: 		
L_I2C1_Rd24:
;__Lib_I2C_b10.c,134 :: 		
0x034C	0xD7DF      	BRA         L_I2C1_Rd22
L_I2C1_Rd23:
;__Lib_I2C_b10.c,136 :: 		
0x034E	0xF000C060  	MOVFF       I2C1_Rd_tmp_L0, R0
;__Lib_I2C_b10.c,137 :: 		
L_end_I2C1_Rd:
0x0352	0x0012      	RETURN      0
; end of _I2C1_Rd
_I2C1_Wr:
;__Lib_I2C_b10.c,139 :: 		
;__Lib_I2C_b10.c,142 :: 		
0x0354	0x969E      	BCF         PIR1, 3 
;__Lib_I2C_b10.c,143 :: 		
0x0356	0xFFC9C05F  	MOVFF       FARG_I2C1_Wr_data_, SSPBUF
;__Lib_I2C_b10.c,145 :: 		
0x035A	0xF093C045  	MOVFF       __Lib_I2C_b10__I2C1_TIMEOUT, I2C1_Wr_timeout_L0
0x035E	0xF094C046  	MOVFF       __Lib_I2C_b10__I2C1_TIMEOUT+1, I2C1_Wr_timeout_L0+1
0x0362	0xF095C047  	MOVFF       __Lib_I2C_b10__I2C1_TIMEOUT+2, I2C1_Wr_timeout_L0+2
0x0366	0xF096C048  	MOVFF       __Lib_I2C_b10__I2C1_TIMEOUT+3, I2C1_Wr_timeout_L0+3
;__Lib_I2C_b10.c,147 :: 		
L_I2C1_Wr26:
0x036A	0xA4C7      	BTFSS       SSPSTAT, 2 
0x036C	0xD021      	BRA         L_I2C1_Wr27
;__Lib_I2C_b10.c,149 :: 		
0x036E	0x5045      	MOVF        __Lib_I2C_b10__I2C1_TIMEOUT, 0 
0x0370	0x1046      	IORWF       __Lib_I2C_b10__I2C1_TIMEOUT+1, 0 
0x0372	0x1047      	IORWF       __Lib_I2C_b10__I2C1_TIMEOUT+2, 0 
0x0374	0x1048      	IORWF       __Lib_I2C_b10__I2C1_TIMEOUT+3, 0 
0x0376	0xE01B      	BZ          L_I2C1_Wr28
;__Lib_I2C_b10.c,151 :: 		
0x0378	0x0100      	MOVLB       0
0x037A	0x5193      	MOVF        I2C1_Wr_timeout_L0, 0, 1
0x037C	0x1194      	IORWF       I2C1_Wr_timeout_L0+1, 0, 1
0x037E	0x1195      	IORWF       I2C1_Wr_timeout_L0+2, 0, 1
0x0380	0x1196      	IORWF       I2C1_Wr_timeout_L0+3, 0, 1
0x0382	0xE10E      	BNZ         L_I2C1_Wr29
;__Lib_I2C_b10.c,153 :: 		
0x0384	0xFFE1C085  	MOVFF       _I2C1_Timeout_Ptr+2, FSR1L
0x0388	0xFFE2C086  	MOVFF       _I2C1_Timeout_Ptr+3, FSR1H
0x038C	0x0E04      	MOVLW       4
0x038E	0x6EE6      	MOVWF       POSTINC1 
0x0390	0xF000C083  	MOVFF       _I2C1_Timeout_Ptr, R0
0x0394	0xF001C084  	MOVFF       _I2C1_Timeout_Ptr+1, R1
0x0398	0xDEF5      	RCALL       _____DoIFC
;__Lib_I2C_b10.c,154 :: 		
0x039A	0x0E01      	MOVLW       1
0x039C	0x6E00      	MOVWF       R0 
0x039E	0xD03A      	BRA         L_end_I2C1_Wr
;__Lib_I2C_b10.c,155 :: 		
L_I2C1_Wr29:
;__Lib_I2C_b10.c,156 :: 		
0x03A0	0x0E01      	MOVLW       1
0x03A2	0x0100      	MOVLB       0
0x03A4	0x5F93      	SUBWF       I2C1_Wr_timeout_L0, 1, 1
0x03A6	0x0E00      	MOVLW       0
0x03A8	0x5B94      	SUBWFB      I2C1_Wr_timeout_L0+1, 1, 1
0x03AA	0x5B95      	SUBWFB      I2C1_Wr_timeout_L0+2, 1, 1
0x03AC	0x5B96      	SUBWFB      I2C1_Wr_timeout_L0+3, 1, 1
;__Lib_I2C_b10.c,157 :: 		
L_I2C1_Wr28:
;__Lib_I2C_b10.c,158 :: 		
0x03AE	0xD7DD      	BRA         L_I2C1_Wr26
L_I2C1_Wr27:
;__Lib_I2C_b10.c,160 :: 		
0x03B0	0xF093C045  	MOVFF       __Lib_I2C_b10__I2C1_TIMEOUT, I2C1_Wr_timeout_L0
0x03B4	0xF094C046  	MOVFF       __Lib_I2C_b10__I2C1_TIMEOUT+1, I2C1_Wr_timeout_L0+1
0x03B8	0xF095C047  	MOVFF       __Lib_I2C_b10__I2C1_TIMEOUT+2, I2C1_Wr_timeout_L0+2
0x03BC	0xF096C048  	MOVFF       __Lib_I2C_b10__I2C1_TIMEOUT+3, I2C1_Wr_timeout_L0+3
;__Lib_I2C_b10.c,162 :: 		
L_I2C1_Wr30:
0x03C0	0xB69E      	BTFSC       PIR1, 3 
0x03C2	0xD021      	BRA         L_I2C1_Wr31
;__Lib_I2C_b10.c,164 :: 		
0x03C4	0x5045      	MOVF        __Lib_I2C_b10__I2C1_TIMEOUT, 0 
0x03C6	0x1046      	IORWF       __Lib_I2C_b10__I2C1_TIMEOUT+1, 0 
0x03C8	0x1047      	IORWF       __Lib_I2C_b10__I2C1_TIMEOUT+2, 0 
0x03CA	0x1048      	IORWF       __Lib_I2C_b10__I2C1_TIMEOUT+3, 0 
0x03CC	0xE01B      	BZ          L_I2C1_Wr32
;__Lib_I2C_b10.c,166 :: 		
0x03CE	0x0100      	MOVLB       0
0x03D0	0x5193      	MOVF        I2C1_Wr_timeout_L0, 0, 1
0x03D2	0x1194      	IORWF       I2C1_Wr_timeout_L0+1, 0, 1
0x03D4	0x1195      	IORWF       I2C1_Wr_timeout_L0+2, 0, 1
0x03D6	0x1196      	IORWF       I2C1_Wr_timeout_L0+3, 0, 1
0x03D8	0xE10E      	BNZ         L_I2C1_Wr33
;__Lib_I2C_b10.c,168 :: 		
0x03DA	0xFFE1C085  	MOVFF       _I2C1_Timeout_Ptr+2, FSR1L
0x03DE	0xFFE2C086  	MOVFF       _I2C1_Timeout_Ptr+3, FSR1H
0x03E2	0x0E04      	MOVLW       4
0x03E4	0x6EE6      	MOVWF       POSTINC1 
0x03E6	0xF000C083  	MOVFF       _I2C1_Timeout_Ptr, R0
0x03EA	0xF001C084  	MOVFF       _I2C1_Timeout_Ptr+1, R1
0x03EE	0xDECA      	RCALL       _____DoIFC
;__Lib_I2C_b10.c,169 :: 		
0x03F0	0x0E01      	MOVLW       1
0x03F2	0x6E00      	MOVWF       R0 
0x03F4	0xD00F      	BRA         L_end_I2C1_Wr
;__Lib_I2C_b10.c,170 :: 		
L_I2C1_Wr33:
;__Lib_I2C_b10.c,171 :: 		
0x03F6	0x0E01      	MOVLW       1
0x03F8	0x0100      	MOVLB       0
0x03FA	0x5F93      	SUBWF       I2C1_Wr_timeout_L0, 1, 1
0x03FC	0x0E00      	MOVLW       0
0x03FE	0x5B94      	SUBWFB      I2C1_Wr_timeout_L0+1, 1, 1
0x0400	0x5B95      	SUBWFB      I2C1_Wr_timeout_L0+2, 1, 1
0x0402	0x5B96      	SUBWFB      I2C1_Wr_timeout_L0+3, 1, 1
;__Lib_I2C_b10.c,172 :: 		
L_I2C1_Wr32:
;__Lib_I2C_b10.c,173 :: 		
0x0404	0xD7DD      	BRA         L_I2C1_Wr30
L_I2C1_Wr31:
;__Lib_I2C_b10.c,175 :: 		
0x0406	0xBCC5      	BTFSC       SSPCON2, 6 
0x0408	0xD002      	BRA         L_I2C1_Wr34
;__Lib_I2C_b10.c,176 :: 		
0x040A	0x6A00      	CLRF        R0 
0x040C	0xD003      	BRA         L_end_I2C1_Wr
;__Lib_I2C_b10.c,177 :: 		
L_I2C1_Wr34:
;__Lib_I2C_b10.c,179 :: 		
0x040E	0x84C5      	BSF         SSPCON2, 2 
;__Lib_I2C_b10.c,180 :: 		
0x0410	0x0E02      	MOVLW       2
0x0412	0x6E00      	MOVWF       R0 
;__Lib_I2C_b10.c,182 :: 		
L_end_I2C1_Wr:
0x0414	0x0012      	RETURN      0
; end of _I2C1_Wr
_UART1_Init:
;__Lib_UART_c67.c,15 :: 		
;__Lib_UART_c67.c,18 :: 		
0x0416	0x0E1C      	MOVLW       _UART1_Write
0x0418	0x0100      	MOVLB       0
0x041A	0x6F67      	MOVWF       _UART_Wr_Ptr, 1
0x041C	0x0E00      	MOVLW       hi_addr(_UART1_Write)
0x041E	0x6F68      	MOVWF       _UART_Wr_Ptr+1, 1
0x0420	0x0EA4      	MOVLW       FARG_UART1_Write_data_
0x0422	0x6F69      	MOVWF       _UART_Wr_Ptr+2, 1
0x0424	0x0E00      	MOVLW       hi_addr(FARG_UART1_Write_data_)
0x0426	0x6F6A      	MOVWF       _UART_Wr_Ptr+3, 1
;__Lib_UART_c67.c,19 :: 		
0x0428	0x0EFF      	MOVLW       _UART1_Read
0x042A	0x6F6F      	MOVWF       _UART_Rd_Ptr, 1
0x042C	0x0EFF      	MOVLW       hi_addr(_UART1_Read)
0x042E	0x6F70      	MOVWF       _UART_Rd_Ptr+1, 1
0x0430	0x0E00      	MOVLW       0
0x0432	0x6F71      	MOVWF       _UART_Rd_Ptr+2, 1
0x0434	0x0E00      	MOVLW       0
0x0436	0x6F72      	MOVWF       _UART_Rd_Ptr+3, 1
;__Lib_UART_c67.c,20 :: 		
0x0438	0x0EFF      	MOVLW       _UART1_Data_Ready
0x043A	0x6F77      	MOVWF       _UART_Rdy_Ptr, 1
0x043C	0x0EFF      	MOVLW       hi_addr(_UART1_Data_Ready)
0x043E	0x6F78      	MOVWF       _UART_Rdy_Ptr+1, 1
0x0440	0x0E00      	MOVLW       0
0x0442	0x6F79      	MOVWF       _UART_Rdy_Ptr+2, 1
0x0444	0x0E00      	MOVLW       0
0x0446	0x6F7A      	MOVWF       _UART_Rdy_Ptr+3, 1
;__Lib_UART_c67.c,21 :: 		
0x0448	0x0EFF      	MOVLW       _UART1_Tx_Idle
0x044A	0x6F73      	MOVWF       _UART_Tx_Idle_Ptr, 1
0x044C	0x0EFF      	MOVLW       hi_addr(_UART1_Tx_Idle)
0x044E	0x6F74      	MOVWF       _UART_Tx_Idle_Ptr+1, 1
0x0450	0x0E00      	MOVLW       0
0x0452	0x6F75      	MOVWF       _UART_Tx_Idle_Ptr+2, 1
0x0454	0x0E00      	MOVLW       0
0x0456	0x6F76      	MOVWF       _UART_Tx_Idle_Ptr+3, 1
;__Lib_UART_c67.c,23 :: 		
0x0458	0x8AAC      	BSF         TXSTA, 5 
;__Lib_UART_c67.c,24 :: 		
0x045A	0x0E90      	MOVLW       144
0x045C	0x6EAB      	MOVWF       RCSTA 
;__Lib_UART_c67.c,25 :: 		
0x045E	0x8E94      	BSF         TRISC7_bit, BitPos(TRISC7_bit+0) 
;__Lib_UART_c67.c,26 :: 		
0x0460	0x9C94      	BCF         TRISC6_bit, BitPos(TRISC6_bit+0) 
;__Lib_UART_c67.c,28 :: 		
L_UART1_Init0:
0x0462	0xAA9E      	BTFSS       PIR1, 5 
0x0464	0xD003      	BRA         L_UART1_Init1
;__Lib_UART_c67.c,29 :: 		
0x0466	0xF000CFAE  	MOVFF       RCREG, R0
0x046A	0xD7FB      	BRA         L_UART1_Init0
L_UART1_Init1:
;__Lib_UART_c67.c,30 :: 		
L_end_UART1_Init:
0x046C	0x0012      	RETURN      0
; end of _UART1_Init
_I2C1_Start:
;__Lib_I2C_b10.c,37 :: 		
;__Lib_I2C_b10.c,41 :: 		
0x046E	0xF095C045  	MOVFF       __Lib_I2C_b10__I2C1_TIMEOUT, I2C1_Start_timeout_L0
0x0472	0xF096C046  	MOVFF       __Lib_I2C_b10__I2C1_TIMEOUT+1, I2C1_Start_timeout_L0+1
0x0476	0xF097C047  	MOVFF       __Lib_I2C_b10__I2C1_TIMEOUT+2, I2C1_Start_timeout_L0+2
0x047A	0xF098C048  	MOVFF       __Lib_I2C_b10__I2C1_TIMEOUT+3, I2C1_Start_timeout_L0+3
;__Lib_I2C_b10.c,43 :: 		
0x047E	0x0100      	MOVLB       0
0x0480	0x6B93      	CLRF        I2C1_Start_j_L0, 1
0x0482	0x6B94      	CLRF        I2C1_Start_j_L0+1, 1
L_I2C1_Start2:
0x0484	0x5194      	MOVF        I2C1_Start_j_L0+1, 0, 1
0x0486	0x0812      	SUBLW       18
0x0488	0xE102      	BNZ         L__I2C1_Start39
0x048A	0x5193      	MOVF        I2C1_Start_j_L0, 0, 1
0x048C	0x088E      	SUBLW       142
L__I2C1_Start39:
0x048E	0xE308      	BNC         L_I2C1_Start3
;__Lib_I2C_b10.c,44 :: 		
0x0490	0xDDE7      	RCALL       _I2C1_Is_Idle
0x0492	0x5200      	MOVF        R0, 1 
0x0494	0xE001      	BZ          L_I2C1_Start5
;__Lib_I2C_b10.c,45 :: 		
0x0496	0xD004      	BRA         L_I2C1_Start3
L_I2C1_Start5:
;__Lib_I2C_b10.c,43 :: 		
0x0498	0x0100      	MOVLB       0
0x049A	0x4B93      	INFSNZ      I2C1_Start_j_L0, 1, 1
0x049C	0x2B94      	INCF        I2C1_Start_j_L0+1, 1, 1
;__Lib_I2C_b10.c,46 :: 		
0x049E	0xD7F2      	BRA         L_I2C1_Start2
L_I2C1_Start3:
0x04A0	0x0100      	MOVLB       0
;__Lib_I2C_b10.c,48 :: 		
0x04A2	0x0E12      	MOVLW       18
0x04A4	0x5D94      	SUBWF       I2C1_Start_j_L0+1, 0, 1
0x04A6	0xE102      	BNZ         L__I2C1_Start40
0x04A8	0x0E8F      	MOVLW       143
0x04AA	0x5D93      	SUBWF       I2C1_Start_j_L0, 0, 1
L__I2C1_Start40:
0x04AC	0xE303      	BNC         L_I2C1_Start6
;__Lib_I2C_b10.c,49 :: 		
0x04AE	0x0E7B      	MOVLW       123
0x04B0	0x6E00      	MOVWF       R0 
0x04B2	0xD024      	BRA         L_end_I2C1_Start
L_I2C1_Start6:
;__Lib_I2C_b10.c,51 :: 		
0x04B4	0x80C5      	BSF         SSPCON2, 0 
;__Lib_I2C_b10.c,52 :: 		
L_I2C1_Start8:
0x04B6	0xA0C5      	BTFSS       SSPCON2, 0 
0x04B8	0xD020      	BRA         L_I2C1_Start9
;__Lib_I2C_b10.c,54 :: 		
0x04BA	0x5045      	MOVF        __Lib_I2C_b10__I2C1_TIMEOUT, 0 
0x04BC	0x1046      	IORWF       __Lib_I2C_b10__I2C1_TIMEOUT+1, 0 
0x04BE	0x1047      	IORWF       __Lib_I2C_b10__I2C1_TIMEOUT+2, 0 
0x04C0	0x1048      	IORWF       __Lib_I2C_b10__I2C1_TIMEOUT+3, 0 
0x04C2	0xE01A      	BZ          L_I2C1_Start10
;__Lib_I2C_b10.c,56 :: 		
0x04C4	0x5195      	MOVF        I2C1_Start_timeout_L0, 0, 1
0x04C6	0x1196      	IORWF       I2C1_Start_timeout_L0+1, 0, 1
0x04C8	0x1197      	IORWF       I2C1_Start_timeout_L0+2, 0, 1
0x04CA	0x1198      	IORWF       I2C1_Start_timeout_L0+3, 0, 1
0x04CC	0xE10E      	BNZ         L_I2C1_Start11
;__Lib_I2C_b10.c,58 :: 		
0x04CE	0xFFE1C085  	MOVFF       _I2C1_Timeout_Ptr+2, FSR1L
0x04D2	0xFFE2C086  	MOVFF       _I2C1_Timeout_Ptr+3, FSR1H
0x04D6	0x0E05      	MOVLW       5
0x04D8	0x6EE6      	MOVWF       POSTINC1 
0x04DA	0xF000C083  	MOVFF       _I2C1_Timeout_Ptr, R0
0x04DE	0xF001C084  	MOVFF       _I2C1_Timeout_Ptr+1, R1
0x04E2	0xDE50      	RCALL       _____DoIFC
;__Lib_I2C_b10.c,59 :: 		
0x04E4	0x0E01      	MOVLW       1
0x04E6	0x6E00      	MOVWF       R0 
0x04E8	0xD009      	BRA         L_end_I2C1_Start
;__Lib_I2C_b10.c,60 :: 		
L_I2C1_Start11:
;__Lib_I2C_b10.c,61 :: 		
0x04EA	0x0E01      	MOVLW       1
0x04EC	0x0100      	MOVLB       0
0x04EE	0x5F95      	SUBWF       I2C1_Start_timeout_L0, 1, 1
0x04F0	0x0E00      	MOVLW       0
0x04F2	0x5B96      	SUBWFB      I2C1_Start_timeout_L0+1, 1, 1
0x04F4	0x5B97      	SUBWFB      I2C1_Start_timeout_L0+2, 1, 1
0x04F6	0x5B98      	SUBWFB      I2C1_Start_timeout_L0+3, 1, 1
;__Lib_I2C_b10.c,62 :: 		
L_I2C1_Start10:
;__Lib_I2C_b10.c,63 :: 		
0x04F8	0xD7DE      	BRA         L_I2C1_Start8
L_I2C1_Start9:
;__Lib_I2C_b10.c,64 :: 		
0x04FA	0x6A00      	CLRF        R0 
;__Lib_I2C_b10.c,66 :: 		
L_end_I2C1_Start:
0x04FC	0x0012      	RETURN      0
; end of _I2C1_Start
_th02Init:
;th02.h,4 :: 		void th02Init(void)
;th02.h,6 :: 		I2C1_Init(100000);         // Initialize I2C communication
0x04FE	0x0E32      	MOVLW       50
0x0500	0x6EC8      	MOVWF       SSPADD 
0x0502	0xDDBB      	RCALL       _I2C1_Init
;th02.h,7 :: 		delay_ms(100);
0x0504	0x0E03      	MOVLW       3
0x0506	0x6E0B      	MOVWF       R11, 0
0x0508	0x0E8A      	MOVLW       138
0x050A	0x6E0C      	MOVWF       R12, 0
0x050C	0x0E55      	MOVLW       85
0x050E	0x6E0D      	MOVWF       R13, 0
L_th02Init0:
0x0510	0x2E0D      	DECFSZ      R13, 1, 0
0x0512	0xD7FE      	BRA         L_th02Init0
0x0514	0x2E0C      	DECFSZ      R12, 1, 0
0x0516	0xD7FC      	BRA         L_th02Init0
0x0518	0x2E0B      	DECFSZ      R11, 1, 0
0x051A	0xD7FA      	BRA         L_th02Init0
0x051C	0x0000      	NOP
0x051E	0x0000      	NOP
;th02.h,9 :: 		ADCON1=0x0F;               // PortB as digital
0x0520	0x0E0F      	MOVLW       15
0x0522	0x6EC1      	MOVWF       ADCON1 
;th02.h,10 :: 		INTCON2.RBPU=0;            // Pull-up resistors
0x0524	0x9EF1      	BCF         INTCON2, 7 
;th02.h,11 :: 		PORTB=0;                   // Clear PORTB
0x0526	0x6A81      	CLRF        PORTB 
;th02.h,12 :: 		}
L_end_th02Init:
0x0528	0x0012      	RETURN      0
; end of _th02Init
_UART1_Write_Text:
;__Lib_UART_c67.c,66 :: 		
;__Lib_UART_c67.c,67 :: 		
0x052A	0x0100      	MOVLB       0
0x052C	0x6B60      	CLRF        UART1_Write_Text_counter_L0, 1
;__Lib_UART_c67.c,69 :: 		
0x052E	0xFFE9C093  	MOVFF       FARG_UART1_Write_Text_uart_text, FSR0L
0x0532	0xFFEAC094  	MOVFF       FARG_UART1_Write_Text_uart_text+1, FSR0H
0x0536	0xF05FCFEE  	MOVFF       POSTINC0, UART1_Write_Text_data__L0
;__Lib_UART_c67.c,70 :: 		
L_UART1_Write_Text5:
0x053A	0x505F      	MOVF        UART1_Write_Text_data__L0, 0 
0x053C	0x0A00      	XORLW       0
0x053E	0xE00E      	BZ          L_UART1_Write_Text6
;__Lib_UART_c67.c,71 :: 		
0x0540	0xF0A4C05F  	MOVFF       UART1_Write_Text_data__L0, FARG_UART1_Write_data_
0x0544	0xDD6B      	RCALL       _UART1_Write
;__Lib_UART_c67.c,72 :: 		
0x0546	0x0100      	MOVLB       0
0x0548	0x2B60      	INCF        UART1_Write_Text_counter_L0, 1, 1
;__Lib_UART_c67.c,73 :: 		
0x054A	0x5160      	MOVF        UART1_Write_Text_counter_L0, 0, 1
0x054C	0x2593      	ADDWF       FARG_UART1_Write_Text_uart_text, 0, 1
0x054E	0x6EE9      	MOVWF       FSR0L 
0x0550	0x0E00      	MOVLW       0
0x0552	0x2194      	ADDWFC      FARG_UART1_Write_Text_uart_text+1, 0, 1
0x0554	0x6EEA      	MOVWF       FSR0H 
0x0556	0xF05FCFEE  	MOVFF       POSTINC0, UART1_Write_Text_data__L0
;__Lib_UART_c67.c,74 :: 		
0x055A	0xD7EF      	BRA         L_UART1_Write_Text5
L_UART1_Write_Text6:
;__Lib_UART_c67.c,75 :: 		
L_end_UART1_Write_Text:
0x055C	0x0012      	RETURN      0
; end of _UART1_Write_Text
_I2C1_Stop:
;__Lib_I2C_b10.c,185 :: 		
;__Lib_I2C_b10.c,186 :: 		
0x055E	0x84C5      	BSF         SSPCON2, 2 
;__Lib_I2C_b10.c,187 :: 		
L_end_I2C1_Stop:
0x0560	0x0012      	RETURN      0
; end of _I2C1_Stop
_I2C1_Repeated_Start:
;__Lib_I2C_b10.c,68 :: 		
;__Lib_I2C_b10.c,71 :: 		
0x0562	0xF093C045  	MOVFF       __Lib_I2C_b10__I2C1_TIMEOUT, I2C1_Repeated_Start_timeout_L0
0x0566	0xF094C046  	MOVFF       __Lib_I2C_b10__I2C1_TIMEOUT+1, I2C1_Repeated_Start_timeout_L0+1
0x056A	0xF095C047  	MOVFF       __Lib_I2C_b10__I2C1_TIMEOUT+2, I2C1_Repeated_Start_timeout_L0+2
0x056E	0xF096C048  	MOVFF       __Lib_I2C_b10__I2C1_TIMEOUT+3, I2C1_Repeated_Start_timeout_L0+3
;__Lib_I2C_b10.c,73 :: 		
0x0572	0x82C5      	BSF         SSPCON2, 1 
;__Lib_I2C_b10.c,74 :: 		
L_I2C1_Repeated_Start12:
0x0574	0xA2C5      	BTFSS       SSPCON2, 1 
0x0576	0xD01F      	BRA         L_I2C1_Repeated_Start13
;__Lib_I2C_b10.c,76 :: 		
0x0578	0x5045      	MOVF        __Lib_I2C_b10__I2C1_TIMEOUT, 0 
0x057A	0x1046      	IORWF       __Lib_I2C_b10__I2C1_TIMEOUT+1, 0 
0x057C	0x1047      	IORWF       __Lib_I2C_b10__I2C1_TIMEOUT+2, 0 
0x057E	0x1048      	IORWF       __Lib_I2C_b10__I2C1_TIMEOUT+3, 0 
0x0580	0xE019      	BZ          L_I2C1_Repeated_Start14
;__Lib_I2C_b10.c,78 :: 		
0x0582	0x0100      	MOVLB       0
0x0584	0x5193      	MOVF        I2C1_Repeated_Start_timeout_L0, 0, 1
0x0586	0x1194      	IORWF       I2C1_Repeated_Start_timeout_L0+1, 0, 1
0x0588	0x1195      	IORWF       I2C1_Repeated_Start_timeout_L0+2, 0, 1
0x058A	0x1196      	IORWF       I2C1_Repeated_Start_timeout_L0+3, 0, 1
0x058C	0xE10C      	BNZ         L_I2C1_Repeated_Start15
;__Lib_I2C_b10.c,80 :: 		
0x058E	0xFFE1C085  	MOVFF       _I2C1_Timeout_Ptr+2, FSR1L
0x0592	0xFFE2C086  	MOVFF       _I2C1_Timeout_Ptr+3, FSR1H
0x0596	0x0E06      	MOVLW       6
0x0598	0x6EE6      	MOVWF       POSTINC1 
0x059A	0xF000C083  	MOVFF       _I2C1_Timeout_Ptr, R0
0x059E	0xF001C084  	MOVFF       _I2C1_Timeout_Ptr+1, R1
0x05A2	0xDDF0      	RCALL       _____DoIFC
;__Lib_I2C_b10.c,81 :: 		
0x05A4	0xD008      	BRA         L_I2C1_Repeated_Start13
;__Lib_I2C_b10.c,82 :: 		
L_I2C1_Repeated_Start15:
;__Lib_I2C_b10.c,83 :: 		
0x05A6	0x0E01      	MOVLW       1
0x05A8	0x0100      	MOVLB       0
0x05AA	0x5F93      	SUBWF       I2C1_Repeated_Start_timeout_L0, 1, 1
0x05AC	0x0E00      	MOVLW       0
0x05AE	0x5B94      	SUBWFB      I2C1_Repeated_Start_timeout_L0+1, 1, 1
0x05B0	0x5B95      	SUBWFB      I2C1_Repeated_Start_timeout_L0+2, 1, 1
0x05B2	0x5B96      	SUBWFB      I2C1_Repeated_Start_timeout_L0+3, 1, 1
;__Lib_I2C_b10.c,84 :: 		
L_I2C1_Repeated_Start14:
;__Lib_I2C_b10.c,85 :: 		
0x05B4	0xD7DF      	BRA         L_I2C1_Repeated_Start12
L_I2C1_Repeated_Start13:
;__Lib_I2C_b10.c,86 :: 		
L_end_I2C1_Repeated_Start:
0x05B6	0x0012      	RETURN      0
; end of _I2C1_Repeated_Start
___CC2DW:
;__Lib_System.c,21 :: 		
;__Lib_System.c,23 :: 		
_CC2DL_Loop1:
;__Lib_System.c,24 :: 		
0x05B8	0x0009      	TBLRD*+
;__Lib_System.c,25 :: 		
0x05BA	0xFFE6CFF5  	MOVFF       TABLAT, POSTINC1
;__Lib_System.c,26 :: 		
0x05BE	0x0600      	DECF        R0, 1, 0
;__Lib_System.c,27 :: 		
0x05C0	0xE1FB      	BNZ         _CC2DL_Loop1
;__Lib_System.c,28 :: 		
0x05C2	0x0601      	DECF        R1, 1, 0
;__Lib_System.c,29 :: 		
0x05C4	0xE1F9      	BNZ         _CC2DL_Loop1
;__Lib_System.c,31 :: 		
L_end___CC2DW:
0x05C6	0x0012      	RETURN      0
; end of ___CC2DW
_double2int:
;__Lib_MathDouble.c,1897 :: 		
;__Lib_MathDouble.c,1906 :: 		
0x05C8	0x6A0B      	CLRF        R11, 0
;__Lib_MathDouble.c,1907 :: 		
0x05CA	0x5003      	MOVF        R3, 0, 0
;__Lib_MathDouble.c,1908 :: 		
0x05CC	0xB4D8      	BTFSC       STATUS, 2, 0
;__Lib_MathDouble.c,1909 :: 		
0x05CE	0xF003EF2A  	GOTO        IRES016
;__Lib_MathDouble.c,1910 :: 		
0x05D2	0x5002      	MOVF        R2, 0, 0
;__Lib_MathDouble.c,1911 :: 		
0x05D4	0x6E0A      	MOVWF       R10, 0
;__Lib_MathDouble.c,1912 :: 		
0x05D6	0x8E02      	BSF         R2, 7, 0
;__Lib_MathDouble.c,1914 :: 		
0x05D8	0x0E8E      	MOVLW       142
;__Lib_MathDouble.c,1915 :: 		
0x05DA	0x5E03      	SUBWF       R3, 1, 0
;__Lib_MathDouble.c,1916 :: 		
0x05DC	0xAE03      	BTFSS       R3, 7, 0
;__Lib_MathDouble.c,1917 :: 		
0x05DE	0xF003EF2E  	GOTO        SETIOV16
;__Lib_MathDouble.c,1918 :: 		
0x05E2	0x6C03      	NEGF        R3, 0
;__Lib_MathDouble.c,1920 :: 		
0x05E4	0x0E08      	MOVLW       8
;__Lib_MathDouble.c,1921 :: 		
0x05E6	0x5C03      	SUBWF       R3, 0, 0
;__Lib_MathDouble.c,1922 :: 		
0x05E8	0xA0D8      	BTFSS       STATUS, 0, 0
;__Lib_MathDouble.c,1923 :: 		
0x05EA	0xF003EF09  	GOTO        TSHIFT3216
;__Lib_MathDouble.c,1924 :: 		
0x05EE	0x6E03      	MOVWF       R3, 0
;__Lib_MathDouble.c,1925 :: 		
0x05F0	0x3601      	RLCF        R1, 1, 0
;__Lib_MathDouble.c,1926 :: 		
0x05F2	0xF001C002  	MOVFF       R2, R1
;__Lib_MathDouble.c,1927 :: 		
0x05F6	0x6A02      	CLRF        R2, 0
;__Lib_MathDouble.c,1929 :: 		
0x05F8	0x0E08      	MOVLW       8
;__Lib_MathDouble.c,1930 :: 		
0x05FA	0x5C03      	SUBWF       R3, 0, 0
;__Lib_MathDouble.c,1931 :: 		
0x05FC	0xA0D8      	BTFSS       STATUS, 0, 0
;__Lib_MathDouble.c,1932 :: 		
0x05FE	0xF003EF09  	GOTO        TSHIFT3216
;__Lib_MathDouble.c,1933 :: 		
0x0602	0x6E03      	MOVWF       R3, 0
;__Lib_MathDouble.c,1934 :: 		
0x0604	0x3601      	RLCF        R1, 1, 0
;__Lib_MathDouble.c,1935 :: 		
0x0606	0x6A01      	CLRF        R1, 0
;__Lib_MathDouble.c,1937 :: 		
0x0608	0x5003      	MOVF        R3, 0, 0
;__Lib_MathDouble.c,1938 :: 		
0x060A	0xA4D8      	BTFSS       STATUS, 2, 0
;__Lib_MathDouble.c,1939 :: 		
0x060C	0x90D8      	BCF         STATUS, 0, 0
;__Lib_MathDouble.c,1940 :: 		
0x060E	0xF003EF13  	GOTO        SHIFT3216OK
;__Lib_MathDouble.c,1941 :: 		
TSHIFT3216:
;__Lib_MathDouble.c,1942 :: 		
0x0612	0x5003      	MOVF        R3, 0, 0
;__Lib_MathDouble.c,1943 :: 		
0x0614	0xB4D8      	BTFSC       STATUS, 2, 0
;__Lib_MathDouble.c,1944 :: 		
0x0616	0xF003EF13  	GOTO        SHIFT3216OK
;__Lib_MathDouble.c,1945 :: 		
SHIFT3216:
;__Lib_MathDouble.c,1946 :: 		
0x061A	0x90D8      	BCF         STATUS, 0, 0
;__Lib_MathDouble.c,1947 :: 		
0x061C	0x3202      	RRCF        R2, 1, 0
;__Lib_MathDouble.c,1948 :: 		
0x061E	0x3201      	RRCF        R1, 1, 0
;__Lib_MathDouble.c,1949 :: 		
0x0620	0x2E03      	DECFSZ      R3, 1, 0
;__Lib_MathDouble.c,1950 :: 		
0x0622	0xF003EF0D  	GOTO        SHIFT3216
;__Lib_MathDouble.c,1951 :: 		
SHIFT3216OK:
;__Lib_MathDouble.c,1952 :: 		
0x0626	0xBC0B      	BTFSC       R11, 6, 0
;__Lib_MathDouble.c,1953 :: 		
0x0628	0xA001      	BTFSS       R1, 0, 0
;__Lib_MathDouble.c,1954 :: 		
0x062A	0xF003EF20  	GOTO        INT3216OK
;__Lib_MathDouble.c,1955 :: 		
0x062E	0xA0D8      	BTFSS       STATUS, 0, 0
;__Lib_MathDouble.c,1956 :: 		
0x0630	0xF003EF20  	GOTO        INT3216OK
;__Lib_MathDouble.c,1957 :: 		
0x0634	0x2A01      	INCF        R1, 1, 0
;__Lib_MathDouble.c,1958 :: 		
0x0636	0xB4D8      	BTFSC       STATUS, 2, 0
;__Lib_MathDouble.c,1959 :: 		
0x0638	0x2A02      	INCF        R2, 1, 0
;__Lib_MathDouble.c,1960 :: 		
0x063A	0xBE02      	BTFSC       R2, 7, 0
;__Lib_MathDouble.c,1961 :: 		
0x063C	0xF003EF3D  	GOTO        JPJSETIOV3224
;__Lib_MathDouble.c,1962 :: 		
INT3216OK:
;__Lib_MathDouble.c,1963 :: 		
0x0640	0xAE0A      	BTFSS       R10, 7, 0
;__Lib_MathDouble.c,1964 :: 		
0x0642	0xF003EF42  	GOTO        INT3216EOK
;__Lib_MathDouble.c,1966 :: 		
0x0646	0x1E02      	COMF        R2, 1, 0
;__Lib_MathDouble.c,1967 :: 		
0x0648	0x1E01      	COMF        R1, 1, 0
;__Lib_MathDouble.c,1968 :: 		
0x064A	0x2A01      	INCF        R1, 1, 0
;__Lib_MathDouble.c,1969 :: 		
0x064C	0xB4D8      	BTFSC       STATUS, 2, 0
;__Lib_MathDouble.c,1970 :: 		
0x064E	0x2A02      	INCF        R2, 1, 0
;__Lib_MathDouble.c,1971 :: 		
0x0650	0xF003EF42  	GOTO        INT3216EOK
;__Lib_MathDouble.c,1973 :: 		
IRES016:
;__Lib_MathDouble.c,1974 :: 		
0x0654	0x6A02      	CLRF        R2, 0
;__Lib_MathDouble.c,1975 :: 		
0x0656	0x6A01      	CLRF        R1, 0
;__Lib_MathDouble.c,1976 :: 		
0x0658	0xF003EF42  	GOTO        INT3216EOK
;__Lib_MathDouble.c,1977 :: 		
SETIOV16:
;__Lib_MathDouble.c,1978 :: 		
0x065C	0x800B      	BSF         R11, 0, 0
;__Lib_MathDouble.c,1979 :: 		
0x065E	0xAE0B      	BTFSS       R11, 7, 0
;__Lib_MathDouble.c,1980 :: 		
0x0660	0xF003EF46  	GOTO        INT3216EER
;__Lib_MathDouble.c,1982 :: 		
0x0664	0x6A02      	CLRF        R2, 0
;__Lib_MathDouble.c,1983 :: 		
0x0666	0xAE0A      	BTFSS       R10, 7, 0
;__Lib_MathDouble.c,1984 :: 		
0x0668	0xF003EF46  	GOTO        INT3216EER
;__Lib_MathDouble.c,1985 :: 		
0x066C	0x0EFF      	MOVLW       255
;__Lib_MathDouble.c,1986 :: 		
0x066E	0x6E02      	MOVWF       R2, 0
;__Lib_MathDouble.c,1987 :: 		
0x0670	0x6E01      	MOVWF       R1, 0
;__Lib_MathDouble.c,1988 :: 		
0x0672	0x360A      	RLCF        R10, 1, 0
;__Lib_MathDouble.c,1989 :: 		
0x0674	0x3202      	RRCF        R2, 1, 0
;__Lib_MathDouble.c,1990 :: 		
0x0676	0xF003EF46  	GOTO        INT3216EER
;__Lib_MathDouble.c,1992 :: 		
JPJSETIOV3224:
;__Lib_MathDouble.c,1993 :: 		
0x067A	0x0E01      	MOVLW       1
;__Lib_MathDouble.c,1994 :: 		
0x067C	0x6E0C      	MOVWF       R12, 0
;__Lib_MathDouble.c,1996 :: 		
0x067E	0xDD8E      	RCALL       _SETIOV3224
;__Lib_MathDouble.c,1998 :: 		
0x0680	0xF003EF48  	GOTO        INT3216EEE
;__Lib_MathDouble.c,1999 :: 		
INT3216EOK:
;__Lib_MathDouble.c,2000 :: 		
0x0684	0x0E00      	MOVLW       0
;__Lib_MathDouble.c,2001 :: 		
0x0686	0x6E0C      	MOVWF       R12, 0
;__Lib_MathDouble.c,2002 :: 		
0x0688	0xF003EF48  	GOTO        INT3216EEE
;__Lib_MathDouble.c,2003 :: 		
INT3216EER:
;__Lib_MathDouble.c,2004 :: 		
0x068C	0x0EFF      	MOVLW       255
;__Lib_MathDouble.c,2005 :: 		
0x068E	0x6E0C      	MOVWF       R12, 0
;__Lib_MathDouble.c,2006 :: 		
INT3216EEE:
;__Lib_MathDouble.c,2007 :: 		
0x0690	0x5001      	MOVF        R1, 0, 0
;__Lib_MathDouble.c,2008 :: 		
0x0692	0x6E00      	MOVWF       R0, 0
;__Lib_MathDouble.c,2009 :: 		
0x0694	0x5002      	MOVF        R2, 0, 0
;__Lib_MathDouble.c,2010 :: 		
0x0696	0x6E01      	MOVWF       R1, 0
;__Lib_MathDouble.c,2015 :: 		
L_end_double2int:
0x0698	0x0012      	RETURN      0
; end of _double2int
_main:
0x069A	0xF004ECB7  	CALL        2414, 0
;g_ACE_3.c,16 :: 		void main()
;g_ACE_3.c,18 :: 		uart1_init(9600);
0x069E	0x86B8      	BSF         BAUDCON, 3, 0
0x06A0	0x0E02      	MOVLW       2
0x06A2	0x6EB0      	MOVWF       SPBRGH 
0x06A4	0x0E08      	MOVLW       8
0x06A6	0x6EAF      	MOVWF       SPBRG 
0x06A8	0x84AC      	BSF         TXSTA, 2, 0
0x06AA	0xDEB5      	RCALL       _UART1_Init
;g_ACE_3.c,19 :: 		I2C1_Init(100000);         // initialize I2C communication
0x06AC	0x0E32      	MOVLW       50
0x06AE	0x6EC8      	MOVWF       SSPADD 
0x06B0	0xDCE4      	RCALL       _I2C1_Init
;g_ACE_3.c,20 :: 		TH02Init();
0x06B2	0xDF25      	RCALL       _th02Init
;g_ACE_3.c,28 :: 		I2C1_Start();
0x06B4	0xDEDC      	RCALL       _I2C1_Start
;g_ACE_3.c,29 :: 		delay_ms(100);
0x06B6	0x0E03      	MOVLW       3
0x06B8	0x6E0B      	MOVWF       R11, 0
0x06BA	0x0E8A      	MOVLW       138
0x06BC	0x6E0C      	MOVWF       R12, 0
0x06BE	0x0E55      	MOVLW       85
0x06C0	0x6E0D      	MOVWF       R13, 0
L_main7:
0x06C2	0x2E0D      	DECFSZ      R13, 1, 0
0x06C4	0xD7FE      	BRA         L_main7
0x06C6	0x2E0C      	DECFSZ      R12, 1, 0
0x06C8	0xD7FC      	BRA         L_main7
0x06CA	0x2E0B      	DECFSZ      R11, 1, 0
0x06CC	0xD7FA      	BRA         L_main7
0x06CE	0x0000      	NOP
0x06D0	0x0000      	NOP
;g_ACE_3.c,30 :: 		I2C1_Wr(ADW);                // 19 x(4F)
0x06D2	0x0ED0      	MOVLW       208
0x06D4	0x6E5F      	MOVWF       FARG_I2C1_Wr_data_ 
0x06D6	0xDE3E      	RCALL       _I2C1_Wr
;g_ACE_3.c,31 :: 		I2C1_Wr(0x19);
0x06D8	0x0E19      	MOVLW       25
0x06DA	0x6E5F      	MOVWF       FARG_I2C1_Wr_data_ 
0x06DC	0xDE3B      	RCALL       _I2C1_Wr
;g_ACE_3.c,32 :: 		I2C1_Wr(0x07);
0x06DE	0x0E07      	MOVLW       7
0x06E0	0x6E5F      	MOVWF       FARG_I2C1_Wr_data_ 
0x06E2	0xDE38      	RCALL       _I2C1_Wr
;g_ACE_3.c,33 :: 		I2C1_Stop();
0x06E4	0xDF3C      	RCALL       _I2C1_Stop
;g_ACE_3.c,34 :: 		delay_ms(100);
0x06E6	0x0E03      	MOVLW       3
0x06E8	0x6E0B      	MOVWF       R11, 0
0x06EA	0x0E8A      	MOVLW       138
0x06EC	0x6E0C      	MOVWF       R12, 0
0x06EE	0x0E55      	MOVLW       85
0x06F0	0x6E0D      	MOVWF       R13, 0
L_main8:
0x06F2	0x2E0D      	DECFSZ      R13, 1, 0
0x06F4	0xD7FE      	BRA         L_main8
0x06F6	0x2E0C      	DECFSZ      R12, 1, 0
0x06F8	0xD7FC      	BRA         L_main8
0x06FA	0x2E0B      	DECFSZ      R11, 1, 0
0x06FC	0xD7FA      	BRA         L_main8
0x06FE	0x0000      	NOP
0x0700	0x0000      	NOP
;g_ACE_3.c,36 :: 		I2C1_Start();
0x0702	0xDEB5      	RCALL       _I2C1_Start
;g_ACE_3.c,37 :: 		I2C1_Wr(ADW);                // 1A   (0b00000111)
0x0704	0x0ED0      	MOVLW       208
0x0706	0x6E5F      	MOVWF       FARG_I2C1_Wr_data_ 
0x0708	0xDE25      	RCALL       _I2C1_Wr
;g_ACE_3.c,38 :: 		I2C1_Wr(0x1A);
0x070A	0x0E1A      	MOVLW       26
0x070C	0x6E5F      	MOVWF       FARG_I2C1_Wr_data_ 
0x070E	0xDE22      	RCALL       _I2C1_Wr
;g_ACE_3.c,39 :: 		I2C1_Wr(0b00000000);
0x0710	0x6A5F      	CLRF        FARG_I2C1_Wr_data_ 
0x0712	0xDE20      	RCALL       _I2C1_Wr
;g_ACE_3.c,40 :: 		I2C1_Stop();
0x0714	0xDF24      	RCALL       _I2C1_Stop
;g_ACE_3.c,41 :: 		delay_ms(100);
0x0716	0x0E03      	MOVLW       3
0x0718	0x6E0B      	MOVWF       R11, 0
0x071A	0x0E8A      	MOVLW       138
0x071C	0x6E0C      	MOVWF       R12, 0
0x071E	0x0E55      	MOVLW       85
0x0720	0x6E0D      	MOVWF       R13, 0
L_main9:
0x0722	0x2E0D      	DECFSZ      R13, 1, 0
0x0724	0xD7FE      	BRA         L_main9
0x0726	0x2E0C      	DECFSZ      R12, 1, 0
0x0728	0xD7FC      	BRA         L_main9
0x072A	0x2E0B      	DECFSZ      R11, 1, 0
0x072C	0xD7FA      	BRA         L_main9
0x072E	0x0000      	NOP
0x0730	0x0000      	NOP
;g_ACE_3.c,43 :: 		I2C1_Start();
0x0732	0xDE9D      	RCALL       _I2C1_Start
;g_ACE_3.c,44 :: 		I2C1_Wr(ADW);                // 6B   yes (RESETS ALL)(new)
0x0734	0x0ED0      	MOVLW       208
0x0736	0x6E5F      	MOVWF       FARG_I2C1_Wr_data_ 
0x0738	0xDE0D      	RCALL       _I2C1_Wr
;g_ACE_3.c,45 :: 		I2C1_Wr(0x6B);
0x073A	0x0E6B      	MOVLW       107
0x073C	0x6E5F      	MOVWF       FARG_I2C1_Wr_data_ 
0x073E	0xDE0A      	RCALL       _I2C1_Wr
;g_ACE_3.c,46 :: 		I2C1_Wr(0x01);
0x0740	0x0E01      	MOVLW       1
0x0742	0x6E5F      	MOVWF       FARG_I2C1_Wr_data_ 
0x0744	0xDE07      	RCALL       _I2C1_Wr
;g_ACE_3.c,47 :: 		I2C1_Stop();
0x0746	0xDF0B      	RCALL       _I2C1_Stop
;g_ACE_3.c,48 :: 		delay_ms(100);
0x0748	0x0E03      	MOVLW       3
0x074A	0x6E0B      	MOVWF       R11, 0
0x074C	0x0E8A      	MOVLW       138
0x074E	0x6E0C      	MOVWF       R12, 0
0x0750	0x0E55      	MOVLW       85
0x0752	0x6E0D      	MOVWF       R13, 0
L_main10:
0x0754	0x2E0D      	DECFSZ      R13, 1, 0
0x0756	0xD7FE      	BRA         L_main10
0x0758	0x2E0C      	DECFSZ      R12, 1, 0
0x075A	0xD7FC      	BRA         L_main10
0x075C	0x2E0B      	DECFSZ      R11, 1, 0
0x075E	0xD7FA      	BRA         L_main10
0x0760	0x0000      	NOP
0x0762	0x0000      	NOP
;g_ACE_3.c,50 :: 		I2C1_Start();
0x0764	0xDE84      	RCALL       _I2C1_Start
;g_ACE_3.c,51 :: 		I2C1_Wr(ADW);                // 1B    yes (18)
0x0766	0x0ED0      	MOVLW       208
0x0768	0x6E5F      	MOVWF       FARG_I2C1_Wr_data_ 
0x076A	0xDDF4      	RCALL       _I2C1_Wr
;g_ACE_3.c,52 :: 		I2C1_Wr(0x1B);
0x076C	0x0E1B      	MOVLW       27
0x076E	0x6E5F      	MOVWF       FARG_I2C1_Wr_data_ 
0x0770	0xDDF1      	RCALL       _I2C1_Wr
;g_ACE_3.c,53 :: 		I2C1_Wr(0x00);
0x0772	0x6A5F      	CLRF        FARG_I2C1_Wr_data_ 
0x0774	0xDDEF      	RCALL       _I2C1_Wr
;g_ACE_3.c,54 :: 		I2C1_Stop();
0x0776	0xDEF3      	RCALL       _I2C1_Stop
;g_ACE_3.c,55 :: 		delay_ms(100);
0x0778	0x0E03      	MOVLW       3
0x077A	0x6E0B      	MOVWF       R11, 0
0x077C	0x0E8A      	MOVLW       138
0x077E	0x6E0C      	MOVWF       R12, 0
0x0780	0x0E55      	MOVLW       85
0x0782	0x6E0D      	MOVWF       R13, 0
L_main11:
0x0784	0x2E0D      	DECFSZ      R13, 1, 0
0x0786	0xD7FE      	BRA         L_main11
0x0788	0x2E0C      	DECFSZ      R12, 1, 0
0x078A	0xD7FC      	BRA         L_main11
0x078C	0x2E0B      	DECFSZ      R11, 1, 0
0x078E	0xD7FA      	BRA         L_main11
0x0790	0x0000      	NOP
0x0792	0x0000      	NOP
;g_ACE_3.c,57 :: 		I2C1_Start();
0x0794	0xDE6C      	RCALL       _I2C1_Start
;g_ACE_3.c,58 :: 		I2C1_Wr(ADW);                // 1C    yes    (18)
0x0796	0x0ED0      	MOVLW       208
0x0798	0x6E5F      	MOVWF       FARG_I2C1_Wr_data_ 
0x079A	0xDDDC      	RCALL       _I2C1_Wr
;g_ACE_3.c,59 :: 		I2C1_Wr(0x1C);
0x079C	0x0E1C      	MOVLW       28
0x079E	0x6E5F      	MOVWF       FARG_I2C1_Wr_data_ 
0x07A0	0xDDD9      	RCALL       _I2C1_Wr
;g_ACE_3.c,60 :: 		I2C1_Wr(0x00);
0x07A2	0x6A5F      	CLRF        FARG_I2C1_Wr_data_ 
0x07A4	0xDDD7      	RCALL       _I2C1_Wr
;g_ACE_3.c,61 :: 		I2C1_Stop();
0x07A6	0xDEDB      	RCALL       _I2C1_Stop
;g_ACE_3.c,62 :: 		delay_ms(100);
0x07A8	0x0E03      	MOVLW       3
0x07AA	0x6E0B      	MOVWF       R11, 0
0x07AC	0x0E8A      	MOVLW       138
0x07AE	0x6E0C      	MOVWF       R12, 0
0x07B0	0x0E55      	MOVLW       85
0x07B2	0x6E0D      	MOVWF       R13, 0
L_main12:
0x07B4	0x2E0D      	DECFSZ      R13, 1, 0
0x07B6	0xD7FE      	BRA         L_main12
0x07B8	0x2E0C      	DECFSZ      R12, 1, 0
0x07BA	0xD7FC      	BRA         L_main12
0x07BC	0x2E0B      	DECFSZ      R11, 1, 0
0x07BE	0xD7FA      	BRA         L_main12
0x07C0	0x0000      	NOP
0x07C2	0x0000      	NOP
;g_ACE_3.c,87 :: 		while(1)
L_main13:
;g_ACE_3.c,106 :: 		I2C1_Start();
0x07C4	0xDE54      	RCALL       _I2C1_Start
;g_ACE_3.c,107 :: 		I2C1_Wr(ADW);                                   // Address Device + Write
0x07C6	0x0ED0      	MOVLW       208
0x07C8	0x6E5F      	MOVWF       FARG_I2C1_Wr_data_ 
0x07CA	0xDDC4      	RCALL       _I2C1_Wr
;g_ACE_3.c,108 :: 		I2C1_Wr(0x41);                                  // Address Pointer
0x07CC	0x0E41      	MOVLW       65
0x07CE	0x6E5F      	MOVWF       FARG_I2C1_Wr_data_ 
0x07D0	0xDDC1      	RCALL       _I2C1_Wr
;g_ACE_3.c,109 :: 		I2C1_Repeated_Start();
0x07D2	0xDEC7      	RCALL       _I2C1_Repeated_Start
;g_ACE_3.c,110 :: 		I2C1_Wr(ADR);
0x07D4	0x0ED1      	MOVLW       209
0x07D6	0x6E5F      	MOVWF       FARG_I2C1_Wr_data_ 
0x07D8	0xDDBD      	RCALL       _I2C1_Wr
;g_ACE_3.c,111 :: 		buff = I2C1_Rd(0);                              // <<8
0x07DA	0x6A5F      	CLRF        FARG_I2C1_Rd_ack 
0x07DC	0xDD5A      	RCALL       _I2C1_Rd
0x07DE	0xF065C000  	MOVFF       R0, _buff
0x07E2	0x0E00      	MOVLW       0
0x07E4	0x0100      	MOVLB       0
0x07E6	0x6F66      	MOVWF       _buff+1, 1
;g_ACE_3.c,112 :: 		I2C1_Stop();
0x07E8	0xDEBA      	RCALL       _I2C1_Stop
;g_ACE_3.c,113 :: 		delay_ms(100);
0x07EA	0x0E03      	MOVLW       3
0x07EC	0x6E0B      	MOVWF       R11, 0
0x07EE	0x0E8A      	MOVLW       138
0x07F0	0x6E0C      	MOVWF       R12, 0
0x07F2	0x0E55      	MOVLW       85
0x07F4	0x6E0D      	MOVWF       R13, 0
L_main15:
0x07F6	0x2E0D      	DECFSZ      R13, 1, 0
0x07F8	0xD7FE      	BRA         L_main15
0x07FA	0x2E0C      	DECFSZ      R12, 1, 0
0x07FC	0xD7FC      	BRA         L_main15
0x07FE	0x2E0B      	DECFSZ      R11, 1, 0
0x0800	0xD7FA      	BRA         L_main15
0x0802	0x0000      	NOP
0x0804	0x0000      	NOP
;g_ACE_3.c,118 :: 		uart1_write(buff);
0x0806	0xF0A4C065  	MOVFF       _buff, FARG_UART1_Write_data_
0x080A	0xDC08      	RCALL       _UART1_Write
;g_ACE_3.c,121 :: 		I2C1_Start();
0x080C	0xDE30      	RCALL       _I2C1_Start
;g_ACE_3.c,122 :: 		I2C1_Wr(ADW);                                   // Address Device + Write
0x080E	0x0ED0      	MOVLW       208
0x0810	0x6E5F      	MOVWF       FARG_I2C1_Wr_data_ 
0x0812	0xDDA0      	RCALL       _I2C1_Wr
;g_ACE_3.c,123 :: 		I2C1_Wr(0x42);                                  // Address Pointer
0x0814	0x0E42      	MOVLW       66
0x0816	0x6E5F      	MOVWF       FARG_I2C1_Wr_data_ 
0x0818	0xDD9D      	RCALL       _I2C1_Wr
;g_ACE_3.c,124 :: 		I2C1_Repeated_Start();
0x081A	0xDEA3      	RCALL       _I2C1_Repeated_Start
;g_ACE_3.c,125 :: 		I2C1_Wr(ADR);
0x081C	0x0ED1      	MOVLW       209
0x081E	0x6E5F      	MOVWF       FARG_I2C1_Wr_data_ 
0x0820	0xDD99      	RCALL       _I2C1_Wr
;g_ACE_3.c,126 :: 		cofe =  I2C1_Rd(0);                            //
0x0822	0x6A5F      	CLRF        FARG_I2C1_Rd_ack 
0x0824	0xDD36      	RCALL       _I2C1_Rd
0x0826	0xF05DC000  	MOVFF       R0, _cofe
0x082A	0x0E00      	MOVLW       0
0x082C	0x6E5E      	MOVWF       _cofe+1 
;g_ACE_3.c,127 :: 		I2C1_Stop();
0x082E	0xDE97      	RCALL       _I2C1_Stop
;g_ACE_3.c,132 :: 		uart1_write(cofe);
0x0830	0xF0A4C05D  	MOVFF       _cofe, FARG_UART1_Write_data_
0x0834	0xF000EC0E  	CALL        _UART1_Write, 0
;g_ACE_3.c,133 :: 		delay_ms(500);
0x0838	0x0E0D      	MOVLW       13
0x083A	0x6E0B      	MOVWF       R11, 0
0x083C	0x0EAF      	MOVLW       175
0x083E	0x6E0C      	MOVWF       R12, 0
0x0840	0x0EB6      	MOVLW       182
0x0842	0x6E0D      	MOVWF       R13, 0
L_main16:
0x0844	0x2E0D      	DECFSZ      R13, 1, 0
0x0846	0xD7FE      	BRA         L_main16
0x0848	0x2E0C      	DECFSZ      R12, 1, 0
0x084A	0xD7FC      	BRA         L_main16
0x084C	0x2E0B      	DECFSZ      R11, 1, 0
0x084E	0xD7FA      	BRA         L_main16
0x0850	0x0000      	NOP
;g_ACE_3.c,134 :: 		uart1_write_text("\r\n");
0x0852	0x0E3C      	MOVLW       ?lstr1_g_ACE_3
0x0854	0x0100      	MOVLB       0
0x0856	0x6F93      	MOVWF       FARG_UART1_Write_Text_uart_text, 1
0x0858	0x0E00      	MOVLW       hi_addr(?lstr1_g_ACE_3)
0x085A	0x6F94      	MOVWF       FARG_UART1_Write_Text_uart_text+1, 1
0x085C	0xDE66      	RCALL       _UART1_Write_Text
;g_ACE_3.c,135 :: 		uart1_write_text("\r\n");
0x085E	0x0E42      	MOVLW       ?lstr2_g_ACE_3
0x0860	0x6F93      	MOVWF       FARG_UART1_Write_Text_uart_text, 1
0x0862	0x0E00      	MOVLW       hi_addr(?lstr2_g_ACE_3)
0x0864	0x6F94      	MOVWF       FARG_UART1_Write_Text_uart_text+1, 1
0x0866	0xDE61      	RCALL       _UART1_Write_Text
;g_ACE_3.c,136 :: 		uart1_write_text("\r\n");
0x0868	0x0E3F      	MOVLW       ?lstr3_g_ACE_3
0x086A	0x6F93      	MOVWF       FARG_UART1_Write_Text_uart_text, 1
0x086C	0x0E00      	MOVLW       hi_addr(?lstr3_g_ACE_3)
0x086E	0x6F94      	MOVWF       FARG_UART1_Write_Text_uart_text+1, 1
0x0870	0xDE5C      	RCALL       _UART1_Write_Text
;g_ACE_3.c,139 :: 		buff=(buff<<8);
0x0872	0xF066C065  	MOVFF       _buff, _buff+1
0x0876	0x6B65      	CLRF        _buff, 1
;g_ACE_3.c,140 :: 		buff=buff  | cofe;
0x0878	0x505D      	MOVF        _cofe, 0 
0x087A	0x1365      	IORWF       _buff, 1, 1
0x087C	0x505E      	MOVF        _cofe+1, 0 
0x087E	0x1366      	IORWF       _buff+1, 1, 1
;g_ACE_3.c,150 :: 		buff=!buff;
0x0880	0x5165      	MOVF        _buff, 0, 1
0x0882	0x1166      	IORWF       _buff+1, 0, 1
0x0884	0x0E01      	MOVLW       1
0x0886	0xA4D8      	BTFSS       STATUS, 2 
0x0888	0x0E00      	MOVLW       0
0x088A	0x6F65      	MOVWF       _buff, 1
0x088C	0x0E00      	MOVLW       0
0x088E	0x6F66      	MOVWF       _buff+1, 1
;g_ACE_3.c,151 :: 		buff=(buff | (0x01));
0x0890	0x0E01      	MOVLW       1
0x0892	0x1165      	IORWF       _buff, 0, 1
0x0894	0x6E01      	MOVWF       R1 
0x0896	0xF002C066  	MOVFF       _buff+1, R2
0x089A	0x0E00      	MOVLW       0
0x089C	0x1202      	IORWF       R2, 1 
0x089E	0xF065C001  	MOVFF       R1, _buff
0x08A2	0xF066C002  	MOVFF       R2, _buff+1
;g_ACE_3.c,152 :: 		if(buff>=32768)
0x08A6	0x0E80      	MOVLW       128
0x08A8	0x5C02      	SUBWF       R2, 0 
0x08AA	0xE102      	BNZ         L__main25
0x08AC	0x0E00      	MOVLW       0
0x08AE	0x5C01      	SUBWF       R1, 0 
L__main25:
0x08B0	0xE304      	BNC         L_main17
;g_ACE_3.c,153 :: 		buff= buff & (0xFFFF);
0x08B2	0x0EFF      	MOVLW       255
0x08B4	0x1765      	ANDWF       _buff, 1, 1
0x08B6	0x0EFF      	MOVLW       255
0x08B8	0x1766      	ANDWF       _buff+1, 1, 1
L_main17:
;g_ACE_3.c,155 :: 		uart1_write(buff );
0x08BA	0xF0A4C065  	MOVFF       _buff, FARG_UART1_Write_data_
0x08BE	0xF000EC0E  	CALL        _UART1_Write, 0
;g_ACE_3.c,156 :: 		uart1_write_text("\r\n");
0x08C2	0x0E39      	MOVLW       ?lstr4_g_ACE_3
0x08C4	0x0100      	MOVLB       0
0x08C6	0x6F93      	MOVWF       FARG_UART1_Write_Text_uart_text, 1
0x08C8	0x0E00      	MOVLW       hi_addr(?lstr4_g_ACE_3)
0x08CA	0x6F94      	MOVWF       FARG_UART1_Write_Text_uart_text+1, 1
0x08CC	0xDE2E      	RCALL       _UART1_Write_Text
;g_ACE_3.c,159 :: 		intToStr(finally, txt);
0x08CE	0xF000C061  	MOVFF       _finally, R0
0x08D2	0xF001C062  	MOVFF       _finally+1, R1
0x08D6	0xF002C063  	MOVFF       _finally+2, R2
0x08DA	0xF003C064  	MOVFF       _finally+3, R3
0x08DE	0xDE74      	RCALL       _double2int
0x08E0	0xF093C000  	MOVFF       R0, FARG_IntToStr_input
0x08E4	0xF094C001  	MOVFF       R1, FARG_IntToStr_input+1
0x08E8	0x0E49      	MOVLW       _txt
0x08EA	0x6F95      	MOVWF       FARG_IntToStr_output, 1
0x08EC	0x0E00      	MOVLW       hi_addr(_txt)
0x08EE	0x6F96      	MOVWF       FARG_IntToStr_output+1, 1
0x08F0	0xDC63      	RCALL       _IntToStr
;g_ACE_3.c,160 :: 		uart1_write_text("Temp final :                ");
0x08F2	0x0E15      	MOVLW       ?lstr5_g_ACE_3
0x08F4	0x6F93      	MOVWF       FARG_UART1_Write_Text_uart_text, 1
0x08F6	0x0E00      	MOVLW       hi_addr(?lstr5_g_ACE_3)
0x08F8	0x6F94      	MOVWF       FARG_UART1_Write_Text_uart_text+1, 1
0x08FA	0xDE17      	RCALL       _UART1_Write_Text
;g_ACE_3.c,161 :: 		uart1_write_text(txt);
0x08FC	0x0E49      	MOVLW       _txt
0x08FE	0x6F93      	MOVWF       FARG_UART1_Write_Text_uart_text, 1
0x0900	0x0E00      	MOVLW       hi_addr(_txt)
0x0902	0x6F94      	MOVWF       FARG_UART1_Write_Text_uart_text+1, 1
0x0904	0xDE12      	RCALL       _UART1_Write_Text
;g_ACE_3.c,162 :: 		uart1_write_text("C ");
0x0906	0x0E35      	MOVLW       ?lstr6_g_ACE_3
0x0908	0x6F93      	MOVWF       FARG_UART1_Write_Text_uart_text, 1
0x090A	0x0E00      	MOVLW       hi_addr(?lstr6_g_ACE_3)
0x090C	0x6F94      	MOVWF       FARG_UART1_Write_Text_uart_text+1, 1
0x090E	0xDE0D      	RCALL       _UART1_Write_Text
;g_ACE_3.c,163 :: 		uart1_write_text("\r\n");
0x0910	0x0E32      	MOVLW       ?lstr7_g_ACE_3
0x0912	0x6F93      	MOVWF       FARG_UART1_Write_Text_uart_text, 1
0x0914	0x0E00      	MOVLW       hi_addr(?lstr7_g_ACE_3)
0x0916	0x6F94      	MOVWF       FARG_UART1_Write_Text_uart_text+1, 1
0x0918	0xDE08      	RCALL       _UART1_Write_Text
;g_ACE_3.c,164 :: 		delay_ms(5000);
0x091A	0x0E7F      	MOVLW       127
0x091C	0x6E0B      	MOVWF       R11, 0
0x091E	0x0ED4      	MOVLW       212
0x0920	0x6E0C      	MOVWF       R12, 0
0x0922	0x0E31      	MOVLW       49
0x0924	0x6E0D      	MOVWF       R13, 0
L_main18:
0x0926	0x2E0D      	DECFSZ      R13, 1, 0
0x0928	0xD7FE      	BRA         L_main18
0x092A	0x2E0C      	DECFSZ      R12, 1, 0
0x092C	0xD7FC      	BRA         L_main18
0x092E	0x2E0B      	DECFSZ      R11, 1, 0
0x0930	0xD7FA      	BRA         L_main18
0x0932	0x0000      	NOP
0x0934	0x0000      	NOP
;g_ACE_3.c,392 :: 		}
0x0936	0xD746      	BRA         L_main13
;g_ACE_3.c,393 :: 		}
L_end_main:
0x0938	0xD7FF      	BRA         $+0
; end of _main
0x096E	0xF015EE10  	LFSR        1, 21
0x0972	0x0E34      	MOVLW       52
0x0974	0x6E00      	MOVWF       R0 
0x0976	0x0E01      	MOVLW       1
0x0978	0x6E01      	MOVWF       R1 
0x097A	0x0E3A      	MOVLW       58
0x097C	0x6EF6      	MOVWF       4086 
0x097E	0x0E09      	MOVLW       9
0x0980	0x6EF7      	MOVWF       TBLPTRH 
0x0982	0x0E00      	MOVLW       0
0x0984	0x6EF8      	MOVWF       TBLPTRU 
0x0986	0xF002ECDC  	CALL        1464, 0
0x098A	0x0012      	RETURN      0
;g_ACE_3.c,0 :: ?ICS?lstr5_g_ACE_3
0x093A	0x6554 ;?ICS?lstr5_g_ACE_3+0
0x093C	0x706D ;?ICS?lstr5_g_ACE_3+2
0x093E	0x6620 ;?ICS?lstr5_g_ACE_3+4
0x0940	0x6E69 ;?ICS?lstr5_g_ACE_3+6
0x0942	0x6C61 ;?ICS?lstr5_g_ACE_3+8
0x0944	0x3A20 ;?ICS?lstr5_g_ACE_3+10
0x0946	0x2020 ;?ICS?lstr5_g_ACE_3+12
0x0948	0x2020 ;?ICS?lstr5_g_ACE_3+14
0x094A	0x2020 ;?ICS?lstr5_g_ACE_3+16
0x094C	0x2020 ;?ICS?lstr5_g_ACE_3+18
0x094E	0x2020 ;?ICS?lstr5_g_ACE_3+20
0x0950	0x2020 ;?ICS?lstr5_g_ACE_3+22
0x0952	0x2020 ;?ICS?lstr5_g_ACE_3+24
0x0954	0x2020 ;?ICS?lstr5_g_ACE_3+26
0x0956	0x00 ;?ICS?lstr5_g_ACE_3+28
; end of ?ICS?lstr5_g_ACE_3
;g_ACE_3.c,0 :: ?ICS?lstr7_g_ACE_3
0x0957	0x0A0D ;?ICS?lstr7_g_ACE_3+0
0x0959	0x00 ;?ICS?lstr7_g_ACE_3+2
; end of ?ICS?lstr7_g_ACE_3
;g_ACE_3.c,0 :: ?ICS?lstr6_g_ACE_3
0x095A	0x43B0 ;?ICS?lstr6_g_ACE_3+0
0x095C	0x0020 ;?ICS?lstr6_g_ACE_3+2
; end of ?ICS?lstr6_g_ACE_3
;g_ACE_3.c,0 :: ?ICS?lstr4_g_ACE_3
0x095E	0x0A0D ;?ICS?lstr4_g_ACE_3+0
0x0960	0x00 ;?ICS?lstr4_g_ACE_3+2
; end of ?ICS?lstr4_g_ACE_3
;g_ACE_3.c,0 :: ?ICS?lstr1_g_ACE_3
0x0961	0x0A0D ;?ICS?lstr1_g_ACE_3+0
0x0963	0x00 ;?ICS?lstr1_g_ACE_3+2
; end of ?ICS?lstr1_g_ACE_3
;g_ACE_3.c,0 :: ?ICS?lstr3_g_ACE_3
0x0964	0x0A0D ;?ICS?lstr3_g_ACE_3+0
0x0966	0x00 ;?ICS?lstr3_g_ACE_3+2
; end of ?ICS?lstr3_g_ACE_3
;g_ACE_3.c,0 :: ?ICS?lstr2_g_ACE_3
0x0967	0x0A0D ;?ICS?lstr2_g_ACE_3+0
0x0969	0x00 ;?ICS?lstr2_g_ACE_3+2
; end of ?ICS?lstr2_g_ACE_3
;__Lib_I2C_b10.c,0 :: ?ICS__Lib_I2C_b10__I2C1_TIMEOUT
0x096A	0x0000 ;?ICS__Lib_I2C_b10__I2C1_TIMEOUT+0
0x096C	0x0000 ;?ICS__Lib_I2C_b10__I2C1_TIMEOUT+2
; end of ?ICS__Lib_I2C_b10__I2C1_TIMEOUT
Symbol List:
//** Routines locations **
//ADDRESS    SIZE    PROCEDURE
//----------------------------------------------
0x001C      [14]    _UART1_Write
0x002A      [54]    _Div_16X16_U
0x0060      [26]    _I2C1_Is_Idle
0x007A     [120]    _I2C1_Init
0x00F2     [146]    _WordToStr
0x0184      [24]    _____DoIFC
0x019C      [28]    _SETIOV3224
0x01B8     [218]    _IntToStr
0x0292     [194]    _I2C1_Rd
0x0354     [194]    _I2C1_Wr
0x0416      [88]    _UART1_Init
0x046E     [144]    _I2C1_Start
0x04FE      [44]    _th02Init
0x052A      [52]    _UART1_Write_Text
0x055E       [4]    _I2C1_Stop
0x0562      [86]    _I2C1_Repeated_Start
0x05B8      [16]    ___CC2DW
0x05C8     [210]    _double2int
0x069A     [672]    _main
//** Variables locations ** 
//ADDRESS    SIZE    VARIABLE
//----------------------------------------------
0x0000       [1]    R0
0x0000       [1]    UART1_Init_tmp_L0
0x0001       [1]    ispunct_rslt_L0
0x0001       [1]    UART1_Read___tmp_UART1_Read_L0
0x0001       [1]    R1
0x0002       [2]    strlen_cp_L0
0x0002       [1]    R2
0x0002       [2]    memcpy_dd_L0
0x0002       [2]    memset_pp_L0
0x0002       [2]    memchr_s_L0
0x0003       [1]    R3
0x0003       [2]    memmove_tt_L0
0x0003       [2]    Ltrim_original_L0
0x0004       [2]    memcpy_ss_L0
0x0004       [2]    strncat_cp_L0
0x0004       [2]    strcpy_cp_L0
0x0004       [2]    strncpy_cp_L0
0x0004       [1]    R4
0x0004       [2]    strcat_cp_L0
0x0005       [2]    Ltrim_p_L0
0x0005       [2]    LongWordToHex_input_half_L0
0x0005       [2]    memmove_ff_L0
0x0005       [2]    LongIntToHex_input_half_L0
0x0005       [1]    R5
0x0006       [1]    R6
0x0007       [1]    R7
0x0008       [1]    R8
0x0009       [1]    R9
0x000A       [1]    R10
0x000B       [1]    R11
0x000C       [1]    R12
0x000D       [1]    R13
0x000E       [1]    R14
0x000F       [1]    R15
0x0010       [1]    R16
0x0011       [1]    R17
0x0012       [1]    R18
0x0013       [1]    R19
0x0014       [1]    R20
0x0015      [29]    ?lstr5_g_ACE_3
0x0032       [3]    ?lstr7_g_ACE_3
0x0035       [4]    ?lstr6_g_ACE_3
0x0039       [3]    ?lstr4_g_ACE_3
0x003C       [3]    ?lstr1_g_ACE_3
0x003F       [3]    ?lstr3_g_ACE_3
0x0042       [3]    ?lstr2_g_ACE_3
0x0045       [4]    __Lib_I2C_b10__I2C1_TIMEOUT
0x0049      [20]    _txt
0x005D       [2]    _cofe
0x005F       [1]    FARG_I2C1_Rd_ack
0x005F       [1]    FARG_I2C1_Wr_data_
0x005F       [1]    UART1_Write_Text_data__L0
0x0060       [1]    UART1_Write_Text_counter_L0
0x0060       [1]    I2C1_Rd_tmp_L0
0x0061       [4]    _finally
0x0065       [2]    _buff
0x0067       [4]    _UART_Wr_Ptr
0x006B       [4]    _I2C_Stop_Ptr
0x006F       [4]    _UART_Rd_Ptr
0x0073       [4]    _UART_Tx_Idle_Ptr
0x0077       [4]    _UART_Rdy_Ptr
0x007B       [4]    _I2C_Write_Ptr
0x007F       [4]    _I2C_Is_Idle_Ptr
0x0083       [4]    _I2C1_Timeout_Ptr
0x0087       [4]    _I2C_Start_Ptr
0x008B       [4]    _I2C_Read_Ptr
0x008F       [4]    _I2C_Restart_Ptr
0x0093       [2]    FARG_IntToStr_input
0x0093       [2]    I2C1_Start_j_L0
0x0093       [2]    FARG_UART1_Write_Text_uart_text
0x0093       [4]    I2C1_Repeated_Start_timeout_L0
0x0093       [4]    I2C1_Wr_timeout_L0
0x0093       [4]    I2C1_Rd_timeout_L0
0x0095       [4]    I2C1_Start_timeout_L0
0x0095       [2]    FARG_IntToStr_output
0x0097       [2]    IntToStr_i_L0
0x0099       [2]    IntToStr_negative_L0
0x009B       [2]    IntToStr_inword_L0
0x009D       [4]    FARG_I2C1_Init_clock
0x009D       [2]    FARG_WordToStr_input
0x009F       [2]    FARG_WordToStr_output
0x00A1       [1]    WordToStr_len_L0
0x00A2       [2]    FLOC__WordToStr
0x00A4       [1]    FARG_UART1_Write_data_
0x0F81       [1]    PORTB
0x0F8A       [0]    LATB0_bit
0x0F8A       [0]    LATB1_bit
0x0F93       [0]    TRISB1_bit
0x0F93       [0]    TRISB0_bit
0x0F94       [0]    TRISC7_bit
0x0F94       [0]    TRISC6_bit
0x0F9E       [1]    PIR1
0x0FAB       [1]    RCSTA
0x0FAC       [1]    TXSTA
0x0FAD       [1]    TXREG
0x0FAE       [1]    RCREG
0x0FAF       [1]    SPBRG
0x0FB0       [1]    SPBRGH
0x0FB8       [1]    BAUDCON
0x0FC1       [1]    ADCON1
0x0FC5       [1]    SSPCON2
0x0FC6       [1]    SSPCON1
0x0FC7       [1]    SSPSTAT
0x0FC8       [1]    SSPADD
0x0FC9       [1]    SSPBUF
0x0FD8       [1]    STATUS
0x0FD9       [1]    FSR2L
0x0FDA       [1]    FSR2H
0x0FDE       [1]    POSTINC2
0x0FE0       [1]    BSR
0x0FE1       [1]    FSR1L
0x0FE1       [2]    FSR1
0x0FE2       [1]    FSR1H
0x0FE4       [1]    PREINC1
0x0FE6       [1]    POSTINC1
0x0FE7       [1]    INDF1
0x0FE8       [1]    WREG
0x0FE9       [1]    FSR0L
0x0FEA       [1]    FSR0H
0x0FEE       [1]    POSTINC0
0x0FF1       [1]    INTCON2
0x0FF2       [1]    INTCON
0x0FF3       [1]    PRODL
0x0FF4       [1]    PRODH
0x0FF5       [1]    TABLAT
0x0FF6       [1]    TBLPTRL
0x0FF7       [1]    TBLPTRH
0x0FF8       [1]    TBLPTRU
0x0FFD       [1]    TOSL
0x0FFE       [1]    TOSH
0x0FFF       [1]    TOSU
//** Constants locations ** 
//ADDRESS    SIZE    CONSTANT
//----------------------------------------------
0x093A      [29]    ?ICS?lstr5_g_ACE_3
0x0957       [3]    ?ICS?lstr7_g_ACE_3
0x095A       [4]    ?ICS?lstr6_g_ACE_3
0x095E       [3]    ?ICS?lstr4_g_ACE_3
0x0961       [3]    ?ICS?lstr1_g_ACE_3
0x0964       [3]    ?ICS?lstr3_g_ACE_3
0x0967       [3]    ?ICS?lstr2_g_ACE_3
0x096A       [4]    ?ICS__Lib_I2C_b10__I2C1_TIMEOUT
