;  LST file generated by mikroListExporter - v.2.0 
; Date/Time: 13/06/2019 02:42:29 p. m.
;----------------------------------------------

;Address Opcode 	ASM
0x0000	0xF002EFC4  	GOTO        1416
0x0004	0x0000      	NOP
0x0006	0x0000      	NOP
0x0008	0xF000EF00  	GOTO        0
0x000C	0x0000      	NOP
0x000E	0x0000      	NOP
0x0010	0x0000      	NOP
0x0012	0x0000      	NOP
0x0014	0x0000      	NOP
0x0016	0x0000      	NOP
0x0018	0xD7F3      	BRA         0
_UART1_Write:
;__Lib_UART_c67.c,58 :: 		
;__Lib_UART_c67.c,59 :: 		
L_UART1_Write3:
0x001C	0xB2AC      	BTFSC       TXSTA, 1 
0x001E	0xD002      	BRA         L_UART1_Write4
;__Lib_UART_c67.c,60 :: 		
0x0020	0x0000      	NOP
0x0022	0xD7FC      	BRA         L_UART1_Write3
L_UART1_Write4:
;__Lib_UART_c67.c,61 :: 		
0x0024	0xFFADC07B  	MOVFF       FARG_UART1_Write_data_, TXREG
;__Lib_UART_c67.c,62 :: 		
L_end_UART1_Write:
0x0028	0x0012      	RETURN      0
; end of _UART1_Write
_____DoIFC:
;__Lib_System.c,93 :: 		
;__Lib_System.c,94 :: 		
0x002A	0x50F2      	MOVF        INTCON, 0, 0
;__Lib_System.c,95 :: 		
0x002C	0x6E02      	MOVWF       R2, 0
;__Lib_System.c,96 :: 		
0x002E	0x9EF2      	BCF         INTCON, 7 
;__Lib_System.c,97 :: 		
0x0030	0x0005      	PUSH
;__Lib_System.c,98 :: 		
0x0032	0x6AFF      	CLRF        TOSU, 0
;__Lib_System.c,99 :: 		
0x0034	0x5001      	MOVF        R1, 0, 0
;__Lib_System.c,100 :: 		
0x0036	0x6EFE      	MOVWF       TOSH, 0
;__Lib_System.c,101 :: 		
0x0038	0x5000      	MOVF        R0, 0, 0
;__Lib_System.c,102 :: 		
0x003A	0x6EFD      	MOVWF       TOSL, 0
;__Lib_System.c,103 :: 		
0x003C	0xBE02      	BTFSC       R2, 7, 0
;__Lib_System.c,104 :: 		
0x003E	0x8EF2      	BSF         INTCON, 7, 0
;__Lib_System.c,105 :: 		
;__Lib_System.c,107 :: 		
L_end_____DoIFC:
0x0040	0x0012      	RETURN      0
; end of _____DoIFC
_I2C1_Is_Idle:
;__Lib_I2C_b10.c,30 :: 		
;__Lib_I2C_b10.c,31 :: 		
0x0042	0xB4C7      	BTFSC       SSPSTAT, 2 
0x0044	0xD009      	BRA         L_I2C1_Is_Idle0
;__Lib_I2C_b10.c,32 :: 		
0x0046	0x0E1F      	MOVLW       31
0x0048	0x14C5      	ANDWF       SSPCON2, 0 
0x004A	0x6E01      	MOVWF       R1 
0x004C	0x5001      	MOVF        R1, 0 
0x004E	0x0A00      	XORLW       0
0x0050	0xE103      	BNZ         L_I2C1_Is_Idle1
;__Lib_I2C_b10.c,33 :: 		
0x0052	0x0E01      	MOVLW       1
0x0054	0x6E00      	MOVWF       R0 
0x0056	0xD001      	BRA         L_end_I2C1_Is_Idle
L_I2C1_Is_Idle1:
L_I2C1_Is_Idle0:
;__Lib_I2C_b10.c,34 :: 		
0x0058	0x6A00      	CLRF        R0 
;__Lib_I2C_b10.c,35 :: 		
L_end_I2C1_Is_Idle:
0x005A	0x0012      	RETURN      0
; end of _I2C1_Is_Idle
_I2C1_Start:
;__Lib_I2C_b10.c,37 :: 		
;__Lib_I2C_b10.c,41 :: 		
0x005C	0xF077C015  	MOVFF       __Lib_I2C_b10__I2C1_TIMEOUT, I2C1_Start_timeout_L0
0x0060	0xF078C016  	MOVFF       __Lib_I2C_b10__I2C1_TIMEOUT+1, I2C1_Start_timeout_L0+1
0x0064	0xF079C017  	MOVFF       __Lib_I2C_b10__I2C1_TIMEOUT+2, I2C1_Start_timeout_L0+2
0x0068	0xF07AC018  	MOVFF       __Lib_I2C_b10__I2C1_TIMEOUT+3, I2C1_Start_timeout_L0+3
;__Lib_I2C_b10.c,43 :: 		
0x006C	0x0100      	MOVLB       0
0x006E	0x6B75      	CLRF        I2C1_Start_j_L0, 1
0x0070	0x6B76      	CLRF        I2C1_Start_j_L0+1, 1
L_I2C1_Start2:
0x0072	0x5176      	MOVF        I2C1_Start_j_L0+1, 0, 1
0x0074	0x0812      	SUBLW       18
0x0076	0xE102      	BNZ         L__I2C1_Start39
0x0078	0x5175      	MOVF        I2C1_Start_j_L0, 0, 1
0x007A	0x088E      	SUBLW       142
L__I2C1_Start39:
0x007C	0xE308      	BNC         L_I2C1_Start3
;__Lib_I2C_b10.c,44 :: 		
0x007E	0xDFE1      	RCALL       _I2C1_Is_Idle
0x0080	0x5200      	MOVF        R0, 1 
0x0082	0xE001      	BZ          L_I2C1_Start5
;__Lib_I2C_b10.c,45 :: 		
0x0084	0xD004      	BRA         L_I2C1_Start3
L_I2C1_Start5:
;__Lib_I2C_b10.c,43 :: 		
0x0086	0x0100      	MOVLB       0
0x0088	0x4B75      	INFSNZ      I2C1_Start_j_L0, 1, 1
0x008A	0x2B76      	INCF        I2C1_Start_j_L0+1, 1, 1
;__Lib_I2C_b10.c,46 :: 		
0x008C	0xD7F2      	BRA         L_I2C1_Start2
L_I2C1_Start3:
0x008E	0x0100      	MOVLB       0
;__Lib_I2C_b10.c,48 :: 		
0x0090	0x0E12      	MOVLW       18
0x0092	0x5D76      	SUBWF       I2C1_Start_j_L0+1, 0, 1
0x0094	0xE102      	BNZ         L__I2C1_Start40
0x0096	0x0E8F      	MOVLW       143
0x0098	0x5D75      	SUBWF       I2C1_Start_j_L0, 0, 1
L__I2C1_Start40:
0x009A	0xE303      	BNC         L_I2C1_Start6
;__Lib_I2C_b10.c,49 :: 		
0x009C	0x0E7B      	MOVLW       123
0x009E	0x6E00      	MOVWF       R0 
0x00A0	0xD024      	BRA         L_end_I2C1_Start
L_I2C1_Start6:
;__Lib_I2C_b10.c,51 :: 		
0x00A2	0x80C5      	BSF         SSPCON2, 0 
;__Lib_I2C_b10.c,52 :: 		
L_I2C1_Start8:
0x00A4	0xA0C5      	BTFSS       SSPCON2, 0 
0x00A6	0xD020      	BRA         L_I2C1_Start9
;__Lib_I2C_b10.c,54 :: 		
0x00A8	0x5015      	MOVF        __Lib_I2C_b10__I2C1_TIMEOUT, 0 
0x00AA	0x1016      	IORWF       __Lib_I2C_b10__I2C1_TIMEOUT+1, 0 
0x00AC	0x1017      	IORWF       __Lib_I2C_b10__I2C1_TIMEOUT+2, 0 
0x00AE	0x1018      	IORWF       __Lib_I2C_b10__I2C1_TIMEOUT+3, 0 
0x00B0	0xE01A      	BZ          L_I2C1_Start10
;__Lib_I2C_b10.c,56 :: 		
0x00B2	0x5177      	MOVF        I2C1_Start_timeout_L0, 0, 1
0x00B4	0x1178      	IORWF       I2C1_Start_timeout_L0+1, 0, 1
0x00B6	0x1179      	IORWF       I2C1_Start_timeout_L0+2, 0, 1
0x00B8	0x117A      	IORWF       I2C1_Start_timeout_L0+3, 0, 1
0x00BA	0xE10E      	BNZ         L_I2C1_Start11
;__Lib_I2C_b10.c,58 :: 		
0x00BC	0xFFE1C038  	MOVFF       _I2C1_Timeout_Ptr+2, FSR1L
0x00C0	0xFFE2C039  	MOVFF       _I2C1_Timeout_Ptr+3, FSR1H
0x00C4	0x0E05      	MOVLW       5
0x00C6	0x6EE6      	MOVWF       POSTINC1 
0x00C8	0xF000C036  	MOVFF       _I2C1_Timeout_Ptr, R0
0x00CC	0xF001C037  	MOVFF       _I2C1_Timeout_Ptr+1, R1
0x00D0	0xDFAC      	RCALL       _____DoIFC
;__Lib_I2C_b10.c,59 :: 		
0x00D2	0x0E01      	MOVLW       1
0x00D4	0x6E00      	MOVWF       R0 
0x00D6	0xD009      	BRA         L_end_I2C1_Start
;__Lib_I2C_b10.c,60 :: 		
L_I2C1_Start11:
;__Lib_I2C_b10.c,61 :: 		
0x00D8	0x0E01      	MOVLW       1
0x00DA	0x0100      	MOVLB       0
0x00DC	0x5F77      	SUBWF       I2C1_Start_timeout_L0, 1, 1
0x00DE	0x0E00      	MOVLW       0
0x00E0	0x5B78      	SUBWFB      I2C1_Start_timeout_L0+1, 1, 1
0x00E2	0x5B79      	SUBWFB      I2C1_Start_timeout_L0+2, 1, 1
0x00E4	0x5B7A      	SUBWFB      I2C1_Start_timeout_L0+3, 1, 1
;__Lib_I2C_b10.c,62 :: 		
L_I2C1_Start10:
;__Lib_I2C_b10.c,63 :: 		
0x00E6	0xD7DE      	BRA         L_I2C1_Start8
L_I2C1_Start9:
;__Lib_I2C_b10.c,64 :: 		
0x00E8	0x6A00      	CLRF        R0 
;__Lib_I2C_b10.c,66 :: 		
L_end_I2C1_Start:
0x00EA	0x0012      	RETURN      0
; end of _I2C1_Start
_Div_16x16_S_L:
;__Lib_Math.c,139 :: 		
;__Lib_Math.c,146 :: 		
0x00EC	0x3401      	RLCF        R1, 0, 0
;__Lib_Math.c,147 :: 		
0x00EE	0x3608      	RLCF        R8, 1, 0
;__Lib_Math.c,148 :: 		
0x00F0	0x3609      	RLCF        R9, 1, 0
;__Lib_Math.c,149 :: 		
0x00F2	0x5004      	MOVF        R4, 0, 0
;__Lib_Math.c,150 :: 		
0x00F4	0x5E08      	SUBWF       R8, 1, 0
;__Lib_Math.c,151 :: 		
0x00F6	0x5005      	MOVF        R5, 0, 0
;__Lib_Math.c,152 :: 		
0x00F8	0xA0D8      	BTFSS       STATUS, 0, 0
;__Lib_Math.c,153 :: 		
0x00FA	0x3C05      	INCFSZ      R5, 0, 0
;__Lib_Math.c,154 :: 		
0x00FC	0x5E09      	SUBWF       R9, 1, 0
;__Lib_Math.c,155 :: 		
0x00FE	0x3600      	RLCF        R0, 1, 0
;__Lib_Math.c,156 :: 		
0x0100	0x3601      	RLCF        R1, 1, 0
;__Lib_Math.c,158 :: 		
0x0102	0x0E0F      	MOVLW       15
;__Lib_Math.c,159 :: 		
0x0104	0x6E0C      	MOVWF       R12, 0
;__Lib_Math.c,161 :: 		
0x0106	0x3401      	RLCF        R1, 0, 0
;__Lib_Math.c,162 :: 		
0x0108	0x3608      	RLCF        R8, 1, 0
;__Lib_Math.c,163 :: 		
0x010A	0x3609      	RLCF        R9, 1, 0
;__Lib_Math.c,164 :: 		
0x010C	0x5004      	MOVF        R4, 0, 0
;__Lib_Math.c,166 :: 		
0x010E	0xA000      	BTFSS       R0, 0, 0
;__Lib_Math.c,167 :: 		
0x0110	0xD006      	BRA         $+14
;__Lib_Math.c,168 :: 		
0x0112	0x5E08      	SUBWF       R8, 1, 0
;__Lib_Math.c,169 :: 		
0x0114	0x5005      	MOVF        R5, 0, 0
;__Lib_Math.c,170 :: 		
0x0116	0xA0D8      	BTFSS       STATUS, 0, 0
;__Lib_Math.c,171 :: 		
0x0118	0x3C05      	INCFSZ      R5, 0, 0
;__Lib_Math.c,172 :: 		
0x011A	0x5E09      	SUBWF       R9, 1, 0
;__Lib_Math.c,173 :: 		
0x011C	0xD005      	BRA         $+12
;__Lib_Math.c,175 :: 		
0x011E	0x2608      	ADDWF       R8, 1, 0
;__Lib_Math.c,176 :: 		
0x0120	0x5005      	MOVF        R5, 0, 0
;__Lib_Math.c,177 :: 		
0x0122	0xB0D8      	BTFSC       STATUS, 0, 0
;__Lib_Math.c,178 :: 		
0x0124	0x3C05      	INCFSZ      R5, 0, 0
;__Lib_Math.c,179 :: 		
0x0126	0x2609      	ADDWF       R9, 1, 0
;__Lib_Math.c,181 :: 		
0x0128	0x3600      	RLCF        R0, 1, 0
;__Lib_Math.c,182 :: 		
0x012A	0x3601      	RLCF        R1, 1, 0
;__Lib_Math.c,184 :: 		
0x012C	0x2E0C      	DECFSZ      R12, 1, 0
;__Lib_Math.c,185 :: 		
0x012E	0xD7EB      	BRA         $-40
;__Lib_Math.c,187 :: 		
0x0130	0xB000      	BTFSC       R0, 0, 0
;__Lib_Math.c,188 :: 		
0x0132	0xD006      	BRA         $+14
;__Lib_Math.c,189 :: 		
0x0134	0x5004      	MOVF        R4, 0, 0
;__Lib_Math.c,190 :: 		
0x0136	0x2608      	ADDWF       R8, 1, 0
;__Lib_Math.c,191 :: 		
0x0138	0x5005      	MOVF        R5, 0, 0
;__Lib_Math.c,192 :: 		
0x013A	0xB0D8      	BTFSC       STATUS, 0, 0
;__Lib_Math.c,193 :: 		
0x013C	0x3C05      	INCFSZ      R5, 0, 0
;__Lib_Math.c,194 :: 		
0x013E	0x2609      	ADDWF       R9, 1, 0
;__Lib_Math.c,195 :: 		
0x0140	0x0000      	NOP
;__Lib_Math.c,197 :: 		
L_end_Div_16x16_S_L:
0x0142	0x0012      	RETURN      0
; end of _Div_16x16_S_L
_I2C1_Wr:
;__Lib_I2C_b10.c,139 :: 		
;__Lib_I2C_b10.c,142 :: 		
0x0144	0x969E      	BCF         PIR1, 3 
;__Lib_I2C_b10.c,143 :: 		
0x0146	0xFFC9C075  	MOVFF       FARG_I2C1_Wr_data_, SSPBUF
;__Lib_I2C_b10.c,145 :: 		
0x014A	0xF076C015  	MOVFF       __Lib_I2C_b10__I2C1_TIMEOUT, I2C1_Wr_timeout_L0
0x014E	0xF077C016  	MOVFF       __Lib_I2C_b10__I2C1_TIMEOUT+1, I2C1_Wr_timeout_L0+1
0x0152	0xF078C017  	MOVFF       __Lib_I2C_b10__I2C1_TIMEOUT+2, I2C1_Wr_timeout_L0+2
0x0156	0xF079C018  	MOVFF       __Lib_I2C_b10__I2C1_TIMEOUT+3, I2C1_Wr_timeout_L0+3
;__Lib_I2C_b10.c,147 :: 		
L_I2C1_Wr26:
0x015A	0xA4C7      	BTFSS       SSPSTAT, 2 
0x015C	0xD021      	BRA         L_I2C1_Wr27
;__Lib_I2C_b10.c,149 :: 		
0x015E	0x5015      	MOVF        __Lib_I2C_b10__I2C1_TIMEOUT, 0 
0x0160	0x1016      	IORWF       __Lib_I2C_b10__I2C1_TIMEOUT+1, 0 
0x0162	0x1017      	IORWF       __Lib_I2C_b10__I2C1_TIMEOUT+2, 0 
0x0164	0x1018      	IORWF       __Lib_I2C_b10__I2C1_TIMEOUT+3, 0 
0x0166	0xE01B      	BZ          L_I2C1_Wr28
;__Lib_I2C_b10.c,151 :: 		
0x0168	0x0100      	MOVLB       0
0x016A	0x5176      	MOVF        I2C1_Wr_timeout_L0, 0, 1
0x016C	0x1177      	IORWF       I2C1_Wr_timeout_L0+1, 0, 1
0x016E	0x1178      	IORWF       I2C1_Wr_timeout_L0+2, 0, 1
0x0170	0x1179      	IORWF       I2C1_Wr_timeout_L0+3, 0, 1
0x0172	0xE10E      	BNZ         L_I2C1_Wr29
;__Lib_I2C_b10.c,153 :: 		
0x0174	0xFFE1C038  	MOVFF       _I2C1_Timeout_Ptr+2, FSR1L
0x0178	0xFFE2C039  	MOVFF       _I2C1_Timeout_Ptr+3, FSR1H
0x017C	0x0E04      	MOVLW       4
0x017E	0x6EE6      	MOVWF       POSTINC1 
0x0180	0xF000C036  	MOVFF       _I2C1_Timeout_Ptr, R0
0x0184	0xF001C037  	MOVFF       _I2C1_Timeout_Ptr+1, R1
0x0188	0xDF50      	RCALL       _____DoIFC
;__Lib_I2C_b10.c,154 :: 		
0x018A	0x0E01      	MOVLW       1
0x018C	0x6E00      	MOVWF       R0 
0x018E	0xD03A      	BRA         L_end_I2C1_Wr
;__Lib_I2C_b10.c,155 :: 		
L_I2C1_Wr29:
;__Lib_I2C_b10.c,156 :: 		
0x0190	0x0E01      	MOVLW       1
0x0192	0x0100      	MOVLB       0
0x0194	0x5F76      	SUBWF       I2C1_Wr_timeout_L0, 1, 1
0x0196	0x0E00      	MOVLW       0
0x0198	0x5B77      	SUBWFB      I2C1_Wr_timeout_L0+1, 1, 1
0x019A	0x5B78      	SUBWFB      I2C1_Wr_timeout_L0+2, 1, 1
0x019C	0x5B79      	SUBWFB      I2C1_Wr_timeout_L0+3, 1, 1
;__Lib_I2C_b10.c,157 :: 		
L_I2C1_Wr28:
;__Lib_I2C_b10.c,158 :: 		
0x019E	0xD7DD      	BRA         L_I2C1_Wr26
L_I2C1_Wr27:
;__Lib_I2C_b10.c,160 :: 		
0x01A0	0xF076C015  	MOVFF       __Lib_I2C_b10__I2C1_TIMEOUT, I2C1_Wr_timeout_L0
0x01A4	0xF077C016  	MOVFF       __Lib_I2C_b10__I2C1_TIMEOUT+1, I2C1_Wr_timeout_L0+1
0x01A8	0xF078C017  	MOVFF       __Lib_I2C_b10__I2C1_TIMEOUT+2, I2C1_Wr_timeout_L0+2
0x01AC	0xF079C018  	MOVFF       __Lib_I2C_b10__I2C1_TIMEOUT+3, I2C1_Wr_timeout_L0+3
;__Lib_I2C_b10.c,162 :: 		
L_I2C1_Wr30:
0x01B0	0xB69E      	BTFSC       PIR1, 3 
0x01B2	0xD021      	BRA         L_I2C1_Wr31
;__Lib_I2C_b10.c,164 :: 		
0x01B4	0x5015      	MOVF        __Lib_I2C_b10__I2C1_TIMEOUT, 0 
0x01B6	0x1016      	IORWF       __Lib_I2C_b10__I2C1_TIMEOUT+1, 0 
0x01B8	0x1017      	IORWF       __Lib_I2C_b10__I2C1_TIMEOUT+2, 0 
0x01BA	0x1018      	IORWF       __Lib_I2C_b10__I2C1_TIMEOUT+3, 0 
0x01BC	0xE01B      	BZ          L_I2C1_Wr32
;__Lib_I2C_b10.c,166 :: 		
0x01BE	0x0100      	MOVLB       0
0x01C0	0x5176      	MOVF        I2C1_Wr_timeout_L0, 0, 1
0x01C2	0x1177      	IORWF       I2C1_Wr_timeout_L0+1, 0, 1
0x01C4	0x1178      	IORWF       I2C1_Wr_timeout_L0+2, 0, 1
0x01C6	0x1179      	IORWF       I2C1_Wr_timeout_L0+3, 0, 1
0x01C8	0xE10E      	BNZ         L_I2C1_Wr33
;__Lib_I2C_b10.c,168 :: 		
0x01CA	0xFFE1C038  	MOVFF       _I2C1_Timeout_Ptr+2, FSR1L
0x01CE	0xFFE2C039  	MOVFF       _I2C1_Timeout_Ptr+3, FSR1H
0x01D2	0x0E04      	MOVLW       4
0x01D4	0x6EE6      	MOVWF       POSTINC1 
0x01D6	0xF000C036  	MOVFF       _I2C1_Timeout_Ptr, R0
0x01DA	0xF001C037  	MOVFF       _I2C1_Timeout_Ptr+1, R1
0x01DE	0xDF25      	RCALL       _____DoIFC
;__Lib_I2C_b10.c,169 :: 		
0x01E0	0x0E01      	MOVLW       1
0x01E2	0x6E00      	MOVWF       R0 
0x01E4	0xD00F      	BRA         L_end_I2C1_Wr
;__Lib_I2C_b10.c,170 :: 		
L_I2C1_Wr33:
;__Lib_I2C_b10.c,171 :: 		
0x01E6	0x0E01      	MOVLW       1
0x01E8	0x0100      	MOVLB       0
0x01EA	0x5F76      	SUBWF       I2C1_Wr_timeout_L0, 1, 1
0x01EC	0x0E00      	MOVLW       0
0x01EE	0x5B77      	SUBWFB      I2C1_Wr_timeout_L0+1, 1, 1
0x01F0	0x5B78      	SUBWFB      I2C1_Wr_timeout_L0+2, 1, 1
0x01F2	0x5B79      	SUBWFB      I2C1_Wr_timeout_L0+3, 1, 1
;__Lib_I2C_b10.c,172 :: 		
L_I2C1_Wr32:
;__Lib_I2C_b10.c,173 :: 		
0x01F4	0xD7DD      	BRA         L_I2C1_Wr30
L_I2C1_Wr31:
;__Lib_I2C_b10.c,175 :: 		
0x01F6	0xBCC5      	BTFSC       SSPCON2, 6 
0x01F8	0xD002      	BRA         L_I2C1_Wr34
;__Lib_I2C_b10.c,176 :: 		
0x01FA	0x6A00      	CLRF        R0 
0x01FC	0xD003      	BRA         L_end_I2C1_Wr
;__Lib_I2C_b10.c,177 :: 		
L_I2C1_Wr34:
;__Lib_I2C_b10.c,179 :: 		
0x01FE	0x84C5      	BSF         SSPCON2, 2 
;__Lib_I2C_b10.c,180 :: 		
0x0200	0x0E02      	MOVLW       2
0x0202	0x6E00      	MOVWF       R0 
;__Lib_I2C_b10.c,182 :: 		
L_end_I2C1_Wr:
0x0204	0x0012      	RETURN      0
; end of _I2C1_Wr
_I2C1_Rd:
;__Lib_I2C_b10.c,88 :: 		
;__Lib_I2C_b10.c,92 :: 		
0x0206	0xF077C015  	MOVFF       __Lib_I2C_b10__I2C1_TIMEOUT, I2C1_Rd_timeout_L0
0x020A	0xF078C016  	MOVFF       __Lib_I2C_b10__I2C1_TIMEOUT+1, I2C1_Rd_timeout_L0+1
0x020E	0xF079C017  	MOVFF       __Lib_I2C_b10__I2C1_TIMEOUT+2, I2C1_Rd_timeout_L0+2
0x0212	0xF07AC018  	MOVFF       __Lib_I2C_b10__I2C1_TIMEOUT+3, I2C1_Rd_timeout_L0+3
;__Lib_I2C_b10.c,95 :: 		
0x0216	0x969E      	BCF         PIR1, 3 
;__Lib_I2C_b10.c,96 :: 		
0x0218	0x86C5      	BSF         SSPCON2, 3 
;__Lib_I2C_b10.c,98 :: 		
L_I2C1_Rd16:
0x021A	0xB69E      	BTFSC       PIR1, 3 
0x021C	0xD01F      	BRA         L_I2C1_Rd17
;__Lib_I2C_b10.c,100 :: 		
0x021E	0x5015      	MOVF        __Lib_I2C_b10__I2C1_TIMEOUT, 0 
0x0220	0x1016      	IORWF       __Lib_I2C_b10__I2C1_TIMEOUT+1, 0 
0x0222	0x1017      	IORWF       __Lib_I2C_b10__I2C1_TIMEOUT+2, 0 
0x0224	0x1018      	IORWF       __Lib_I2C_b10__I2C1_TIMEOUT+3, 0 
0x0226	0xE019      	BZ          L_I2C1_Rd18
;__Lib_I2C_b10.c,102 :: 		
0x0228	0x0100      	MOVLB       0
0x022A	0x5177      	MOVF        I2C1_Rd_timeout_L0, 0, 1
0x022C	0x1178      	IORWF       I2C1_Rd_timeout_L0+1, 0, 1
0x022E	0x1179      	IORWF       I2C1_Rd_timeout_L0+2, 0, 1
0x0230	0x117A      	IORWF       I2C1_Rd_timeout_L0+3, 0, 1
0x0232	0xE10C      	BNZ         L_I2C1_Rd19
;__Lib_I2C_b10.c,104 :: 		
0x0234	0xFFE1C038  	MOVFF       _I2C1_Timeout_Ptr+2, FSR1L
0x0238	0xFFE2C039  	MOVFF       _I2C1_Timeout_Ptr+3, FSR1H
0x023C	0x0E03      	MOVLW       3
0x023E	0x6EE6      	MOVWF       POSTINC1 
0x0240	0xF000C036  	MOVFF       _I2C1_Timeout_Ptr, R0
0x0244	0xF001C037  	MOVFF       _I2C1_Timeout_Ptr+1, R1
0x0248	0xDEF0      	RCALL       _____DoIFC
;__Lib_I2C_b10.c,105 :: 		
0x024A	0xD008      	BRA         L_I2C1_Rd17
;__Lib_I2C_b10.c,106 :: 		
L_I2C1_Rd19:
;__Lib_I2C_b10.c,107 :: 		
0x024C	0x0E01      	MOVLW       1
0x024E	0x0100      	MOVLB       0
0x0250	0x5F77      	SUBWF       I2C1_Rd_timeout_L0, 1, 1
0x0252	0x0E00      	MOVLW       0
0x0254	0x5B78      	SUBWFB      I2C1_Rd_timeout_L0+1, 1, 1
0x0256	0x5B79      	SUBWFB      I2C1_Rd_timeout_L0+2, 1, 1
0x0258	0x5B7A      	SUBWFB      I2C1_Rd_timeout_L0+3, 1, 1
;__Lib_I2C_b10.c,108 :: 		
L_I2C1_Rd18:
;__Lib_I2C_b10.c,109 :: 		
0x025A	0xD7DF      	BRA         L_I2C1_Rd16
L_I2C1_Rd17:
0x025C	0x0100      	MOVLB       0
;__Lib_I2C_b10.c,111 :: 		
0x025E	0xF076CFC9  	MOVFF       SSPBUF, I2C1_Rd_tmp_L0
;__Lib_I2C_b10.c,112 :: 		
0x0262	0x5175      	MOVF        FARG_I2C1_Rd_ack, 0, 1
0x0264	0x0A00      	XORLW       0
0x0266	0xE102      	BNZ         L_I2C1_Rd20
;__Lib_I2C_b10.c,113 :: 		
0x0268	0x8AC5      	BSF         SSPCON2, 5 
0x026A	0xD001      	BRA         L_I2C1_Rd21
L_I2C1_Rd20:
;__Lib_I2C_b10.c,115 :: 		
0x026C	0x9AC5      	BCF         SSPCON2, 5 
L_I2C1_Rd21:
;__Lib_I2C_b10.c,117 :: 		
0x026E	0x969E      	BCF         PIR1, 3 
;__Lib_I2C_b10.c,118 :: 		
0x0270	0x88C5      	BSF         SSPCON2, 4 
;__Lib_I2C_b10.c,121 :: 		
0x0272	0xF077C015  	MOVFF       __Lib_I2C_b10__I2C1_TIMEOUT, I2C1_Rd_timeout_L0
0x0276	0xF078C016  	MOVFF       __Lib_I2C_b10__I2C1_TIMEOUT+1, I2C1_Rd_timeout_L0+1
0x027A	0xF079C017  	MOVFF       __Lib_I2C_b10__I2C1_TIMEOUT+2, I2C1_Rd_timeout_L0+2
0x027E	0xF07AC018  	MOVFF       __Lib_I2C_b10__I2C1_TIMEOUT+3, I2C1_Rd_timeout_L0+3
;__Lib_I2C_b10.c,123 :: 		
L_I2C1_Rd22:
0x0282	0xB69E      	BTFSC       PIR1, 3 
0x0284	0xD01F      	BRA         L_I2C1_Rd23
;__Lib_I2C_b10.c,125 :: 		
0x0286	0x5015      	MOVF        __Lib_I2C_b10__I2C1_TIMEOUT, 0 
0x0288	0x1016      	IORWF       __Lib_I2C_b10__I2C1_TIMEOUT+1, 0 
0x028A	0x1017      	IORWF       __Lib_I2C_b10__I2C1_TIMEOUT+2, 0 
0x028C	0x1018      	IORWF       __Lib_I2C_b10__I2C1_TIMEOUT+3, 0 
0x028E	0xE019      	BZ          L_I2C1_Rd24
;__Lib_I2C_b10.c,127 :: 		
0x0290	0x0100      	MOVLB       0
0x0292	0x5177      	MOVF        I2C1_Rd_timeout_L0, 0, 1
0x0294	0x1178      	IORWF       I2C1_Rd_timeout_L0+1, 0, 1
0x0296	0x1179      	IORWF       I2C1_Rd_timeout_L0+2, 0, 1
0x0298	0x117A      	IORWF       I2C1_Rd_timeout_L0+3, 0, 1
0x029A	0xE10C      	BNZ         L_I2C1_Rd25
;__Lib_I2C_b10.c,129 :: 		
0x029C	0xFFE1C038  	MOVFF       _I2C1_Timeout_Ptr+2, FSR1L
0x02A0	0xFFE2C039  	MOVFF       _I2C1_Timeout_Ptr+3, FSR1H
0x02A4	0x0E03      	MOVLW       3
0x02A6	0x6EE6      	MOVWF       POSTINC1 
0x02A8	0xF000C036  	MOVFF       _I2C1_Timeout_Ptr, R0
0x02AC	0xF001C037  	MOVFF       _I2C1_Timeout_Ptr+1, R1
0x02B0	0xDEBC      	RCALL       _____DoIFC
;__Lib_I2C_b10.c,130 :: 		
0x02B2	0xD008      	BRA         L_I2C1_Rd23
;__Lib_I2C_b10.c,131 :: 		
L_I2C1_Rd25:
;__Lib_I2C_b10.c,132 :: 		
0x02B4	0x0E01      	MOVLW       1
0x02B6	0x0100      	MOVLB       0
0x02B8	0x5F77      	SUBWF       I2C1_Rd_timeout_L0, 1, 1
0x02BA	0x0E00      	MOVLW       0
0x02BC	0x5B78      	SUBWFB      I2C1_Rd_timeout_L0+1, 1, 1
0x02BE	0x5B79      	SUBWFB      I2C1_Rd_timeout_L0+2, 1, 1
0x02C0	0x5B7A      	SUBWFB      I2C1_Rd_timeout_L0+3, 1, 1
;__Lib_I2C_b10.c,133 :: 		
L_I2C1_Rd24:
;__Lib_I2C_b10.c,134 :: 		
0x02C2	0xD7DF      	BRA         L_I2C1_Rd22
L_I2C1_Rd23:
;__Lib_I2C_b10.c,136 :: 		
0x02C4	0xF000C076  	MOVFF       I2C1_Rd_tmp_L0, R0
;__Lib_I2C_b10.c,137 :: 		
L_end_I2C1_Rd:
0x02C8	0x0012      	RETURN      0
; end of _I2C1_Rd
_I2C1_Stop:
;__Lib_I2C_b10.c,185 :: 		
;__Lib_I2C_b10.c,186 :: 		
0x02CA	0x84C5      	BSF         SSPCON2, 2 
;__Lib_I2C_b10.c,187 :: 		
L_end_I2C1_Stop:
0x02CC	0x0012      	RETURN      0
; end of _I2C1_Stop
_I2C1_Repeated_Start:
;__Lib_I2C_b10.c,68 :: 		
;__Lib_I2C_b10.c,71 :: 		
0x02CE	0xF075C015  	MOVFF       __Lib_I2C_b10__I2C1_TIMEOUT, I2C1_Repeated_Start_timeout_L0
0x02D2	0xF076C016  	MOVFF       __Lib_I2C_b10__I2C1_TIMEOUT+1, I2C1_Repeated_Start_timeout_L0+1
0x02D6	0xF077C017  	MOVFF       __Lib_I2C_b10__I2C1_TIMEOUT+2, I2C1_Repeated_Start_timeout_L0+2
0x02DA	0xF078C018  	MOVFF       __Lib_I2C_b10__I2C1_TIMEOUT+3, I2C1_Repeated_Start_timeout_L0+3
;__Lib_I2C_b10.c,73 :: 		
0x02DE	0x82C5      	BSF         SSPCON2, 1 
;__Lib_I2C_b10.c,74 :: 		
L_I2C1_Repeated_Start12:
0x02E0	0xA2C5      	BTFSS       SSPCON2, 1 
0x02E2	0xD01F      	BRA         L_I2C1_Repeated_Start13
;__Lib_I2C_b10.c,76 :: 		
0x02E4	0x5015      	MOVF        __Lib_I2C_b10__I2C1_TIMEOUT, 0 
0x02E6	0x1016      	IORWF       __Lib_I2C_b10__I2C1_TIMEOUT+1, 0 
0x02E8	0x1017      	IORWF       __Lib_I2C_b10__I2C1_TIMEOUT+2, 0 
0x02EA	0x1018      	IORWF       __Lib_I2C_b10__I2C1_TIMEOUT+3, 0 
0x02EC	0xE019      	BZ          L_I2C1_Repeated_Start14
;__Lib_I2C_b10.c,78 :: 		
0x02EE	0x0100      	MOVLB       0
0x02F0	0x5175      	MOVF        I2C1_Repeated_Start_timeout_L0, 0, 1
0x02F2	0x1176      	IORWF       I2C1_Repeated_Start_timeout_L0+1, 0, 1
0x02F4	0x1177      	IORWF       I2C1_Repeated_Start_timeout_L0+2, 0, 1
0x02F6	0x1178      	IORWF       I2C1_Repeated_Start_timeout_L0+3, 0, 1
0x02F8	0xE10C      	BNZ         L_I2C1_Repeated_Start15
;__Lib_I2C_b10.c,80 :: 		
0x02FA	0xFFE1C038  	MOVFF       _I2C1_Timeout_Ptr+2, FSR1L
0x02FE	0xFFE2C039  	MOVFF       _I2C1_Timeout_Ptr+3, FSR1H
0x0302	0x0E06      	MOVLW       6
0x0304	0x6EE6      	MOVWF       POSTINC1 
0x0306	0xF000C036  	MOVFF       _I2C1_Timeout_Ptr, R0
0x030A	0xF001C037  	MOVFF       _I2C1_Timeout_Ptr+1, R1
0x030E	0xDE8D      	RCALL       _____DoIFC
;__Lib_I2C_b10.c,81 :: 		
0x0310	0xD008      	BRA         L_I2C1_Repeated_Start13
;__Lib_I2C_b10.c,82 :: 		
L_I2C1_Repeated_Start15:
;__Lib_I2C_b10.c,83 :: 		
0x0312	0x0E01      	MOVLW       1
0x0314	0x0100      	MOVLB       0
0x0316	0x5F75      	SUBWF       I2C1_Repeated_Start_timeout_L0, 1, 1
0x0318	0x0E00      	MOVLW       0
0x031A	0x5B76      	SUBWFB      I2C1_Repeated_Start_timeout_L0+1, 1, 1
0x031C	0x5B77      	SUBWFB      I2C1_Repeated_Start_timeout_L0+2, 1, 1
0x031E	0x5B78      	SUBWFB      I2C1_Repeated_Start_timeout_L0+3, 1, 1
;__Lib_I2C_b10.c,84 :: 		
L_I2C1_Repeated_Start14:
;__Lib_I2C_b10.c,85 :: 		
0x0320	0xD7DF      	BRA         L_I2C1_Repeated_Start12
L_I2C1_Repeated_Start13:
;__Lib_I2C_b10.c,86 :: 		
L_end_I2C1_Repeated_Start:
0x0322	0x0012      	RETURN      0
; end of _I2C1_Repeated_Start
_I2C1_Init:
;__Lib_I2C_b10.c,189 :: 		
;__Lib_I2C_b10.c,191 :: 		
0x0324	0x0E42      	MOVLW       _I2C1_Is_Idle
0x0326	0x6E3E      	MOVWF       _I2C_Is_Idle_Ptr 
0x0328	0x0E00      	MOVLW       hi_addr(_I2C1_Is_Idle)
0x032A	0x6E3F      	MOVWF       _I2C_Is_Idle_Ptr+1 
0x032C	0x0E00      	MOVLW       0
0x032E	0x6E40      	MOVWF       _I2C_Is_Idle_Ptr+2 
0x0330	0x0E00      	MOVLW       0
0x0332	0x6E41      	MOVWF       _I2C_Is_Idle_Ptr+3 
;__Lib_I2C_b10.c,192 :: 		
0x0334	0x0E5C      	MOVLW       _I2C1_Start
0x0336	0x6E3A      	MOVWF       _I2C_Start_Ptr 
0x0338	0x0E00      	MOVLW       hi_addr(_I2C1_Start)
0x033A	0x6E3B      	MOVWF       _I2C_Start_Ptr+1 
0x033C	0x0E00      	MOVLW       0
0x033E	0x6E3C      	MOVWF       _I2C_Start_Ptr+2 
0x0340	0x0E00      	MOVLW       0
0x0342	0x6E3D      	MOVWF       _I2C_Start_Ptr+3 
;__Lib_I2C_b10.c,193 :: 		
0x0344	0x0ECE      	MOVLW       _I2C1_Repeated_Start
0x0346	0x6E56      	MOVWF       _I2C_Restart_Ptr 
0x0348	0x0E02      	MOVLW       hi_addr(_I2C1_Repeated_Start)
0x034A	0x6E57      	MOVWF       _I2C_Restart_Ptr+1 
0x034C	0x0E00      	MOVLW       0
0x034E	0x6E58      	MOVWF       _I2C_Restart_Ptr+2 
0x0350	0x0E00      	MOVLW       0
0x0352	0x6E59      	MOVWF       _I2C_Restart_Ptr+3 
;__Lib_I2C_b10.c,194 :: 		
0x0354	0x0E06      	MOVLW       _I2C1_Rd
0x0356	0x6E52      	MOVWF       _I2C_Read_Ptr 
0x0358	0x0E02      	MOVLW       hi_addr(_I2C1_Rd)
0x035A	0x6E53      	MOVWF       _I2C_Read_Ptr+1 
0x035C	0x0E75      	MOVLW       FARG_I2C1_Rd_ack
0x035E	0x6E54      	MOVWF       _I2C_Read_Ptr+2 
0x0360	0x0E00      	MOVLW       hi_addr(FARG_I2C1_Rd_ack)
0x0362	0x6E55      	MOVWF       _I2C_Read_Ptr+3 
;__Lib_I2C_b10.c,195 :: 		
0x0364	0x0E44      	MOVLW       _I2C1_Wr
0x0366	0x0100      	MOVLB       0
0x0368	0x6F61      	MOVWF       _I2C_Write_Ptr, 1
0x036A	0x0E01      	MOVLW       hi_addr(_I2C1_Wr)
0x036C	0x6F62      	MOVWF       _I2C_Write_Ptr+1, 1
0x036E	0x0E75      	MOVLW       FARG_I2C1_Wr_data_
0x0370	0x6F63      	MOVWF       _I2C_Write_Ptr+2, 1
0x0372	0x0E00      	MOVLW       hi_addr(FARG_I2C1_Wr_data_)
0x0374	0x6F64      	MOVWF       _I2C_Write_Ptr+3, 1
;__Lib_I2C_b10.c,196 :: 		
0x0376	0x0ECA      	MOVLW       _I2C1_Stop
0x0378	0x6E5A      	MOVWF       _I2C_Stop_Ptr 
0x037A	0x0E02      	MOVLW       hi_addr(_I2C1_Stop)
0x037C	0x6E5B      	MOVWF       _I2C_Stop_Ptr+1 
0x037E	0x0E00      	MOVLW       0
0x0380	0x6E5C      	MOVWF       _I2C_Stop_Ptr+2 
0x0382	0x0E00      	MOVLW       0
0x0384	0x6E5D      	MOVWF       _I2C_Stop_Ptr+3 
;__Lib_I2C_b10.c,203 :: 		
0x0386	0x9093      	BCF         TRISB0_bit, BitPos(TRISB0_bit+0) 
;__Lib_I2C_b10.c,204 :: 		
0x0388	0x9293      	BCF         TRISB1_bit, BitPos(TRISB1_bit+0) 
;__Lib_I2C_b10.c,207 :: 		
0x038A	0x908A      	BCF         LATB0_bit, BitPos(LATB0_bit+0) 
;__Lib_I2C_b10.c,208 :: 		
0x038C	0x928A      	BCF         LATB1_bit, BitPos(LATB1_bit+0) 
;__Lib_I2C_b10.c,211 :: 		
0x038E	0x8093      	BSF         TRISB0_bit, BitPos(TRISB0_bit+0) 
;__Lib_I2C_b10.c,212 :: 		
0x0390	0x8293      	BSF         TRISB1_bit, BitPos(TRISB1_bit+0) 
;__Lib_I2C_b10.c,214 :: 		
0x0392	0x9EC7      	BCF         SSPSTAT, 7 
;__Lib_I2C_b10.c,215 :: 		
0x0394	0x9CC7      	BCF         SSPSTAT, 6 
;__Lib_I2C_b10.c,216 :: 		
0x0396	0x0E38      	MOVLW       56
0x0398	0x6EC6      	MOVWF       SSPCON1 
;__Lib_I2C_b10.c,219 :: 		
L_end_I2C1_Init:
0x039A	0x0012      	RETURN      0
; end of _I2C1_Init
_Bcd2Dec:
;__Lib_Conversions.c,368 :: 		
;__Lib_Conversions.c,369 :: 		
;__Lib_Conversions.c,371 :: 		
0x039C	0xF000C060  	MOVFF       FARG_Bcd2Dec_bcdnum, R0
0x03A0	0x3200      	RRCF        R0, 1 
0x03A2	0x9E00      	BCF         R0, 7 
0x03A4	0x3200      	RRCF        R0, 1 
0x03A6	0x9E00      	BCF         R0, 7 
0x03A8	0x3200      	RRCF        R0, 1 
0x03AA	0x9E00      	BCF         R0, 7 
0x03AC	0x3200      	RRCF        R0, 1 
0x03AE	0x9E00      	BCF         R0, 7 
0x03B0	0x0E0A      	MOVLW       10
0x03B2	0x0200      	MULWF       R0 
0x03B4	0xF001CFF3  	MOVFF       PRODL, R1
;__Lib_Conversions.c,372 :: 		
0x03B8	0x0E0F      	MOVLW       15
0x03BA	0x0100      	MOVLB       0
0x03BC	0x1560      	ANDWF       FARG_Bcd2Dec_bcdnum, 0, 1
0x03BE	0x6E00      	MOVWF       R0 
0x03C0	0x5001      	MOVF        R1, 0 
0x03C2	0x2600      	ADDWF       R0, 1 
;__Lib_Conversions.c,373 :: 		
;__Lib_Conversions.c,374 :: 		
L_end_Bcd2Dec:
0x03C4	0x0012      	RETURN      0
; end of _Bcd2Dec
_th02Init:
;th02.h,4 :: 		void th02Init(void)
;th02.h,6 :: 		I2C1_Init(100000);         // Initialize I2C communication
0x03C6	0x0E32      	MOVLW       50
0x03C8	0x6EC8      	MOVWF       SSPADD 
0x03CA	0xDFAC      	RCALL       _I2C1_Init
;th02.h,7 :: 		delay_ms(100);
0x03CC	0x0E03      	MOVLW       3
0x03CE	0x6E0B      	MOVWF       R11, 0
0x03D0	0x0E8A      	MOVLW       138
0x03D2	0x6E0C      	MOVWF       R12, 0
0x03D4	0x0E55      	MOVLW       85
0x03D6	0x6E0D      	MOVWF       R13, 0
L_th02Init12:
0x03D8	0x2E0D      	DECFSZ      R13, 1, 0
0x03DA	0xD7FE      	BRA         L_th02Init12
0x03DC	0x2E0C      	DECFSZ      R12, 1, 0
0x03DE	0xD7FC      	BRA         L_th02Init12
0x03E0	0x2E0B      	DECFSZ      R11, 1, 0
0x03E2	0xD7FA      	BRA         L_th02Init12
0x03E4	0x0000      	NOP
0x03E6	0x0000      	NOP
;th02.h,9 :: 		ADCON1=0x0F;               // PortB as digital
0x03E8	0x0E0F      	MOVLW       15
0x03EA	0x6EC1      	MOVWF       ADCON1 
;th02.h,10 :: 		INTCON2.RBPU=0;            // Pull-up resistors
0x03EC	0x9EF1      	BCF         INTCON2, 7 
;th02.h,11 :: 		PORTB=0;                   // Clear PORTB
0x03EE	0x6A81      	CLRF        PORTB 
;th02.h,12 :: 		}
L_end_th02Init:
0x03F0	0x0012      	RETURN      0
; end of _th02Init
___CC2DW:
;__Lib_System.c,21 :: 		
;__Lib_System.c,23 :: 		
_CC2DL_Loop1:
;__Lib_System.c,24 :: 		
0x03F2	0x0009      	TBLRD*+
;__Lib_System.c,25 :: 		
0x03F4	0xFFE6CFF5  	MOVFF       TABLAT, POSTINC1
;__Lib_System.c,26 :: 		
0x03F8	0x0600      	DECF        R0, 1, 0
;__Lib_System.c,27 :: 		
0x03FA	0xE1FB      	BNZ         _CC2DL_Loop1
;__Lib_System.c,28 :: 		
0x03FC	0x0601      	DECF        R1, 1, 0
;__Lib_System.c,29 :: 		
0x03FE	0xE1F9      	BNZ         _CC2DL_Loop1
;__Lib_System.c,31 :: 		
L_end___CC2DW:
0x0400	0x0012      	RETURN      0
; end of ___CC2DW
_UART1_Init:
;__Lib_UART_c67.c,15 :: 		
;__Lib_UART_c67.c,18 :: 		
0x0402	0x0E1C      	MOVLW       _UART1_Write
0x0404	0x6E46      	MOVWF       _UART_Wr_Ptr 
0x0406	0x0E00      	MOVLW       hi_addr(_UART1_Write)
0x0408	0x6E47      	MOVWF       _UART_Wr_Ptr+1 
0x040A	0x0E7B      	MOVLW       FARG_UART1_Write_data_
0x040C	0x6E48      	MOVWF       _UART_Wr_Ptr+2 
0x040E	0x0E00      	MOVLW       hi_addr(FARG_UART1_Write_data_)
0x0410	0x6E49      	MOVWF       _UART_Wr_Ptr+3 
;__Lib_UART_c67.c,19 :: 		
0x0412	0x0EFF      	MOVLW       _UART1_Read
0x0414	0x6E42      	MOVWF       _UART_Rd_Ptr 
0x0416	0x0EFF      	MOVLW       hi_addr(_UART1_Read)
0x0418	0x6E43      	MOVWF       _UART_Rd_Ptr+1 
0x041A	0x0E00      	MOVLW       0
0x041C	0x6E44      	MOVWF       _UART_Rd_Ptr+2 
0x041E	0x0E00      	MOVLW       0
0x0420	0x6E45      	MOVWF       _UART_Rd_Ptr+3 
;__Lib_UART_c67.c,20 :: 		
0x0422	0x0EFF      	MOVLW       _UART1_Data_Ready
0x0424	0x6E4E      	MOVWF       _UART_Rdy_Ptr 
0x0426	0x0EFF      	MOVLW       hi_addr(_UART1_Data_Ready)
0x0428	0x6E4F      	MOVWF       _UART_Rdy_Ptr+1 
0x042A	0x0E00      	MOVLW       0
0x042C	0x6E50      	MOVWF       _UART_Rdy_Ptr+2 
0x042E	0x0E00      	MOVLW       0
0x0430	0x6E51      	MOVWF       _UART_Rdy_Ptr+3 
;__Lib_UART_c67.c,21 :: 		
0x0432	0x0EFF      	MOVLW       _UART1_Tx_Idle
0x0434	0x6E4A      	MOVWF       _UART_Tx_Idle_Ptr 
0x0436	0x0EFF      	MOVLW       hi_addr(_UART1_Tx_Idle)
0x0438	0x6E4B      	MOVWF       _UART_Tx_Idle_Ptr+1 
0x043A	0x0E00      	MOVLW       0
0x043C	0x6E4C      	MOVWF       _UART_Tx_Idle_Ptr+2 
0x043E	0x0E00      	MOVLW       0
0x0440	0x6E4D      	MOVWF       _UART_Tx_Idle_Ptr+3 
;__Lib_UART_c67.c,23 :: 		
0x0442	0x8AAC      	BSF         TXSTA, 5 
;__Lib_UART_c67.c,24 :: 		
0x0444	0x0E90      	MOVLW       144
0x0446	0x6EAB      	MOVWF       RCSTA 
;__Lib_UART_c67.c,25 :: 		
0x0448	0x8E94      	BSF         TRISC7_bit, BitPos(TRISC7_bit+0) 
;__Lib_UART_c67.c,26 :: 		
0x044A	0x9C94      	BCF         TRISC6_bit, BitPos(TRISC6_bit+0) 
;__Lib_UART_c67.c,28 :: 		
L_UART1_Init0:
0x044C	0xAA9E      	BTFSS       PIR1, 5 
0x044E	0xD003      	BRA         L_UART1_Init1
;__Lib_UART_c67.c,29 :: 		
0x0450	0xF000CFAE  	MOVFF       RCREG, R0
0x0454	0xD7FB      	BRA         L_UART1_Init0
L_UART1_Init1:
;__Lib_UART_c67.c,30 :: 		
L_end_UART1_Init:
0x0456	0x0012      	RETURN      0
; end of _UART1_Init
_UART1_Write_Text:
;__Lib_UART_c67.c,66 :: 		
;__Lib_UART_c67.c,67 :: 		
0x0458	0x0100      	MOVLB       0
0x045A	0x6B73      	CLRF        UART1_Write_Text_counter_L0, 1
;__Lib_UART_c67.c,69 :: 		
0x045C	0xFFE9C071  	MOVFF       FARG_UART1_Write_Text_uart_text, FSR0L
0x0460	0xFFEAC072  	MOVFF       FARG_UART1_Write_Text_uart_text+1, FSR0H
0x0464	0xF060CFEE  	MOVFF       POSTINC0, UART1_Write_Text_data__L0
;__Lib_UART_c67.c,70 :: 		
L_UART1_Write_Text5:
0x0468	0x5160      	MOVF        UART1_Write_Text_data__L0, 0, 1
0x046A	0x0A00      	XORLW       0
0x046C	0xE00E      	BZ          L_UART1_Write_Text6
;__Lib_UART_c67.c,71 :: 		
0x046E	0xF07BC060  	MOVFF       UART1_Write_Text_data__L0, FARG_UART1_Write_data_
0x0472	0xDDD4      	RCALL       _UART1_Write
;__Lib_UART_c67.c,72 :: 		
0x0474	0x0100      	MOVLB       0
0x0476	0x2B73      	INCF        UART1_Write_Text_counter_L0, 1, 1
;__Lib_UART_c67.c,73 :: 		
0x0478	0x5173      	MOVF        UART1_Write_Text_counter_L0, 0, 1
0x047A	0x2571      	ADDWF       FARG_UART1_Write_Text_uart_text, 0, 1
0x047C	0x6EE9      	MOVWF       FSR0L 
0x047E	0x0E00      	MOVLW       0
0x0480	0x2172      	ADDWFC      FARG_UART1_Write_Text_uart_text+1, 0, 1
0x0482	0x6EEA      	MOVWF       FSR0H 
0x0484	0xF060CFEE  	MOVFF       POSTINC0, UART1_Write_Text_data__L0
;__Lib_UART_c67.c,74 :: 		
0x0488	0xD7EF      	BRA         L_UART1_Write_Text5
L_UART1_Write_Text6:
;__Lib_UART_c67.c,75 :: 		
L_end_UART1_Write_Text:
0x048A	0x0012      	RETURN      0
; end of _UART1_Write_Text
_Div_16x16_S:
;__Lib_Math.c,200 :: 		
;__Lib_Math.c,208 :: 		
0x048C	0x5004      	MOVF        R4, 0 
0x048E	0x0A00      	XORLW       0
0x0490	0xE108      	BNZ         L_Div_16x16_S0
;__Lib_Math.c,209 :: 		
0x0492	0x5005      	MOVF        R5, 0 
0x0494	0x0A00      	XORLW       0
0x0496	0xE105      	BNZ         L_Div_16x16_S1
;__Lib_Math.c,210 :: 		
0x0498	0x0EFF      	MOVLW       255
0x049A	0x6E00      	MOVWF       R0 
;__Lib_Math.c,211 :: 		
0x049C	0x0E7F      	MOVLW       127
0x049E	0x6E01      	MOVWF       R1 
;__Lib_Math.c,212 :: 		
0x04A0	0xD057      	BRA         L_end_Div_16x16_S
;__Lib_Math.c,213 :: 		
L_Div_16x16_S1:
L_Div_16x16_S0:
;__Lib_Math.c,216 :: 		
0x04A2	0x6A0D      	CLRF        R13, 0
;__Lib_Math.c,217 :: 		
0x04A4	0x6A09      	CLRF        R9, 0
;__Lib_Math.c,218 :: 		
0x04A6	0x6A08      	CLRF        R8, 0
;__Lib_Math.c,219 :: 		
0x04A8	0x5001      	MOVF        R1, 0, 0
;__Lib_Math.c,220 :: 		
0x04AA	0x1000      	IORWF       R0, 0, 0
;__Lib_Math.c,221 :: 		
0x04AC	0xB4D8      	BTFSC       STATUS, 2, 0
;__Lib_Math.c,222 :: 		
0x04AE	0x0C00      	RETLW       0
;__Lib_Math.c,224 :: 		
0x04B0	0x5001      	MOVF        R1, 0, 0
;__Lib_Math.c,225 :: 		
0x04B2	0x1805      	XORWF       R5, 0, 0
;__Lib_Math.c,226 :: 		
0x04B4	0x6E0A      	MOVWF       R10, 0
;__Lib_Math.c,227 :: 		
0x04B6	0xBE0A      	BTFSC       R10, 7, 0
;__Lib_Math.c,228 :: 		
0x04B8	0x1E0D      	COMF        R13, 1, 0
;__Lib_Math.c,230 :: 		
0x04BA	0x6A0B      	CLRF        R11, 0
;__Lib_Math.c,232 :: 		
0x04BC	0xAE05      	BTFSS       R5, 7, 0
;__Lib_Math.c,233 :: 		
0x04BE	0xD005      	BRA         $+12
;__Lib_Math.c,235 :: 		
0x04C0	0x1E04      	COMF        R4, 1, 0
;__Lib_Math.c,236 :: 		
0x04C2	0x1E05      	COMF        R5, 1, 0
;__Lib_Math.c,237 :: 		
0x04C4	0x2A04      	INCF        R4, 1, 0
;__Lib_Math.c,238 :: 		
0x04C6	0xB4D8      	BTFSC       STATUS, 2, 0
;__Lib_Math.c,239 :: 		
0x04C8	0x2A05      	INCF        R5, 1, 0
;__Lib_Math.c,241 :: 		
0x04CA	0xAE01      	BTFSS       R1, 7, 0
;__Lib_Math.c,242 :: 		
0x04CC	0xD005      	BRA         $+12
;__Lib_Math.c,244 :: 		
0x04CE	0x1E00      	COMF        R0, 1, 0
;__Lib_Math.c,245 :: 		
0x04D0	0x1E01      	COMF        R1, 1, 0
;__Lib_Math.c,246 :: 		
0x04D2	0x2A00      	INCF        R0, 1, 0
;__Lib_Math.c,247 :: 		
0x04D4	0xB4D8      	BTFSC       STATUS, 2, 0
;__Lib_Math.c,248 :: 		
0x04D6	0x2A01      	INCF        R1, 1, 0
;__Lib_Math.c,250 :: 		
0x04D8	0x5001      	MOVF        R1, 0, 0
;__Lib_Math.c,251 :: 		
0x04DA	0x1005      	IORWF       R5, 0, 0
;__Lib_Math.c,252 :: 		
0x04DC	0x6E0A      	MOVWF       R10, 0
;__Lib_Math.c,253 :: 		
0x04DE	0xBE0A      	BTFSC       R10, 7, 0
;__Lib_Math.c,254 :: 		
0x04E0	0xD010      	BRA         $+34
;__Lib_Math.c,256 :: 		
0x04E2	0xDE04      	RCALL       _Div_16x16_S_L
;__Lib_Math.c,258 :: 		
0x04E4	0xB00B      	BTFSC       R11, 0, 0
;__Lib_Math.c,259 :: 		
0x04E6	0xD020      	BRA         $+66
;__Lib_Math.c,261 :: 		
0x04E8	0xAE0D      	BTFSS       R13, 7, 0
;__Lib_Math.c,262 :: 		
0x04EA	0x0C00      	RETLW       0
;__Lib_Math.c,264 :: 		
0x04EC	0x1E00      	COMF        R0, 1, 0
;__Lib_Math.c,265 :: 		
0x04EE	0x1E01      	COMF        R1, 1, 0
;__Lib_Math.c,266 :: 		
0x04F0	0x2A00      	INCF        R0, 1, 0
;__Lib_Math.c,267 :: 		
0x04F2	0xB4D8      	BTFSC       STATUS, 2, 0
;__Lib_Math.c,268 :: 		
0x04F4	0x2A01      	INCF        R1, 1, 0
;__Lib_Math.c,270 :: 		
0x04F6	0x1E08      	COMF        R8, 1, 0
;__Lib_Math.c,271 :: 		
0x04F8	0x1E09      	COMF        R9, 1, 0
;__Lib_Math.c,272 :: 		
0x04FA	0x2A08      	INCF        R8, 1, 0
;__Lib_Math.c,273 :: 		
0x04FC	0xB4D8      	BTFSC       STATUS, 2, 0
;__Lib_Math.c,274 :: 		
0x04FE	0x2A09      	INCF        R9, 1, 0
;__Lib_Math.c,276 :: 		
0x0500	0x0C00      	RETLW       0
;__Lib_Math.c,278 :: 		
0x0502	0xAE05      	BTFSS       R5, 7, 0
;__Lib_Math.c,279 :: 		
0x0504	0xD00D      	BRA         $+28
;__Lib_Math.c,280 :: 		
0x0506	0xBE01      	BTFSC       R1, 7, 0
;__Lib_Math.c,281 :: 		
0x0508	0xD007      	BRA         $+16
;__Lib_Math.c,282 :: 		
0x050A	0x5001      	MOVF        R1, 0, 0
;__Lib_Math.c,283 :: 		
0x050C	0x6E09      	MOVWF       R9, 0
;__Lib_Math.c,284 :: 		
0x050E	0x5000      	MOVF        R0, 0, 0
;__Lib_Math.c,285 :: 		
0x0510	0x6E08      	MOVWF       R8, 0
;__Lib_Math.c,286 :: 		
0x0512	0x6A01      	CLRF        R1, 0
;__Lib_Math.c,287 :: 		
0x0514	0x6A00      	CLRF        R0, 0
;__Lib_Math.c,288 :: 		
0x0516	0xD7E8      	BRA         $-46
;__Lib_Math.c,289 :: 		
0x0518	0x6A01      	CLRF        R1, 0
;__Lib_Math.c,290 :: 		
0x051A	0x6A00      	CLRF        R0, 0
;__Lib_Math.c,291 :: 		
0x051C	0x2A00      	INCF        R0, 1, 0
;__Lib_Math.c,292 :: 		
0x051E	0x0C00      	RETLW       0
;__Lib_Math.c,294 :: 		
0x0520	0x1E01      	COMF        R1, 1, 0
;__Lib_Math.c,295 :: 		
0x0522	0x1E00      	COMF        R0, 1, 0
;__Lib_Math.c,296 :: 		
0x0524	0x2A0B      	INCF        R11, 1, 0
;__Lib_Math.c,297 :: 		
0x0526	0xD7DD      	BRA         $-68
;__Lib_Math.c,299 :: 		
0x0528	0x2A08      	INCF        R8, 1, 0
;__Lib_Math.c,300 :: 		
0x052A	0xB4D8      	BTFSC       STATUS, 2, 0
;__Lib_Math.c,301 :: 		
0x052C	0x2A09      	INCF        R9, 1, 0
;__Lib_Math.c,302 :: 		
0x052E	0x5004      	MOVF        R4, 0, 0
;__Lib_Math.c,303 :: 		
0x0530	0x5C08      	SUBWF       R8, 0, 0
;__Lib_Math.c,304 :: 		
0x0532	0xA4D8      	BTFSS       STATUS, 2, 0
;__Lib_Math.c,305 :: 		
0x0534	0xD7D9      	BRA         $-76
;__Lib_Math.c,306 :: 		
0x0536	0x5005      	MOVF        R5, 0, 0
;__Lib_Math.c,307 :: 		
0x0538	0x5C09      	SUBWF       R9, 0, 0
;__Lib_Math.c,308 :: 		
0x053A	0xA4D8      	BTFSS       STATUS, 2, 0
;__Lib_Math.c,309 :: 		
0x053C	0xD7D5      	BRA         $-84
;__Lib_Math.c,310 :: 		
0x053E	0x6A09      	CLRF        R9, 0
;__Lib_Math.c,311 :: 		
0x0540	0x6A08      	CLRF        R8, 0
;__Lib_Math.c,312 :: 		
0x0542	0x2A00      	INCF        R0, 1, 0
;__Lib_Math.c,313 :: 		
0x0544	0xB4D8      	BTFSC       STATUS, 2, 0
;__Lib_Math.c,314 :: 		
0x0546	0x2A01      	INCF        R1, 1, 0
;__Lib_Math.c,315 :: 		
0x0548	0xAE01      	BTFSS       R1, 7, 0
;__Lib_Math.c,316 :: 		
0x054A	0xD7CE      	BRA         $-98
;__Lib_Math.c,317 :: 		
0x054C	0x0000      	NOP
;__Lib_Math.c,318 :: 		
0x054E	0x0CFF      	RETLW       255
;__Lib_Math.c,320 :: 		
L_end_Div_16x16_S:
0x0550	0x0012      	RETURN      0
; end of _Div_16x16_S
_Leer:
;metodos_ds1307.h,14 :: 		unsigned char direccion_memoria){
;metodos_ds1307.h,16 :: 		I2C1_Start();
0x0552	0xDD84      	RCALL       _I2C1_Start
;metodos_ds1307.h,17 :: 		I2C1_Wr(direccion_esclavo);
0x0554	0xF075C071  	MOVFF       FARG_Leer_direccion_esclavo, FARG_I2C1_Wr_data_
0x0558	0xDDF5      	RCALL       _I2C1_Wr
;metodos_ds1307.h,18 :: 		I2C1_Wr(direccion_memoria);    // MEMORIA L
0x055A	0xF075C072  	MOVFF       FARG_Leer_direccion_memoria, FARG_I2C1_Wr_data_
0x055E	0xDDF2      	RCALL       _I2C1_Wr
;metodos_ds1307.h,19 :: 		I2C1_Repeated_Start();
0x0560	0xDEB6      	RCALL       _I2C1_Repeated_Start
;metodos_ds1307.h,20 :: 		I2C1_Wr(direccion_esclavo+1);
0x0562	0x0100      	MOVLB       0
0x0564	0x5171      	MOVF        FARG_Leer_direccion_esclavo, 0, 1
0x0566	0x0F01      	ADDLW       1
0x0568	0x6F75      	MOVWF       FARG_I2C1_Wr_data_, 1
0x056A	0xDDEC      	RCALL       _I2C1_Wr
;metodos_ds1307.h,21 :: 		valor=I2C1_Rd(0);
0x056C	0x0100      	MOVLB       0
0x056E	0x6B75      	CLRF        FARG_I2C1_Rd_ack, 1
0x0570	0xDE4A      	RCALL       _I2C1_Rd
0x0572	0xF073C000  	MOVFF       R0, Leer_valor_L0
0x0576	0x0E00      	MOVLW       0
0x0578	0x0100      	MOVLB       0
0x057A	0x6F74      	MOVWF       Leer_valor_L0+1, 1
;metodos_ds1307.h,22 :: 		I2C1_Stop();
0x057C	0xDEA6      	RCALL       _I2C1_Stop
;metodos_ds1307.h,23 :: 		return valor;
0x057E	0xF000C073  	MOVFF       Leer_valor_L0, R0
0x0582	0xF001C074  	MOVFF       Leer_valor_L0+1, R1
;metodos_ds1307.h,24 :: 		}
L_end_Leer:
0x0586	0x0012      	RETURN      0
; end of _Leer
_main:
0x0588	0xF004EC56  	CALL        2220, 0
;T_RTC_1.c,6 :: 		void main() {
;T_RTC_1.c,8 :: 		th02Init();
0x058C	0xDF1C      	RCALL       _th02Init
;T_RTC_1.c,9 :: 		UART1_Init(9600);               // Initialize UART module at 9600 bps
0x058E	0x86B8      	BSF         BAUDCON, 3, 0
0x0590	0x0E02      	MOVLW       2
0x0592	0x6EB0      	MOVWF       SPBRGH 
0x0594	0x0E08      	MOVLW       8
0x0596	0x6EAF      	MOVWF       SPBRG 
0x0598	0x84AC      	BSF         TXSTA, 2, 0
0x059A	0xDF33      	RCALL       _UART1_Init
;T_RTC_1.c,10 :: 		Delay_ms(100);
0x059C	0x0E03      	MOVLW       3
0x059E	0x6E0B      	MOVWF       R11, 0
0x05A0	0x0E8A      	MOVLW       138
0x05A2	0x6E0C      	MOVWF       R12, 0
0x05A4	0x0E55      	MOVLW       85
0x05A6	0x6E0D      	MOVWF       R13, 0
L_main19:
0x05A8	0x2E0D      	DECFSZ      R13, 1, 0
0x05AA	0xD7FE      	BRA         L_main19
0x05AC	0x2E0C      	DECFSZ      R12, 1, 0
0x05AE	0xD7FC      	BRA         L_main19
0x05B0	0x2E0B      	DECFSZ      R11, 1, 0
0x05B2	0xD7FA      	BRA         L_main19
0x05B4	0x0000      	NOP
0x05B6	0x0000      	NOP
;T_RTC_1.c,12 :: 		I2C1_Init(100000);
0x05B8	0x0E32      	MOVLW       50
0x05BA	0x6EC8      	MOVWF       SSPADD 
0x05BC	0xDEB3      	RCALL       _I2C1_Init
;T_RTC_1.c,14 :: 		while(1){
L_main20:
;T_RTC_1.c,15 :: 		segundos   = Leer(0xD0,0);
0x05BE	0x0ED0      	MOVLW       208
0x05C0	0x6F71      	MOVWF       FARG_Leer_direccion_esclavo, 1
0x05C2	0x6B72      	CLRF        FARG_Leer_direccion_memoria, 1
0x05C4	0xDFC6      	RCALL       _Leer
0x05C6	0xF067C000  	MOVFF       R0, main_segundos_L0
0x05CA	0xF068C001  	MOVFF       R1, main_segundos_L0+1
;T_RTC_1.c,16 :: 		minutos    = Leer(0xD0,1);
0x05CE	0x0ED0      	MOVLW       208
0x05D0	0x6F71      	MOVWF       FARG_Leer_direccion_esclavo, 1
0x05D2	0x0E01      	MOVLW       1
0x05D4	0x6F72      	MOVWF       FARG_Leer_direccion_memoria, 1
0x05D6	0xDFBD      	RCALL       _Leer
0x05D8	0xF065C000  	MOVFF       R0, main_minutos_L0
0x05DC	0xF066C001  	MOVFF       R1, main_minutos_L0+1
;T_RTC_1.c,17 :: 		hora       = Leer(0xD0,2);
0x05E0	0x0ED0      	MOVLW       208
0x05E2	0x6F71      	MOVWF       FARG_Leer_direccion_esclavo, 1
0x05E4	0x0E02      	MOVLW       2
0x05E6	0x6F72      	MOVWF       FARG_Leer_direccion_memoria, 1
0x05E8	0xDFB4      	RCALL       _Leer
0x05EA	0xF05EC000  	MOVFF       R0, main_hora_L0
0x05EE	0xF05FC001  	MOVFF       R1, main_hora_L0+1
;T_RTC_1.c,18 :: 		dia_semana = Leer(0xD0,3);
0x05F2	0x0ED0      	MOVLW       208
0x05F4	0x6F71      	MOVWF       FARG_Leer_direccion_esclavo, 1
0x05F6	0x0E03      	MOVLW       3
0x05F8	0x6F72      	MOVWF       FARG_Leer_direccion_memoria, 1
0x05FA	0xDFAB      	RCALL       _Leer
0x05FC	0xF06FC000  	MOVFF       R0, main_dia_semana_L0
0x0600	0xF070C001  	MOVFF       R1, main_dia_semana_L0+1
;T_RTC_1.c,19 :: 		dia        = Leer(0xD0,4);
0x0604	0x0ED0      	MOVLW       208
0x0606	0x6F71      	MOVWF       FARG_Leer_direccion_esclavo, 1
0x0608	0x0E04      	MOVLW       4
0x060A	0x6F72      	MOVWF       FARG_Leer_direccion_memoria, 1
0x060C	0xDFA2      	RCALL       _Leer
0x060E	0xF069C000  	MOVFF       R0, main_dia_L0
0x0612	0xF06AC001  	MOVFF       R1, main_dia_L0+1
;T_RTC_1.c,20 :: 		mes        = Leer(0xD0,5);
0x0616	0x0ED0      	MOVLW       208
0x0618	0x6F71      	MOVWF       FARG_Leer_direccion_esclavo, 1
0x061A	0x0E05      	MOVLW       5
0x061C	0x6F72      	MOVWF       FARG_Leer_direccion_memoria, 1
0x061E	0xDF99      	RCALL       _Leer
0x0620	0xF06BC000  	MOVFF       R0, main_mes_L0
0x0624	0xF06CC001  	MOVFF       R1, main_mes_L0+1
;T_RTC_1.c,21 :: 		ano        = Leer(0xD0,6);
0x0628	0x0ED0      	MOVLW       208
0x062A	0x6F71      	MOVWF       FARG_Leer_direccion_esclavo, 1
0x062C	0x0E06      	MOVLW       6
0x062E	0x6F72      	MOVWF       FARG_Leer_direccion_memoria, 1
0x0630	0xDF90      	RCALL       _Leer
0x0632	0xF06DC000  	MOVFF       R0, main_ano_L0
0x0636	0xF06EC001  	MOVFF       R1, main_ano_L0+1
;T_RTC_1.c,23 :: 		segundos   = Bcd2Dec(segundos);
0x063A	0xF060C067  	MOVFF       main_segundos_L0, FARG_Bcd2Dec_bcdnum
0x063E	0xDEAE      	RCALL       _Bcd2Dec
0x0640	0xF067C000  	MOVFF       R0, main_segundos_L0
0x0644	0x0E00      	MOVLW       0
0x0646	0x6F68      	MOVWF       main_segundos_L0+1, 1
;T_RTC_1.c,24 :: 		minutos    = Bcd2Dec(minutos);
0x0648	0xF060C065  	MOVFF       main_minutos_L0, FARG_Bcd2Dec_bcdnum
0x064C	0xDEA7      	RCALL       _Bcd2Dec
0x064E	0xF065C000  	MOVFF       R0, main_minutos_L0
0x0652	0x0E00      	MOVLW       0
0x0654	0x6F66      	MOVWF       main_minutos_L0+1, 1
;T_RTC_1.c,25 :: 		hora       = Bcd2Dec(hora);
0x0656	0xF060C05E  	MOVFF       main_hora_L0, FARG_Bcd2Dec_bcdnum
0x065A	0xDEA0      	RCALL       _Bcd2Dec
0x065C	0xF05EC000  	MOVFF       R0, main_hora_L0
0x0660	0x0E00      	MOVLW       0
0x0662	0x6E5F      	MOVWF       main_hora_L0+1 
;T_RTC_1.c,26 :: 		dia_semana = Bcd2Dec(dia_semana);
0x0664	0xF060C06F  	MOVFF       main_dia_semana_L0, FARG_Bcd2Dec_bcdnum
0x0668	0xDE99      	RCALL       _Bcd2Dec
0x066A	0xF06FC000  	MOVFF       R0, main_dia_semana_L0
0x066E	0x0E00      	MOVLW       0
0x0670	0x6F70      	MOVWF       main_dia_semana_L0+1, 1
;T_RTC_1.c,27 :: 		dia        = Bcd2Dec(dia);
0x0672	0xF060C069  	MOVFF       main_dia_L0, FARG_Bcd2Dec_bcdnum
0x0676	0xDE92      	RCALL       _Bcd2Dec
0x0678	0xF069C000  	MOVFF       R0, main_dia_L0
0x067C	0x0E00      	MOVLW       0
0x067E	0x6F6A      	MOVWF       main_dia_L0+1, 1
;T_RTC_1.c,28 :: 		mes        = Bcd2Dec(mes);
0x0680	0xF060C06B  	MOVFF       main_mes_L0, FARG_Bcd2Dec_bcdnum
0x0684	0xDE8B      	RCALL       _Bcd2Dec
0x0686	0xF06BC000  	MOVFF       R0, main_mes_L0
0x068A	0x0E00      	MOVLW       0
0x068C	0x6F6C      	MOVWF       main_mes_L0+1, 1
;T_RTC_1.c,29 :: 		ano        = Bcd2Dec(ano);
0x068E	0xF060C06D  	MOVFF       main_ano_L0, FARG_Bcd2Dec_bcdnum
0x0692	0xDE84      	RCALL       _Bcd2Dec
0x0694	0xF06DC000  	MOVFF       R0, main_ano_L0
0x0698	0x0E00      	MOVLW       0
0x069A	0x6F6E      	MOVWF       main_ano_L0+1, 1
;T_RTC_1.c,33 :: 		UART1_Write_Text("HORA: ");
0x069C	0x0E1F      	MOVLW       ?lstr1_T_RTC_1
0x069E	0x6F71      	MOVWF       FARG_UART1_Write_Text_uart_text, 1
0x06A0	0x0E00      	MOVLW       hi_addr(?lstr1_T_RTC_1)
0x06A2	0x6F72      	MOVWF       FARG_UART1_Write_Text_uart_text+1, 1
0x06A4	0xDED9      	RCALL       _UART1_Write_Text
;T_RTC_1.c,35 :: 		UART1_Write( (hora/10) + 48 );
0x06A6	0x0E0A      	MOVLW       10
0x06A8	0x6E04      	MOVWF       R4 
0x06AA	0x0E00      	MOVLW       0
0x06AC	0x6E05      	MOVWF       R5 
0x06AE	0xF000C05E  	MOVFF       main_hora_L0, R0
0x06B2	0xF001C05F  	MOVFF       main_hora_L0+1, R1
0x06B6	0xDEEA      	RCALL       _Div_16x16_S
0x06B8	0x0E30      	MOVLW       48
0x06BA	0x2400      	ADDWF       R0, 0 
0x06BC	0x0100      	MOVLB       0
0x06BE	0x6F7B      	MOVWF       FARG_UART1_Write_data_, 1
0x06C0	0xDCAD      	RCALL       _UART1_Write
;T_RTC_1.c,36 :: 		UART1_Write( (hora%10) + 48 );
0x06C2	0x0E0A      	MOVLW       10
0x06C4	0x6E04      	MOVWF       R4 
0x06C6	0x0E00      	MOVLW       0
0x06C8	0x6E05      	MOVWF       R5 
0x06CA	0xF000C05E  	MOVFF       main_hora_L0, R0
0x06CE	0xF001C05F  	MOVFF       main_hora_L0+1, R1
0x06D2	0xDEDC      	RCALL       _Div_16x16_S
0x06D4	0xF000C008  	MOVFF       R8, R0
0x06D8	0xF001C009  	MOVFF       R9, R1
0x06DC	0x0E30      	MOVLW       48
0x06DE	0x2400      	ADDWF       R0, 0 
0x06E0	0x0100      	MOVLB       0
0x06E2	0x6F7B      	MOVWF       FARG_UART1_Write_data_, 1
0x06E4	0xDC9B      	RCALL       _UART1_Write
;T_RTC_1.c,37 :: 		UART1_Write( ':' );
0x06E6	0x0E3A      	MOVLW       58
0x06E8	0x0100      	MOVLB       0
0x06EA	0x6F7B      	MOVWF       FARG_UART1_Write_data_, 1
0x06EC	0xDC97      	RCALL       _UART1_Write
;T_RTC_1.c,38 :: 		UART1_Write( (minutos/10) + 48 );
0x06EE	0x0E0A      	MOVLW       10
0x06F0	0x6E04      	MOVWF       R4 
0x06F2	0x0E00      	MOVLW       0
0x06F4	0x6E05      	MOVWF       R5 
0x06F6	0xF000C065  	MOVFF       main_minutos_L0, R0
0x06FA	0xF001C066  	MOVFF       main_minutos_L0+1, R1
0x06FE	0xDEC6      	RCALL       _Div_16x16_S
0x0700	0x0E30      	MOVLW       48
0x0702	0x2400      	ADDWF       R0, 0 
0x0704	0x0100      	MOVLB       0
0x0706	0x6F7B      	MOVWF       FARG_UART1_Write_data_, 1
0x0708	0xDC89      	RCALL       _UART1_Write
;T_RTC_1.c,39 :: 		UART1_Write( (minutos%10) + 48 );
0x070A	0x0E0A      	MOVLW       10
0x070C	0x6E04      	MOVWF       R4 
0x070E	0x0E00      	MOVLW       0
0x0710	0x6E05      	MOVWF       R5 
0x0712	0xF000C065  	MOVFF       main_minutos_L0, R0
0x0716	0xF001C066  	MOVFF       main_minutos_L0+1, R1
0x071A	0xDEB8      	RCALL       _Div_16x16_S
0x071C	0xF000C008  	MOVFF       R8, R0
0x0720	0xF001C009  	MOVFF       R9, R1
0x0724	0x0E30      	MOVLW       48
0x0726	0x2400      	ADDWF       R0, 0 
0x0728	0x0100      	MOVLB       0
0x072A	0x6F7B      	MOVWF       FARG_UART1_Write_data_, 1
0x072C	0xDC77      	RCALL       _UART1_Write
;T_RTC_1.c,40 :: 		UART1_Write( ':' );
0x072E	0x0E3A      	MOVLW       58
0x0730	0x0100      	MOVLB       0
0x0732	0x6F7B      	MOVWF       FARG_UART1_Write_data_, 1
0x0734	0xDC73      	RCALL       _UART1_Write
;T_RTC_1.c,41 :: 		UART1_Write( (segundos/10) + 48 );
0x0736	0x0E0A      	MOVLW       10
0x0738	0x6E04      	MOVWF       R4 
0x073A	0x0E00      	MOVLW       0
0x073C	0x6E05      	MOVWF       R5 
0x073E	0xF000C067  	MOVFF       main_segundos_L0, R0
0x0742	0xF001C068  	MOVFF       main_segundos_L0+1, R1
0x0746	0xDEA2      	RCALL       _Div_16x16_S
0x0748	0x0E30      	MOVLW       48
0x074A	0x2400      	ADDWF       R0, 0 
0x074C	0x0100      	MOVLB       0
0x074E	0x6F7B      	MOVWF       FARG_UART1_Write_data_, 1
0x0750	0xDC65      	RCALL       _UART1_Write
;T_RTC_1.c,42 :: 		UART1_Write( (segundos%10) + 48 );
0x0752	0x0E0A      	MOVLW       10
0x0754	0x6E04      	MOVWF       R4 
0x0756	0x0E00      	MOVLW       0
0x0758	0x6E05      	MOVWF       R5 
0x075A	0xF000C067  	MOVFF       main_segundos_L0, R0
0x075E	0xF001C068  	MOVFF       main_segundos_L0+1, R1
0x0762	0xDE94      	RCALL       _Div_16x16_S
0x0764	0xF000C008  	MOVFF       R8, R0
0x0768	0xF001C009  	MOVFF       R9, R1
0x076C	0x0E30      	MOVLW       48
0x076E	0x2400      	ADDWF       R0, 0 
0x0770	0x0100      	MOVLB       0
0x0772	0x6F7B      	MOVWF       FARG_UART1_Write_data_, 1
0x0774	0xDC53      	RCALL       _UART1_Write
;T_RTC_1.c,44 :: 		UART1_Write_Text("     ");
0x0776	0x0E19      	MOVLW       ?lstr2_T_RTC_1
0x0778	0x0100      	MOVLB       0
0x077A	0x6F71      	MOVWF       FARG_UART1_Write_Text_uart_text, 1
0x077C	0x0E00      	MOVLW       hi_addr(?lstr2_T_RTC_1)
0x077E	0x6F72      	MOVWF       FARG_UART1_Write_Text_uart_text+1, 1
0x0780	0xDE6B      	RCALL       _UART1_Write_Text
;T_RTC_1.c,45 :: 		UART1_Write_Text("Fecha: ");
0x0782	0x0E2E      	MOVLW       ?lstr3_T_RTC_1
0x0784	0x6F71      	MOVWF       FARG_UART1_Write_Text_uart_text, 1
0x0786	0x0E00      	MOVLW       hi_addr(?lstr3_T_RTC_1)
0x0788	0x6F72      	MOVWF       FARG_UART1_Write_Text_uart_text+1, 1
0x078A	0xDE66      	RCALL       _UART1_Write_Text
;T_RTC_1.c,46 :: 		UART1_Write( (dia/10) + 48 );
0x078C	0x0E0A      	MOVLW       10
0x078E	0x6E04      	MOVWF       R4 
0x0790	0x0E00      	MOVLW       0
0x0792	0x6E05      	MOVWF       R5 
0x0794	0xF000C069  	MOVFF       main_dia_L0, R0
0x0798	0xF001C06A  	MOVFF       main_dia_L0+1, R1
0x079C	0xDE77      	RCALL       _Div_16x16_S
0x079E	0x0E30      	MOVLW       48
0x07A0	0x2400      	ADDWF       R0, 0 
0x07A2	0x0100      	MOVLB       0
0x07A4	0x6F7B      	MOVWF       FARG_UART1_Write_data_, 1
0x07A6	0xDC3A      	RCALL       _UART1_Write
;T_RTC_1.c,47 :: 		UART1_Write( (dia%10) + 48 );
0x07A8	0x0E0A      	MOVLW       10
0x07AA	0x6E04      	MOVWF       R4 
0x07AC	0x0E00      	MOVLW       0
0x07AE	0x6E05      	MOVWF       R5 
0x07B0	0xF000C069  	MOVFF       main_dia_L0, R0
0x07B4	0xF001C06A  	MOVFF       main_dia_L0+1, R1
0x07B8	0xDE69      	RCALL       _Div_16x16_S
0x07BA	0xF000C008  	MOVFF       R8, R0
0x07BE	0xF001C009  	MOVFF       R9, R1
0x07C2	0x0E30      	MOVLW       48
0x07C4	0x2400      	ADDWF       R0, 0 
0x07C6	0x0100      	MOVLB       0
0x07C8	0x6F7B      	MOVWF       FARG_UART1_Write_data_, 1
0x07CA	0xDC28      	RCALL       _UART1_Write
;T_RTC_1.c,48 :: 		UART1_Write( '-' );
0x07CC	0x0E2D      	MOVLW       45
0x07CE	0x0100      	MOVLB       0
0x07D0	0x6F7B      	MOVWF       FARG_UART1_Write_data_, 1
0x07D2	0xDC24      	RCALL       _UART1_Write
;T_RTC_1.c,49 :: 		UART1_Write( (mes/10) + 48 );
0x07D4	0x0E0A      	MOVLW       10
0x07D6	0x6E04      	MOVWF       R4 
0x07D8	0x0E00      	MOVLW       0
0x07DA	0x6E05      	MOVWF       R5 
0x07DC	0xF000C06B  	MOVFF       main_mes_L0, R0
0x07E0	0xF001C06C  	MOVFF       main_mes_L0+1, R1
0x07E4	0xDE53      	RCALL       _Div_16x16_S
0x07E6	0x0E30      	MOVLW       48
0x07E8	0x2400      	ADDWF       R0, 0 
0x07EA	0x0100      	MOVLB       0
0x07EC	0x6F7B      	MOVWF       FARG_UART1_Write_data_, 1
0x07EE	0xDC16      	RCALL       _UART1_Write
;T_RTC_1.c,50 :: 		UART1_Write( (mes%10) + 48 );
0x07F0	0x0E0A      	MOVLW       10
0x07F2	0x6E04      	MOVWF       R4 
0x07F4	0x0E00      	MOVLW       0
0x07F6	0x6E05      	MOVWF       R5 
0x07F8	0xF000C06B  	MOVFF       main_mes_L0, R0
0x07FC	0xF001C06C  	MOVFF       main_mes_L0+1, R1
0x0800	0xDE45      	RCALL       _Div_16x16_S
0x0802	0xF000C008  	MOVFF       R8, R0
0x0806	0xF001C009  	MOVFF       R9, R1
0x080A	0x0E30      	MOVLW       48
0x080C	0x2400      	ADDWF       R0, 0 
0x080E	0x0100      	MOVLB       0
0x0810	0x6F7B      	MOVWF       FARG_UART1_Write_data_, 1
0x0812	0xDC04      	RCALL       _UART1_Write
;T_RTC_1.c,51 :: 		UART1_Write( '-' );
0x0814	0x0E2D      	MOVLW       45
0x0816	0x0100      	MOVLB       0
0x0818	0x6F7B      	MOVWF       FARG_UART1_Write_data_, 1
0x081A	0xDC00      	RCALL       _UART1_Write
;T_RTC_1.c,52 :: 		UART1_Write( (ano/10) + 48 );
0x081C	0x0E0A      	MOVLW       10
0x081E	0x6E04      	MOVWF       R4 
0x0820	0x0E00      	MOVLW       0
0x0822	0x6E05      	MOVWF       R5 
0x0824	0xF000C06D  	MOVFF       main_ano_L0, R0
0x0828	0xF001C06E  	MOVFF       main_ano_L0+1, R1
0x082C	0xDE2F      	RCALL       _Div_16x16_S
0x082E	0x0E30      	MOVLW       48
0x0830	0x2400      	ADDWF       R0, 0 
0x0832	0x0100      	MOVLB       0
0x0834	0x6F7B      	MOVWF       FARG_UART1_Write_data_, 1
0x0836	0xF000EC0E  	CALL        _UART1_Write, 0
;T_RTC_1.c,53 :: 		UART1_Write( (ano%10) + 48 );
0x083A	0x0E0A      	MOVLW       10
0x083C	0x6E04      	MOVWF       R4 
0x083E	0x0E00      	MOVLW       0
0x0840	0x6E05      	MOVWF       R5 
0x0842	0xF000C06D  	MOVFF       main_ano_L0, R0
0x0846	0xF001C06E  	MOVFF       main_ano_L0+1, R1
0x084A	0xDE20      	RCALL       _Div_16x16_S
0x084C	0xF000C008  	MOVFF       R8, R0
0x0850	0xF001C009  	MOVFF       R9, R1
0x0854	0x0E30      	MOVLW       48
0x0856	0x2400      	ADDWF       R0, 0 
0x0858	0x0100      	MOVLB       0
0x085A	0x6F7B      	MOVWF       FARG_UART1_Write_data_, 1
0x085C	0xF000EC0E  	CALL        _UART1_Write, 0
;T_RTC_1.c,54 :: 		UART1_Write_Text("\r\n   \r\n");
0x0860	0x0E26      	MOVLW       ?lstr4_T_RTC_1
0x0862	0x0100      	MOVLB       0
0x0864	0x6F71      	MOVWF       FARG_UART1_Write_Text_uart_text, 1
0x0866	0x0E00      	MOVLW       hi_addr(?lstr4_T_RTC_1)
0x0868	0x6F72      	MOVWF       FARG_UART1_Write_Text_uart_text+1, 1
0x086A	0xDDF6      	RCALL       _UART1_Write_Text
;T_RTC_1.c,55 :: 		delay_ms(1000);
0x086C	0x0E1A      	MOVLW       26
0x086E	0x6E0B      	MOVWF       R11, 0
0x0870	0x0E5E      	MOVLW       94
0x0872	0x6E0C      	MOVWF       R12, 0
0x0874	0x0E6E      	MOVLW       110
0x0876	0x6E0D      	MOVWF       R13, 0
L_main22:
0x0878	0x2E0D      	DECFSZ      R13, 1, 0
0x087A	0xD7FE      	BRA         L_main22
0x087C	0x2E0C      	DECFSZ      R12, 1, 0
0x087E	0xD7FC      	BRA         L_main22
0x0880	0x2E0B      	DECFSZ      R11, 1, 0
0x0882	0xD7FA      	BRA         L_main22
0x0884	0x0000      	NOP
;T_RTC_1.c,57 :: 		}
0x0886	0xD69B      	BRA         L_main20
;T_RTC_1.c,58 :: 		}
L_end_main:
0x0888	0xD7FF      	BRA         $+0
; end of _main
0x08AC	0xF015EE10  	LFSR        1, 21
0x08B0	0x0E21      	MOVLW       33
0x08B2	0x6E00      	MOVWF       R0 
0x08B4	0x0E01      	MOVLW       1
0x08B6	0x6E01      	MOVWF       R1 
0x08B8	0x0E8A      	MOVLW       138
0x08BA	0x6EF6      	MOVWF       4086 
0x08BC	0x0E08      	MOVLW       8
0x08BE	0x6EF7      	MOVWF       TBLPTRH 
0x08C0	0x0E00      	MOVLW       0
0x08C2	0x6EF8      	MOVWF       TBLPTRU 
0x08C4	0xF001ECF9  	CALL        1010, 0
0x08C8	0x0012      	RETURN      0
;__Lib_I2C_b10.c,0 :: ?ICS__Lib_I2C_b10__I2C1_TIMEOUT
0x088A	0x0000 ;?ICS__Lib_I2C_b10__I2C1_TIMEOUT+0
0x088C	0x0000 ;?ICS__Lib_I2C_b10__I2C1_TIMEOUT+2
; end of ?ICS__Lib_I2C_b10__I2C1_TIMEOUT
;T_RTC_1.c,0 :: ?ICS?lstr2_T_RTC_1
0x088E	0x2020 ;?ICS?lstr2_T_RTC_1+0
0x0890	0x2020 ;?ICS?lstr2_T_RTC_1+2
0x0892	0x0020 ;?ICS?lstr2_T_RTC_1+4
; end of ?ICS?lstr2_T_RTC_1
;T_RTC_1.c,0 :: ?ICS?lstr1_T_RTC_1
0x0894	0x4F48 ;?ICS?lstr1_T_RTC_1+0
0x0896	0x4152 ;?ICS?lstr1_T_RTC_1+2
0x0898	0x203A ;?ICS?lstr1_T_RTC_1+4
0x089A	0x00 ;?ICS?lstr1_T_RTC_1+6
; end of ?ICS?lstr1_T_RTC_1
;T_RTC_1.c,0 :: ?ICS?lstr4_T_RTC_1
0x089B	0x0A0D ;?ICS?lstr4_T_RTC_1+0
0x089D	0x2020 ;?ICS?lstr4_T_RTC_1+2
0x089F	0x0D20 ;?ICS?lstr4_T_RTC_1+4
0x08A1	0x000A ;?ICS?lstr4_T_RTC_1+6
; end of ?ICS?lstr4_T_RTC_1
;T_RTC_1.c,0 :: ?ICS?lstr3_T_RTC_1
0x08A3	0x6546 ;?ICS?lstr3_T_RTC_1+0
0x08A5	0x6863 ;?ICS?lstr3_T_RTC_1+2
0x08A7	0x3A61 ;?ICS?lstr3_T_RTC_1+4
0x08A9	0x0020 ;?ICS?lstr3_T_RTC_1+6
; end of ?ICS?lstr3_T_RTC_1
Symbol List:
//** Routines locations **
//ADDRESS    SIZE    PROCEDURE
//----------------------------------------------
0x001C      [14]    _UART1_Write
0x002A      [24]    _____DoIFC
0x0042      [26]    _I2C1_Is_Idle
0x005C     [144]    _I2C1_Start
0x00EC      [88]    _Div_16x16_S_L
0x0144     [194]    _I2C1_Wr
0x0206     [196]    _I2C1_Rd
0x02CA       [4]    _I2C1_Stop
0x02CE      [86]    _I2C1_Repeated_Start
0x0324     [120]    _I2C1_Init
0x039C      [42]    _Bcd2Dec
0x03C6      [44]    _th02Init
0x03F2      [16]    ___CC2DW
0x0402      [86]    _UART1_Init
0x0458      [52]    _UART1_Write_Text
0x048C     [198]    _Div_16x16_S
0x0552      [54]    _Leer
0x0588     [770]    _main
//** Variables locations ** 
//ADDRESS    SIZE    VARIABLE
//----------------------------------------------
0x0000       [1]    UART1_Init_tmp_L0
0x0000       [1]    R0
0x0001       [1]    UART1_Read___tmp_UART1_Read_L0
0x0001       [1]    R1
0x0002       [2]    memcpy_dd_L0
0x0002       [2]    memset_pp_L0
0x0002       [1]    R2
0x0002       [2]    strlen_cp_L0
0x0002       [2]    memchr_s_L0
0x0003       [2]    Ltrim_original_L0
0x0003       [2]    memmove_tt_L0
0x0003       [1]    R3
0x0004       [2]    memcpy_ss_L0
0x0004       [1]    R4
0x0004       [2]    strncpy_cp_L0
0x0004       [2]    strcat_cp_L0
0x0004       [2]    strcpy_cp_L0
0x0004       [2]    strncat_cp_L0
0x0005       [2]    memmove_ff_L0
0x0005       [2]    Ltrim_p_L0
0x0005       [1]    R5
0x0005       [2]    LongIntToHex_input_half_L0
0x0005       [2]    LongWordToHex_input_half_L0
0x0006       [1]    R6
0x0007       [1]    R7
0x0008       [1]    R8
0x0009       [1]    R9
0x000A       [1]    R10
0x000B       [1]    R11
0x000C       [1]    R12
0x000D       [1]    R13
0x000E       [1]    R14
0x000F       [1]    R15
0x0010       [1]    R16
0x0011       [1]    R17
0x0012       [1]    R18
0x0013       [1]    R19
0x0014       [1]    R20
0x0015       [4]    __Lib_I2C_b10__I2C1_TIMEOUT
0x0019       [6]    ?lstr2_T_RTC_1
0x001F       [7]    ?lstr1_T_RTC_1
0x0026       [8]    ?lstr4_T_RTC_1
0x002E       [8]    ?lstr3_T_RTC_1
0x0036       [4]    _I2C1_Timeout_Ptr
0x003A       [4]    _I2C_Start_Ptr
0x003E       [4]    _I2C_Is_Idle_Ptr
0x0042       [4]    _UART_Rd_Ptr
0x0046       [4]    _UART_Wr_Ptr
0x004A       [4]    _UART_Tx_Idle_Ptr
0x004E       [4]    _UART_Rdy_Ptr
0x0052       [4]    _I2C_Read_Ptr
0x0056       [4]    _I2C_Restart_Ptr
0x005A       [4]    _I2C_Stop_Ptr
0x005E       [2]    main_hora_L0
0x0060       [1]    UART1_Write_Text_data__L0
0x0060       [1]    FARG_Bcd2Dec_bcdnum
0x0061       [4]    _I2C_Write_Ptr
0x0065       [2]    main_minutos_L0
0x0067       [2]    main_segundos_L0
0x0069       [2]    main_dia_L0
0x006B       [2]    main_mes_L0
0x006D       [2]    main_ano_L0
0x006F       [2]    main_dia_semana_L0
0x0071       [1]    FARG_Leer_direccion_esclavo
0x0071       [2]    FARG_UART1_Write_Text_uart_text
0x0072       [1]    FARG_Leer_direccion_memoria
0x0073       [1]    UART1_Write_Text_counter_L0
0x0073       [2]    Leer_valor_L0
0x0075       [4]    I2C1_Repeated_Start_timeout_L0
0x0075       [1]    FARG_I2C1_Wr_data_
0x0075       [2]    I2C1_Start_j_L0
0x0075       [4]    FARG_I2C1_Init_clock
0x0075       [1]    FARG_I2C1_Rd_ack
0x0076       [1]    I2C1_Rd_tmp_L0
0x0076       [4]    I2C1_Wr_timeout_L0
0x0077       [4]    I2C1_Start_timeout_L0
0x0077       [4]    I2C1_Rd_timeout_L0
0x007B       [1]    FARG_UART1_Write_data_
0x0F81       [1]    PORTB
0x0F8A       [0]    LATB0_bit
0x0F8A       [0]    LATB1_bit
0x0F93       [0]    TRISB1_bit
0x0F93       [0]    TRISB0_bit
0x0F94       [0]    TRISC7_bit
0x0F94       [0]    TRISC6_bit
0x0F9E       [1]    PIR1
0x0FAB       [1]    RCSTA
0x0FAC       [1]    TXSTA
0x0FAD       [1]    TXREG
0x0FAE       [1]    RCREG
0x0FAF       [1]    SPBRG
0x0FB0       [1]    SPBRGH
0x0FB8       [1]    BAUDCON
0x0FC1       [1]    ADCON1
0x0FC5       [1]    SSPCON2
0x0FC6       [1]    SSPCON1
0x0FC7       [1]    SSPSTAT
0x0FC8       [1]    SSPADD
0x0FC9       [1]    SSPBUF
0x0FD8       [1]    STATUS
0x0FD9       [1]    FSR2L
0x0FDA       [1]    FSR2H
0x0FDE       [1]    POSTINC2
0x0FE0       [1]    BSR
0x0FE1       [1]    FSR1L
0x0FE1       [2]    FSR1
0x0FE2       [1]    FSR1H
0x0FE4       [1]    PREINC1
0x0FE6       [1]    POSTINC1
0x0FE7       [1]    INDF1
0x0FE8       [1]    WREG
0x0FE9       [1]    FSR0L
0x0FEA       [1]    FSR0H
0x0FEE       [1]    POSTINC0
0x0FF1       [1]    INTCON2
0x0FF2       [1]    INTCON
0x0FF3       [1]    PRODL
0x0FF4       [1]    PRODH
0x0FF5       [1]    TABLAT
0x0FF6       [1]    TBLPTRL
0x0FF7       [1]    TBLPTRH
0x0FF8       [1]    TBLPTRU
0x0FFD       [1]    TOSL
0x0FFE       [1]    TOSH
0x0FFF       [1]    TOSU
//** Constants locations ** 
//ADDRESS    SIZE    CONSTANT
//----------------------------------------------
0x088A       [4]    ?ICS__Lib_I2C_b10__I2C1_TIMEOUT
0x088E       [6]    ?ICS?lstr2_T_RTC_1
0x0894       [7]    ?ICS?lstr1_T_RTC_1
0x089B       [8]    ?ICS?lstr4_T_RTC_1
0x08A3       [8]    ?ICS?lstr3_T_RTC_1
